CRITICAL - 2023-04-25 18:19:39 --> Toolbar collector does not exist (Config\Views). Please check $collectors in the app/Config/Toolbar.php file.
INFO - 2023-04-25 18:19:40 --> Session: Class initialized using 'CodeIgniter\Session\Handlers\FileHandler' driver.
CRITICAL - 2023-04-25 18:19:40 --> Toolbar collector does not exist (Config\Views). Please check $collectors in the app/Config/Toolbar.php file.
INFO - 2023-04-25 18:19:40 --> Session: Class initialized using 'CodeIgniter\Session\Handlers\FileHandler' driver.
CRITICAL - 2023-04-25 18:19:41 --> Toolbar collector does not exist (Config\Views). Please check $collectors in the app/Config/Toolbar.php file.
CRITICAL - 2023-04-25 18:19:41 --> Toolbar collector does not exist (Config\Views). Please check $collectors in the app/Config/Toolbar.php file.
CRITICAL - 2023-04-25 18:19:41 --> Toolbar collector does not exist (Config\Views). Please check $collectors in the app/Config/Toolbar.php file.
CRITICAL - 2023-04-25 18:19:42 --> Toolbar collector does not exist (Config\Views). Please check $collectors in the app/Config/Toolbar.php file.
INFO - 2023-04-25 18:19:42 --> Session: Class initialized using 'CodeIgniter\Session\Handlers\FileHandler' driver.
CRITICAL - 2023-04-25 18:19:47 --> Toolbar collector does not exist (Config\Views). Please check $collectors in the app/Config/Toolbar.php file.
INFO - 2023-04-25 18:19:47 --> Session: Class initialized using 'CodeIgniter\Session\Handlers\FileHandler' driver.
ERROR - 2023-04-25 18:19:51 --> Error connecting to the database: mysqli_sql_exception: No connection could be made because the target machine actively refused it in D:\Webdev\work\erroeerrorr\race\system\Database\MySQLi\Connection.php:174
Stack trace:
#0 D:\Webdev\work\erroeerrorr\race\system\Database\MySQLi\Connection.php(174): mysqli->real_connect('localhost', 'root', '', 'edga_race', 3306, '', 0)
#1 D:\Webdev\work\erroeerrorr\race\system\Database\BaseConnection.php(391): CodeIgniter\Database\MySQLi\Connection->connect(false)
#2 D:\Webdev\work\erroeerrorr\race\system\Database\BaseConnection.php(573): CodeIgniter\Database\BaseConnection->initialize()
#3 D:\Webdev\work\erroeerrorr\race\system\Database\BaseBuilder.php(1616): CodeIgniter\Database\BaseConnection->query('SELECT *\nFROM `...', Array, false)
#4 D:\Webdev\work\erroeerrorr\race\system\Model.php(268): CodeIgniter\Database\BaseBuilder->get()
#5 D:\Webdev\work\erroeerrorr\race\system\BaseModel.php(656): CodeIgniter\Model->doFirst()
#6 D:\Webdev\work\erroeerrorr\race\app\Controllers\Home.php(33): CodeIgniter\BaseModel->first()
#7 D:\Webdev\work\erroeerrorr\race\system\CodeIgniter.php(934): App\Controllers\Home->login()
#8 D:\Webdev\work\erroeerrorr\race\system\CodeIgniter.php(499): CodeIgniter\CodeIgniter->runController(Object(App\Controllers\Home))
#9 D:\Webdev\work\erroeerrorr\race\system\CodeIgniter.php(368): CodeIgniter\CodeIgniter->handleRequest(NULL, Object(Config\Cache), false)
#10 D:\Webdev\work\erroeerrorr\race\public\index.php(68): CodeIgniter\CodeIgniter->run()
#11 D:\Webdev\work\erroeerrorr\race\system\Commands\Server\rewrite.php(47): require_once('D:\\Webdev\\work\\...')
#12 {main}

Next CodeIgniter\Database\Exceptions\DatabaseException: No connection could be made because the target machine actively refused it in D:\Webdev\work\erroeerrorr\race\system\Database\MySQLi\Connection.php:218
Stack trace:
#0 D:\Webdev\work\erroeerrorr\race\system\Database\BaseConnection.php(391): CodeIgniter\Database\MySQLi\Connection->connect(false)
#1 D:\Webdev\work\erroeerrorr\race\system\Database\BaseConnection.php(573): CodeIgniter\Database\BaseConnection->initialize()
#2 D:\Webdev\work\erroeerrorr\race\system\Database\BaseBuilder.php(1616): CodeIgniter\Database\BaseConnection->query('SELECT *\nFROM `...', Array, false)
#3 D:\Webdev\work\erroeerrorr\race\system\Model.php(268): CodeIgniter\Database\BaseBuilder->get()
#4 D:\Webdev\work\erroeerrorr\race\system\BaseModel.php(656): CodeIgniter\Model->doFirst()
#5 D:\Webdev\work\erroeerrorr\race\app\Controllers\Home.php(33): CodeIgniter\BaseModel->first()
#6 D:\Webdev\work\erroeerrorr\race\system\CodeIgniter.php(934): App\Controllers\Home->login()
#7 D:\Webdev\work\erroeerrorr\race\system\CodeIgniter.php(499): CodeIgniter\CodeIgniter->runController(Object(App\Controllers\Home))
#8 D:\Webdev\work\erroeerrorr\race\system\CodeIgniter.php(368): CodeIgniter\CodeIgniter->handleRequest(NULL, Object(Config\Cache), false)
#9 D:\Webdev\work\erroeerrorr\race\public\index.php(68): CodeIgniter\CodeIgniter->run()
#10 D:\Webdev\work\erroeerrorr\race\system\Commands\Server\rewrite.php(47): require_once('D:\\Webdev\\work\\...')
#11 {main}
CRITICAL - 2023-04-25 18:19:51 --> Unable to connect to the database.
Main connection [MySQLi]: No connection could be made because the target machine actively refused it
in SYSTEMPATH\Database\BaseConnection.php on line 427.
 1 SYSTEMPATH\Database\BaseConnection.php(573): CodeIgniter\Database\BaseConnection->initialize()
 2 SYSTEMPATH\Database\BaseBuilder.php(1616): CodeIgniter\Database\BaseConnection->query('SELECT *
FROM `users`
WHERE `email` = :email:
 LIMIT 1', [...], false)
 3 SYSTEMPATH\Model.php(268): CodeIgniter\Database\BaseBuilder->get()
 4 SYSTEMPATH\BaseModel.php(656): CodeIgniter\Model->doFirst()
 5 APPPATH\Controllers\Home.php(33): CodeIgniter\BaseModel->first()
 6 SYSTEMPATH\CodeIgniter.php(934): App\Controllers\Home->login()
 7 SYSTEMPATH\CodeIgniter.php(499): CodeIgniter\CodeIgniter->runController(Object(App\Controllers\Home))
 8 SYSTEMPATH\CodeIgniter.php(368): CodeIgniter\CodeIgniter->handleRequest(null, Object(Config\Cache), false)
 9 FCPATH\index.php(68): CodeIgniter\CodeIgniter->run()
10 SYSTEMPATH\Commands\Server\rewrite.php(47): require_once('FCPATH\\index.php')
CRITICAL - 2023-04-25 18:19:52 --> Toolbar collector does not exist (Config\Views). Please check $collectors in the app/Config/Toolbar.php file.
INFO - 2023-04-25 18:19:52 --> Session: Class initialized using 'CodeIgniter\Session\Handlers\FileHandler' driver.
CRITICAL - 2023-04-25 18:20:09 --> Toolbar collector does not exist (Config\Views). Please check $collectors in the app/Config/Toolbar.php file.
INFO - 2023-04-25 18:20:09 --> Session: Class initialized using 'CodeIgniter\Session\Handlers\FileHandler' driver.
CRITICAL - 2023-04-25 18:20:10 --> Toolbar collector does not exist (Config\Views). Please check $collectors in the app/Config/Toolbar.php file.
INFO - 2023-04-25 18:20:10 --> Session: Class initialized using 'CodeIgniter\Session\Handlers\FileHandler' driver.
CRITICAL - 2023-04-25 18:20:10 --> Toolbar collector does not exist (Config\Views). Please check $collectors in the app/Config/Toolbar.php file.
CRITICAL - 2023-04-25 18:20:10 --> Toolbar collector does not exist (Config\Views). Please check $collectors in the app/Config/Toolbar.php file.
CRITICAL - 2023-04-25 18:20:11 --> Toolbar collector does not exist (Config\Views). Please check $collectors in the app/Config/Toolbar.php file.
CRITICAL - 2023-04-25 18:20:11 --> Toolbar collector does not exist (Config\Views). Please check $collectors in the app/Config/Toolbar.php file.
INFO - 2023-04-25 18:20:11 --> Session: Class initialized using 'CodeIgniter\Session\Handlers\FileHandler' driver.
CRITICAL - 2023-04-25 18:20:24 --> Toolbar collector does not exist (Config\Views). Please check $collectors in the app/Config/Toolbar.php file.
INFO - 2023-04-25 18:20:24 --> Session: Class initialized using 'CodeIgniter\Session\Handlers\FileHandler' driver.
CRITICAL - 2023-04-25 18:20:25 --> Toolbar collector does not exist (Config\Views). Please check $collectors in the app/Config/Toolbar.php file.
CRITICAL - 2023-04-25 18:20:25 --> Toolbar collector does not exist (Config\Views). Please check $collectors in the app/Config/Toolbar.php file.
CRITICAL - 2023-04-25 18:20:25 --> Toolbar collector does not exist (Config\Views). Please check $collectors in the app/Config/Toolbar.php file.
INFO - 2023-04-25 18:20:25 --> Session: Class initialized using 'CodeIgniter\Session\Handlers\FileHandler' driver.
CRITICAL - 2023-04-25 18:20:25 --> Toolbar collector does not exist (Config\Views). Please check $collectors in the app/Config/Toolbar.php file.
CRITICAL - 2023-04-25 18:20:30 --> Toolbar collector does not exist (Config\Views). Please check $collectors in the app/Config/Toolbar.php file.
INFO - 2023-04-25 18:20:30 --> Session: Class initialized using 'CodeIgniter\Session\Handlers\FileHandler' driver.
CRITICAL - 2023-04-25 18:20:30 --> Toolbar collector does not exist (Config\Views). Please check $collectors in the app/Config/Toolbar.php file.
CRITICAL - 2023-04-25 18:20:31 --> Toolbar collector does not exist (Config\Views). Please check $collectors in the app/Config/Toolbar.php file.
CRITICAL - 2023-04-25 18:20:31 --> Toolbar collector does not exist (Config\Views). Please check $collectors in the app/Config/Toolbar.php file.
INFO - 2023-04-25 18:20:31 --> Session: Class initialized using 'CodeIgniter\Session\Handlers\FileHandler' driver.
CRITICAL - 2023-04-25 18:20:36 --> Toolbar collector does not exist (Config\Views). Please check $collectors in the app/Config/Toolbar.php file.
INFO - 2023-04-25 18:20:36 --> Session: Class initialized using 'CodeIgniter\Session\Handlers\FileHandler' driver.
CRITICAL - 2023-04-25 18:20:37 --> Toolbar collector does not exist (Config\Views). Please check $collectors in the app/Config/Toolbar.php file.
INFO - 2023-04-25 18:20:37 --> Session: Class initialized using 'CodeIgniter\Session\Handlers\FileHandler' driver.
CRITICAL - 2023-04-25 18:20:37 --> Toolbar collector does not exist (Config\Views). Please check $collectors in the app/Config/Toolbar.php file.
CRITICAL - 2023-04-25 18:20:37 --> Toolbar collector does not exist (Config\Views). Please check $collectors in the app/Config/Toolbar.php file.
CRITICAL - 2023-04-25 18:20:37 --> Toolbar collector does not exist (Config\Views). Please check $collectors in the app/Config/Toolbar.php file.
INFO - 2023-04-25 18:20:37 --> Session: Class initialized using 'CodeIgniter\Session\Handlers\FileHandler' driver.
CRITICAL - 2023-04-25 18:20:39 --> Toolbar collector does not exist (Config\Views). Please check $collectors in the app/Config/Toolbar.php file.
INFO - 2023-04-25 18:20:39 --> Session: Class initialized using 'CodeIgniter\Session\Handlers\FileHandler' driver.
CRITICAL - 2023-04-25 18:20:40 --> Toolbar collector does not exist (Config\Views). Please check $collectors in the app/Config/Toolbar.php file.
CRITICAL - 2023-04-25 18:20:40 --> Toolbar collector does not exist (Config\Views). Please check $collectors in the app/Config/Toolbar.php file.
CRITICAL - 2023-04-25 18:20:40 --> Toolbar collector does not exist (Config\Views). Please check $collectors in the app/Config/Toolbar.php file.
INFO - 2023-04-25 18:20:40 --> Session: Class initialized using 'CodeIgniter\Session\Handlers\FileHandler' driver.
CRITICAL - 2023-04-25 18:20:42 --> Toolbar collector does not exist (Config\Views). Please check $collectors in the app/Config/Toolbar.php file.
INFO - 2023-04-25 18:20:42 --> Session: Class initialized using 'CodeIgniter\Session\Handlers\FileHandler' driver.
CRITICAL - 2023-04-25 18:20:42 --> Toolbar collector does not exist (Config\Views). Please check $collectors in the app/Config/Toolbar.php file.
CRITICAL - 2023-04-25 18:20:43 --> Toolbar collector does not exist (Config\Views). Please check $collectors in the app/Config/Toolbar.php file.
CRITICAL - 2023-04-25 18:20:43 --> Toolbar collector does not exist (Config\Views). Please check $collectors in the app/Config/Toolbar.php file.
INFO - 2023-04-25 18:20:43 --> Session: Class initialized using 'CodeIgniter\Session\Handlers\FileHandler' driver.
CRITICAL - 2023-04-25 18:20:48 --> Toolbar collector does not exist (Config\Views). Please check $collectors in the app/Config/Toolbar.php file.
INFO - 2023-04-25 18:20:48 --> Session: Class initialized using 'CodeIgniter\Session\Handlers\FileHandler' driver.
CRITICAL - 2023-04-25 18:20:48 --> Toolbar collector does not exist (Config\Views). Please check $collectors in the app/Config/Toolbar.php file.
INFO - 2023-04-25 18:20:48 --> Session: Class initialized using 'CodeIgniter\Session\Handlers\FileHandler' driver.
CRITICAL - 2023-04-25 18:20:48 --> Toolbar collector does not exist (Config\Views). Please check $collectors in the app/Config/Toolbar.php file.
CRITICAL - 2023-04-25 18:20:48 --> Toolbar collector does not exist (Config\Views). Please check $collectors in the app/Config/Toolbar.php file.
CRITICAL - 2023-04-25 18:20:49 --> Toolbar collector does not exist (Config\Views). Please check $collectors in the app/Config/Toolbar.php file.
INFO - 2023-04-25 18:20:49 --> Session: Class initialized using 'CodeIgniter\Session\Handlers\FileHandler' driver.
CRITICAL - 2023-04-25 18:20:50 --> Toolbar collector does not exist (Config\Views). Please check $collectors in the app/Config/Toolbar.php file.
INFO - 2023-04-25 18:20:50 --> Session: Class initialized using 'CodeIgniter\Session\Handlers\FileHandler' driver.
CRITICAL - 2023-04-25 18:20:50 --> Toolbar collector does not exist (Config\Views). Please check $collectors in the app/Config/Toolbar.php file.
CRITICAL - 2023-04-25 18:20:51 --> Toolbar collector does not exist (Config\Views). Please check $collectors in the app/Config/Toolbar.php file.
CRITICAL - 2023-04-25 18:20:51 --> Toolbar collector does not exist (Config\Views). Please check $collectors in the app/Config/Toolbar.php file.
INFO - 2023-04-25 18:20:51 --> Session: Class initialized using 'CodeIgniter\Session\Handlers\FileHandler' driver.
CRITICAL - 2023-04-25 18:30:42 --> Toolbar collector does not exist (Config\Views). Please check $collectors in the app/Config/Toolbar.php file.
INFO - 2023-04-25 18:30:42 --> Session: Class initialized using 'CodeIgniter\Session\Handlers\FileHandler' driver.
CRITICAL - 2023-04-25 18:30:42 --> Toolbar collector does not exist (Config\Views). Please check $collectors in the app/Config/Toolbar.php file.
CRITICAL - 2023-04-25 18:30:43 --> Toolbar collector does not exist (Config\Views). Please check $collectors in the app/Config/Toolbar.php file.
CRITICAL - 2023-04-25 18:30:43 --> Toolbar collector does not exist (Config\Views). Please check $collectors in the app/Config/Toolbar.php file.
CRITICAL - 2023-04-25 18:30:43 --> Toolbar collector does not exist (Config\Views). Please check $collectors in the app/Config/Toolbar.php file.
INFO - 2023-04-25 18:30:43 --> Session: Class initialized using 'CodeIgniter\Session\Handlers\FileHandler' driver.
CRITICAL - 2023-04-25 19:29:47 --> Toolbar collector does not exist (Config\Views). Please check $collectors in the app/Config/Toolbar.php file.
INFO - 2023-04-25 19:29:47 --> Session: Class initialized using 'CodeIgniter\Session\Handlers\FileHandler' driver.
CRITICAL - 2023-04-25 19:29:48 --> Toolbar collector does not exist (Config\Views). Please check $collectors in the app/Config/Toolbar.php file.
CRITICAL - 2023-04-25 19:29:48 --> Toolbar collector does not exist (Config\Views). Please check $collectors in the app/Config/Toolbar.php file.
CRITICAL - 2023-04-25 19:29:49 --> Toolbar collector does not exist (Config\Views). Please check $collectors in the app/Config/Toolbar.php file.
INFO - 2023-04-25 19:29:49 --> Session: Class initialized using 'CodeIgniter\Session\Handlers\FileHandler' driver.
CRITICAL - 2023-04-25 19:29:50 --> Toolbar collector does not exist (Config\Views). Please check $collectors in the app/Config/Toolbar.php file.
INFO - 2023-04-25 19:29:50 --> Session: Class initialized using 'CodeIgniter\Session\Handlers\FileHandler' driver.
CRITICAL - 2023-04-25 19:29:50 --> Toolbar collector does not exist (Config\Views). Please check $collectors in the app/Config/Toolbar.php file.
CRITICAL - 2023-04-25 19:29:51 --> Toolbar collector does not exist (Config\Views). Please check $collectors in the app/Config/Toolbar.php file.
CRITICAL - 2023-04-25 19:29:51 --> Toolbar collector does not exist (Config\Views). Please check $collectors in the app/Config/Toolbar.php file.
INFO - 2023-04-25 19:29:51 --> Session: Class initialized using 'CodeIgniter\Session\Handlers\FileHandler' driver.
CRITICAL - 2023-04-25 19:31:58 --> Toolbar collector does not exist (Config\Views). Please check $collectors in the app/Config/Toolbar.php file.
INFO - 2023-04-25 19:31:58 --> Session: Class initialized using 'CodeIgniter\Session\Handlers\FileHandler' driver.
CRITICAL - 2023-04-25 19:31:58 --> Toolbar collector does not exist (Config\Views). Please check $collectors in the app/Config/Toolbar.php file.
CRITICAL - 2023-04-25 19:31:59 --> Toolbar collector does not exist (Config\Views). Please check $collectors in the app/Config/Toolbar.php file.
CRITICAL - 2023-04-25 19:31:59 --> Toolbar collector does not exist (Config\Views). Please check $collectors in the app/Config/Toolbar.php file.
INFO - 2023-04-25 19:31:59 --> Session: Class initialized using 'CodeIgniter\Session\Handlers\FileHandler' driver.
CRITICAL - 2023-04-25 19:32:01 --> Toolbar collector does not exist (Config\Views). Please check $collectors in the app/Config/Toolbar.php file.
INFO - 2023-04-25 19:32:01 --> Session: Class initialized using 'CodeIgniter\Session\Handlers\FileHandler' driver.
CRITICAL - 2023-04-25 19:32:01 --> Toolbar collector does not exist (Config\Views). Please check $collectors in the app/Config/Toolbar.php file.
INFO - 2023-04-25 19:32:01 --> Session: Class initialized using 'CodeIgniter\Session\Handlers\FileHandler' driver.
CRITICAL - 2023-04-25 19:32:01 --> Toolbar collector does not exist (Config\Views). Please check $collectors in the app/Config/Toolbar.php file.
CRITICAL - 2023-04-25 19:32:02 --> Toolbar collector does not exist (Config\Views). Please check $collectors in the app/Config/Toolbar.php file.
CRITICAL - 2023-04-25 19:32:02 --> Toolbar collector does not exist (Config\Views). Please check $collectors in the app/Config/Toolbar.php file.
INFO - 2023-04-25 19:32:02 --> Session: Class initialized using 'CodeIgniter\Session\Handlers\FileHandler' driver.
CRITICAL - 2023-04-25 19:32:04 --> Toolbar collector does not exist (Config\Views). Please check $collectors in the app/Config/Toolbar.php file.
INFO - 2023-04-25 19:32:04 --> Session: Class initialized using 'CodeIgniter\Session\Handlers\FileHandler' driver.
CRITICAL - 2023-04-25 19:32:04 --> Toolbar collector does not exist (Config\Views). Please check $collectors in the app/Config/Toolbar.php file.
CRITICAL - 2023-04-25 19:32:04 --> Toolbar collector does not exist (Config\Views). Please check $collectors in the app/Config/Toolbar.php file.
CRITICAL - 2023-04-25 19:32:04 --> Toolbar collector does not exist (Config\Views). Please check $collectors in the app/Config/Toolbar.php file.
INFO - 2023-04-25 19:32:04 --> Session: Class initialized using 'CodeIgniter\Session\Handlers\FileHandler' driver.
