CRITICAL - 2023-05-08 11:30:08 --> Toolbar collector does not exist (Config\Views). Please check $collectors in the app/Config/Toolbar.php file.
INFO - 2023-05-08 11:30:08 --> Session: Class initialized using 'CodeIgniter\Session\Handlers\FileHandler' driver.
CRITICAL - 2023-05-08 11:30:09 --> Toolbar collector does not exist (Config\Views). Please check $collectors in the app/Config/Toolbar.php file.
INFO - 2023-05-08 11:30:09 --> Session: Class initialized using 'CodeIgniter\Session\Handlers\FileHandler' driver.
CRITICAL - 2023-05-08 11:30:09 --> Toolbar collector does not exist (Config\Views). Please check $collectors in the app/Config/Toolbar.php file.
INFO - 2023-05-08 11:30:09 --> Session: Class initialized using 'CodeIgniter\Session\Handlers\FileHandler' driver.
CRITICAL - 2023-05-08 11:30:10 --> Toolbar collector does not exist (Config\Views). Please check $collectors in the app/Config/Toolbar.php file.
INFO - 2023-05-08 11:30:10 --> Session: Class initialized using 'CodeIgniter\Session\Handlers\FileHandler' driver.
CRITICAL - 2023-05-08 11:30:11 --> Toolbar collector does not exist (Config\Views). Please check $collectors in the app/Config/Toolbar.php file.
INFO - 2023-05-08 11:30:11 --> Session: Class initialized using 'CodeIgniter\Session\Handlers\FileHandler' driver.
CRITICAL - 2023-05-08 11:30:13 --> Toolbar collector does not exist (Config\Views). Please check $collectors in the app/Config/Toolbar.php file.
INFO - 2023-05-08 11:30:13 --> Session: Class initialized using 'CodeIgniter\Session\Handlers\FileHandler' driver.
CRITICAL - 2023-05-08 11:30:14 --> Toolbar collector does not exist (Config\Views). Please check $collectors in the app/Config/Toolbar.php file.
INFO - 2023-05-08 11:30:14 --> Session: Class initialized using 'CodeIgniter\Session\Handlers\FileHandler' driver.
CRITICAL - 2023-05-08 11:30:15 --> Toolbar collector does not exist (Config\Views). Please check $collectors in the app/Config/Toolbar.php file.
INFO - 2023-05-08 11:30:15 --> Session: Class initialized using 'CodeIgniter\Session\Handlers\FileHandler' driver.
CRITICAL - 2023-05-08 11:30:16 --> Toolbar collector does not exist (Config\Views). Please check $collectors in the app/Config/Toolbar.php file.
INFO - 2023-05-08 11:30:16 --> Session: Class initialized using 'CodeIgniter\Session\Handlers\FileHandler' driver.
CRITICAL - 2023-05-08 11:30:17 --> Toolbar collector does not exist (Config\Views). Please check $collectors in the app/Config/Toolbar.php file.
INFO - 2023-05-08 11:30:17 --> Session: Class initialized using 'CodeIgniter\Session\Handlers\FileHandler' driver.
CRITICAL - 2023-05-08 11:30:18 --> Toolbar collector does not exist (Config\Views). Please check $collectors in the app/Config/Toolbar.php file.
INFO - 2023-05-08 11:30:18 --> Session: Class initialized using 'CodeIgniter\Session\Handlers\FileHandler' driver.
CRITICAL - 2023-05-08 11:30:19 --> Toolbar collector does not exist (Config\Views). Please check $collectors in the app/Config/Toolbar.php file.
INFO - 2023-05-08 11:30:19 --> Session: Class initialized using 'CodeIgniter\Session\Handlers\FileHandler' driver.
CRITICAL - 2023-05-08 11:30:20 --> Toolbar collector does not exist (Config\Views). Please check $collectors in the app/Config/Toolbar.php file.
INFO - 2023-05-08 11:30:20 --> Session: Class initialized using 'CodeIgniter\Session\Handlers\FileHandler' driver.
CRITICAL - 2023-05-08 11:30:21 --> Toolbar collector does not exist (Config\Views). Please check $collectors in the app/Config/Toolbar.php file.
INFO - 2023-05-08 11:30:21 --> Session: Class initialized using 'CodeIgniter\Session\Handlers\FileHandler' driver.
CRITICAL - 2023-05-08 11:30:22 --> Toolbar collector does not exist (Config\Views). Please check $collectors in the app/Config/Toolbar.php file.
INFO - 2023-05-08 11:30:22 --> Session: Class initialized using 'CodeIgniter\Session\Handlers\FileHandler' driver.
CRITICAL - 2023-05-08 11:30:23 --> Toolbar collector does not exist (Config\Views). Please check $collectors in the app/Config/Toolbar.php file.
INFO - 2023-05-08 11:30:23 --> Session: Class initialized using 'CodeIgniter\Session\Handlers\FileHandler' driver.
CRITICAL - 2023-05-08 11:30:24 --> Toolbar collector does not exist (Config\Views). Please check $collectors in the app/Config/Toolbar.php file.
INFO - 2023-05-08 11:30:24 --> Session: Class initialized using 'CodeIgniter\Session\Handlers\FileHandler' driver.
CRITICAL - 2023-05-08 11:30:25 --> Toolbar collector does not exist (Config\Views). Please check $collectors in the app/Config/Toolbar.php file.
INFO - 2023-05-08 11:30:25 --> Session: Class initialized using 'CodeIgniter\Session\Handlers\FileHandler' driver.
CRITICAL - 2023-05-08 11:30:26 --> Toolbar collector does not exist (Config\Views). Please check $collectors in the app/Config/Toolbar.php file.
INFO - 2023-05-08 11:30:26 --> Session: Class initialized using 'CodeIgniter\Session\Handlers\FileHandler' driver.
CRITICAL - 2023-05-08 11:30:27 --> Toolbar collector does not exist (Config\Views). Please check $collectors in the app/Config/Toolbar.php file.
INFO - 2023-05-08 11:30:27 --> Session: Class initialized using 'CodeIgniter\Session\Handlers\FileHandler' driver.
CRITICAL - 2023-05-08 11:30:28 --> Toolbar collector does not exist (Config\Views). Please check $collectors in the app/Config/Toolbar.php file.
INFO - 2023-05-08 11:30:28 --> Session: Class initialized using 'CodeIgniter\Session\Handlers\FileHandler' driver.
CRITICAL - 2023-05-08 11:30:29 --> Toolbar collector does not exist (Config\Views). Please check $collectors in the app/Config/Toolbar.php file.
INFO - 2023-05-08 11:30:29 --> Session: Class initialized using 'CodeIgniter\Session\Handlers\FileHandler' driver.
CRITICAL - 2023-05-08 11:30:30 --> Toolbar collector does not exist (Config\Views). Please check $collectors in the app/Config/Toolbar.php file.
INFO - 2023-05-08 11:30:30 --> Session: Class initialized using 'CodeIgniter\Session\Handlers\FileHandler' driver.
CRITICAL - 2023-05-08 11:30:31 --> Toolbar collector does not exist (Config\Views). Please check $collectors in the app/Config/Toolbar.php file.
INFO - 2023-05-08 11:30:31 --> Session: Class initialized using 'CodeIgniter\Session\Handlers\FileHandler' driver.
CRITICAL - 2023-05-08 11:30:32 --> Toolbar collector does not exist (Config\Views). Please check $collectors in the app/Config/Toolbar.php file.
INFO - 2023-05-08 11:30:32 --> Session: Class initialized using 'CodeIgniter\Session\Handlers\FileHandler' driver.
CRITICAL - 2023-05-08 11:30:33 --> Toolbar collector does not exist (Config\Views). Please check $collectors in the app/Config/Toolbar.php file.
INFO - 2023-05-08 11:30:33 --> Session: Class initialized using 'CodeIgniter\Session\Handlers\FileHandler' driver.
CRITICAL - 2023-05-08 11:30:34 --> Toolbar collector does not exist (Config\Views). Please check $collectors in the app/Config/Toolbar.php file.
INFO - 2023-05-08 11:30:34 --> Session: Class initialized using 'CodeIgniter\Session\Handlers\FileHandler' driver.
CRITICAL - 2023-05-08 11:30:35 --> Toolbar collector does not exist (Config\Views). Please check $collectors in the app/Config/Toolbar.php file.
INFO - 2023-05-08 11:30:35 --> Session: Class initialized using 'CodeIgniter\Session\Handlers\FileHandler' driver.
CRITICAL - 2023-05-08 11:30:36 --> Toolbar collector does not exist (Config\Views). Please check $collectors in the app/Config/Toolbar.php file.
INFO - 2023-05-08 11:30:36 --> Session: Class initialized using 'CodeIgniter\Session\Handlers\FileHandler' driver.
CRITICAL - 2023-05-08 11:30:37 --> Toolbar collector does not exist (Config\Views). Please check $collectors in the app/Config/Toolbar.php file.
INFO - 2023-05-08 11:30:37 --> Session: Class initialized using 'CodeIgniter\Session\Handlers\FileHandler' driver.
CRITICAL - 2023-05-08 11:30:38 --> Toolbar collector does not exist (Config\Views). Please check $collectors in the app/Config/Toolbar.php file.
INFO - 2023-05-08 11:30:38 --> Session: Class initialized using 'CodeIgniter\Session\Handlers\FileHandler' driver.
CRITICAL - 2023-05-08 11:30:39 --> Toolbar collector does not exist (Config\Views). Please check $collectors in the app/Config/Toolbar.php file.
INFO - 2023-05-08 11:30:39 --> Session: Class initialized using 'CodeIgniter\Session\Handlers\FileHandler' driver.
CRITICAL - 2023-05-08 11:30:40 --> Toolbar collector does not exist (Config\Views). Please check $collectors in the app/Config/Toolbar.php file.
INFO - 2023-05-08 11:30:40 --> Session: Class initialized using 'CodeIgniter\Session\Handlers\FileHandler' driver.
CRITICAL - 2023-05-08 11:30:41 --> Toolbar collector does not exist (Config\Views). Please check $collectors in the app/Config/Toolbar.php file.
INFO - 2023-05-08 11:30:41 --> Session: Class initialized using 'CodeIgniter\Session\Handlers\FileHandler' driver.
CRITICAL - 2023-05-08 11:30:42 --> Toolbar collector does not exist (Config\Views). Please check $collectors in the app/Config/Toolbar.php file.
INFO - 2023-05-08 11:30:42 --> Session: Class initialized using 'CodeIgniter\Session\Handlers\FileHandler' driver.
CRITICAL - 2023-05-08 11:30:43 --> Toolbar collector does not exist (Config\Views). Please check $collectors in the app/Config/Toolbar.php file.
INFO - 2023-05-08 11:30:43 --> Session: Class initialized using 'CodeIgniter\Session\Handlers\FileHandler' driver.
CRITICAL - 2023-05-08 11:30:44 --> Toolbar collector does not exist (Config\Views). Please check $collectors in the app/Config/Toolbar.php file.
INFO - 2023-05-08 11:30:44 --> Session: Class initialized using 'CodeIgniter\Session\Handlers\FileHandler' driver.
CRITICAL - 2023-05-08 11:30:45 --> Toolbar collector does not exist (Config\Views). Please check $collectors in the app/Config/Toolbar.php file.
INFO - 2023-05-08 11:30:45 --> Session: Class initialized using 'CodeIgniter\Session\Handlers\FileHandler' driver.
CRITICAL - 2023-05-08 11:30:46 --> Toolbar collector does not exist (Config\Views). Please check $collectors in the app/Config/Toolbar.php file.
INFO - 2023-05-08 11:30:46 --> Session: Class initialized using 'CodeIgniter\Session\Handlers\FileHandler' driver.
CRITICAL - 2023-05-08 11:30:46 --> Toolbar collector does not exist (Config\Views). Please check $collectors in the app/Config/Toolbar.php file.
INFO - 2023-05-08 11:30:46 --> Session: Class initialized using 'CodeIgniter\Session\Handlers\FileHandler' driver.
CRITICAL - 2023-05-08 11:30:47 --> Toolbar collector does not exist (Config\Views). Please check $collectors in the app/Config/Toolbar.php file.
INFO - 2023-05-08 11:30:47 --> Session: Class initialized using 'CodeIgniter\Session\Handlers\FileHandler' driver.
CRITICAL - 2023-05-08 11:30:47 --> Toolbar collector does not exist (Config\Views). Please check $collectors in the app/Config/Toolbar.php file.
INFO - 2023-05-08 11:30:47 --> Session: Class initialized using 'CodeIgniter\Session\Handlers\FileHandler' driver.
CRITICAL - 2023-05-08 11:30:47 --> Toolbar collector does not exist (Config\Views). Please check $collectors in the app/Config/Toolbar.php file.
INFO - 2023-05-08 11:30:47 --> Session: Class initialized using 'CodeIgniter\Session\Handlers\FileHandler' driver.
CRITICAL - 2023-05-08 11:30:48 --> Toolbar collector does not exist (Config\Views). Please check $collectors in the app/Config/Toolbar.php file.
INFO - 2023-05-08 11:30:48 --> Session: Class initialized using 'CodeIgniter\Session\Handlers\FileHandler' driver.
CRITICAL - 2023-05-08 11:30:49 --> Toolbar collector does not exist (Config\Views). Please check $collectors in the app/Config/Toolbar.php file.
INFO - 2023-05-08 11:30:49 --> Session: Class initialized using 'CodeIgniter\Session\Handlers\FileHandler' driver.
CRITICAL - 2023-05-08 11:30:50 --> Toolbar collector does not exist (Config\Views). Please check $collectors in the app/Config/Toolbar.php file.
CRITICAL - 2023-05-08 11:30:50 --> Toolbar collector does not exist (Config\Views). Please check $collectors in the app/Config/Toolbar.php file.
INFO - 2023-05-08 11:30:50 --> Session: Class initialized using 'CodeIgniter\Session\Handlers\FileHandler' driver.
CRITICAL - 2023-05-08 11:30:51 --> Toolbar collector does not exist (Config\Views). Please check $collectors in the app/Config/Toolbar.php file.
INFO - 2023-05-08 11:30:51 --> Session: Class initialized using 'CodeIgniter\Session\Handlers\FileHandler' driver.
CRITICAL - 2023-05-08 11:30:52 --> Toolbar collector does not exist (Config\Views). Please check $collectors in the app/Config/Toolbar.php file.
INFO - 2023-05-08 11:30:52 --> Session: Class initialized using 'CodeIgniter\Session\Handlers\FileHandler' driver.
CRITICAL - 2023-05-08 11:30:53 --> Toolbar collector does not exist (Config\Views). Please check $collectors in the app/Config/Toolbar.php file.
INFO - 2023-05-08 11:30:53 --> Session: Class initialized using 'CodeIgniter\Session\Handlers\FileHandler' driver.
CRITICAL - 2023-05-08 11:30:56 --> Toolbar collector does not exist (Config\Views). Please check $collectors in the app/Config/Toolbar.php file.
CRITICAL - 2023-05-08 11:30:56 --> Toolbar collector does not exist (Config\Views). Please check $collectors in the app/Config/Toolbar.php file.
INFO - 2023-05-08 11:30:56 --> Session: Class initialized using 'CodeIgniter\Session\Handlers\FileHandler' driver.
CRITICAL - 2023-05-08 11:30:56 --> Toolbar collector does not exist (Config\Views). Please check $collectors in the app/Config/Toolbar.php file.
INFO - 2023-05-08 11:30:56 --> Session: Class initialized using 'CodeIgniter\Session\Handlers\FileHandler' driver.
CRITICAL - 2023-05-08 11:30:57 --> Toolbar collector does not exist (Config\Views). Please check $collectors in the app/Config/Toolbar.php file.
INFO - 2023-05-08 11:30:57 --> Session: Class initialized using 'CodeIgniter\Session\Handlers\FileHandler' driver.
CRITICAL - 2023-05-08 11:30:58 --> Toolbar collector does not exist (Config\Views). Please check $collectors in the app/Config/Toolbar.php file.
INFO - 2023-05-08 11:30:58 --> Session: Class initialized using 'CodeIgniter\Session\Handlers\FileHandler' driver.
CRITICAL - 2023-05-08 11:30:59 --> Toolbar collector does not exist (Config\Views). Please check $collectors in the app/Config/Toolbar.php file.
INFO - 2023-05-08 11:30:59 --> Session: Class initialized using 'CodeIgniter\Session\Handlers\FileHandler' driver.
CRITICAL - 2023-05-08 11:31:00 --> Toolbar collector does not exist (Config\Views). Please check $collectors in the app/Config/Toolbar.php file.
INFO - 2023-05-08 11:31:00 --> Session: Class initialized using 'CodeIgniter\Session\Handlers\FileHandler' driver.
CRITICAL - 2023-05-08 11:31:01 --> Toolbar collector does not exist (Config\Views). Please check $collectors in the app/Config/Toolbar.php file.
INFO - 2023-05-08 11:31:01 --> Session: Class initialized using 'CodeIgniter\Session\Handlers\FileHandler' driver.
CRITICAL - 2023-05-08 11:31:02 --> Toolbar collector does not exist (Config\Views). Please check $collectors in the app/Config/Toolbar.php file.
INFO - 2023-05-08 11:31:02 --> Session: Class initialized using 'CodeIgniter\Session\Handlers\FileHandler' driver.
CRITICAL - 2023-05-08 11:31:03 --> Toolbar collector does not exist (Config\Views). Please check $collectors in the app/Config/Toolbar.php file.
INFO - 2023-05-08 11:31:03 --> Session: Class initialized using 'CodeIgniter\Session\Handlers\FileHandler' driver.
CRITICAL - 2023-05-08 11:31:04 --> Toolbar collector does not exist (Config\Views). Please check $collectors in the app/Config/Toolbar.php file.
INFO - 2023-05-08 11:31:04 --> Session: Class initialized using 'CodeIgniter\Session\Handlers\FileHandler' driver.
CRITICAL - 2023-05-08 11:31:05 --> Toolbar collector does not exist (Config\Views). Please check $collectors in the app/Config/Toolbar.php file.
INFO - 2023-05-08 11:31:05 --> Session: Class initialized using 'CodeIgniter\Session\Handlers\FileHandler' driver.
CRITICAL - 2023-05-08 11:31:06 --> Toolbar collector does not exist (Config\Views). Please check $collectors in the app/Config/Toolbar.php file.
INFO - 2023-05-08 11:31:06 --> Session: Class initialized using 'CodeIgniter\Session\Handlers\FileHandler' driver.
CRITICAL - 2023-05-08 11:31:07 --> Toolbar collector does not exist (Config\Views). Please check $collectors in the app/Config/Toolbar.php file.
INFO - 2023-05-08 11:31:07 --> Session: Class initialized using 'CodeIgniter\Session\Handlers\FileHandler' driver.
CRITICAL - 2023-05-08 11:31:08 --> Toolbar collector does not exist (Config\Views). Please check $collectors in the app/Config/Toolbar.php file.
INFO - 2023-05-08 11:31:08 --> Session: Class initialized using 'CodeIgniter\Session\Handlers\FileHandler' driver.
CRITICAL - 2023-05-08 11:31:09 --> Toolbar collector does not exist (Config\Views). Please check $collectors in the app/Config/Toolbar.php file.
INFO - 2023-05-08 11:31:09 --> Session: Class initialized using 'CodeIgniter\Session\Handlers\FileHandler' driver.
CRITICAL - 2023-05-08 11:31:10 --> Toolbar collector does not exist (Config\Views). Please check $collectors in the app/Config/Toolbar.php file.
INFO - 2023-05-08 11:31:10 --> Session: Class initialized using 'CodeIgniter\Session\Handlers\FileHandler' driver.
CRITICAL - 2023-05-08 11:31:11 --> Toolbar collector does not exist (Config\Views). Please check $collectors in the app/Config/Toolbar.php file.
INFO - 2023-05-08 11:31:11 --> Session: Class initialized using 'CodeIgniter\Session\Handlers\FileHandler' driver.
CRITICAL - 2023-05-08 11:31:12 --> Toolbar collector does not exist (Config\Views). Please check $collectors in the app/Config/Toolbar.php file.
INFO - 2023-05-08 11:31:12 --> Session: Class initialized using 'CodeIgniter\Session\Handlers\FileHandler' driver.
CRITICAL - 2023-05-08 11:31:13 --> Toolbar collector does not exist (Config\Views). Please check $collectors in the app/Config/Toolbar.php file.
INFO - 2023-05-08 11:31:13 --> Session: Class initialized using 'CodeIgniter\Session\Handlers\FileHandler' driver.
CRITICAL - 2023-05-08 11:31:14 --> Toolbar collector does not exist (Config\Views). Please check $collectors in the app/Config/Toolbar.php file.
INFO - 2023-05-08 11:31:14 --> Session: Class initialized using 'CodeIgniter\Session\Handlers\FileHandler' driver.
CRITICAL - 2023-05-08 11:31:15 --> Toolbar collector does not exist (Config\Views). Please check $collectors in the app/Config/Toolbar.php file.
INFO - 2023-05-08 11:31:15 --> Session: Class initialized using 'CodeIgniter\Session\Handlers\FileHandler' driver.
CRITICAL - 2023-05-08 11:31:16 --> Toolbar collector does not exist (Config\Views). Please check $collectors in the app/Config/Toolbar.php file.
INFO - 2023-05-08 11:31:16 --> Session: Class initialized using 'CodeIgniter\Session\Handlers\FileHandler' driver.
CRITICAL - 2023-05-08 11:31:17 --> Toolbar collector does not exist (Config\Views). Please check $collectors in the app/Config/Toolbar.php file.
INFO - 2023-05-08 11:31:17 --> Session: Class initialized using 'CodeIgniter\Session\Handlers\FileHandler' driver.
CRITICAL - 2023-05-08 11:31:18 --> Toolbar collector does not exist (Config\Views). Please check $collectors in the app/Config/Toolbar.php file.
INFO - 2023-05-08 11:31:18 --> Session: Class initialized using 'CodeIgniter\Session\Handlers\FileHandler' driver.
CRITICAL - 2023-05-08 11:31:19 --> Toolbar collector does not exist (Config\Views). Please check $collectors in the app/Config/Toolbar.php file.
INFO - 2023-05-08 11:31:19 --> Session: Class initialized using 'CodeIgniter\Session\Handlers\FileHandler' driver.
CRITICAL - 2023-05-08 11:31:20 --> Toolbar collector does not exist (Config\Views). Please check $collectors in the app/Config/Toolbar.php file.
INFO - 2023-05-08 11:31:20 --> Session: Class initialized using 'CodeIgniter\Session\Handlers\FileHandler' driver.
CRITICAL - 2023-05-08 11:31:21 --> Toolbar collector does not exist (Config\Views). Please check $collectors in the app/Config/Toolbar.php file.
INFO - 2023-05-08 11:31:21 --> Session: Class initialized using 'CodeIgniter\Session\Handlers\FileHandler' driver.
CRITICAL - 2023-05-08 11:31:22 --> Toolbar collector does not exist (Config\Views). Please check $collectors in the app/Config/Toolbar.php file.
INFO - 2023-05-08 11:31:22 --> Session: Class initialized using 'CodeIgniter\Session\Handlers\FileHandler' driver.
CRITICAL - 2023-05-08 11:31:23 --> Toolbar collector does not exist (Config\Views). Please check $collectors in the app/Config/Toolbar.php file.
INFO - 2023-05-08 11:31:23 --> Session: Class initialized using 'CodeIgniter\Session\Handlers\FileHandler' driver.
CRITICAL - 2023-05-08 11:31:24 --> Toolbar collector does not exist (Config\Views). Please check $collectors in the app/Config/Toolbar.php file.
INFO - 2023-05-08 11:31:24 --> Session: Class initialized using 'CodeIgniter\Session\Handlers\FileHandler' driver.
CRITICAL - 2023-05-08 11:31:25 --> Toolbar collector does not exist (Config\Views). Please check $collectors in the app/Config/Toolbar.php file.
INFO - 2023-05-08 11:31:25 --> Session: Class initialized using 'CodeIgniter\Session\Handlers\FileHandler' driver.
CRITICAL - 2023-05-08 11:31:26 --> Toolbar collector does not exist (Config\Views). Please check $collectors in the app/Config/Toolbar.php file.
INFO - 2023-05-08 11:31:26 --> Session: Class initialized using 'CodeIgniter\Session\Handlers\FileHandler' driver.
CRITICAL - 2023-05-08 11:31:27 --> Toolbar collector does not exist (Config\Views). Please check $collectors in the app/Config/Toolbar.php file.
INFO - 2023-05-08 11:31:27 --> Session: Class initialized using 'CodeIgniter\Session\Handlers\FileHandler' driver.
CRITICAL - 2023-05-08 11:31:28 --> Toolbar collector does not exist (Config\Views). Please check $collectors in the app/Config/Toolbar.php file.
INFO - 2023-05-08 11:31:28 --> Session: Class initialized using 'CodeIgniter\Session\Handlers\FileHandler' driver.
CRITICAL - 2023-05-08 11:31:29 --> Toolbar collector does not exist (Config\Views). Please check $collectors in the app/Config/Toolbar.php file.
INFO - 2023-05-08 11:31:29 --> Session: Class initialized using 'CodeIgniter\Session\Handlers\FileHandler' driver.
CRITICAL - 2023-05-08 11:31:30 --> Toolbar collector does not exist (Config\Views). Please check $collectors in the app/Config/Toolbar.php file.
INFO - 2023-05-08 11:31:30 --> Session: Class initialized using 'CodeIgniter\Session\Handlers\FileHandler' driver.
CRITICAL - 2023-05-08 11:31:31 --> Toolbar collector does not exist (Config\Views). Please check $collectors in the app/Config/Toolbar.php file.
INFO - 2023-05-08 11:31:31 --> Session: Class initialized using 'CodeIgniter\Session\Handlers\FileHandler' driver.
CRITICAL - 2023-05-08 11:31:32 --> Toolbar collector does not exist (Config\Views). Please check $collectors in the app/Config/Toolbar.php file.
INFO - 2023-05-08 11:31:32 --> Session: Class initialized using 'CodeIgniter\Session\Handlers\FileHandler' driver.
CRITICAL - 2023-05-08 11:43:26 --> Toolbar collector does not exist (Config\Views). Please check $collectors in the app/Config/Toolbar.php file.
INFO - 2023-05-08 11:43:26 --> Session: Class initialized using 'CodeIgniter\Session\Handlers\FileHandler' driver.
CRITICAL - 2023-05-08 11:43:26 --> Toolbar collector does not exist (Config\Views). Please check $collectors in the app/Config/Toolbar.php file.
INFO - 2023-05-08 11:43:26 --> Session: Class initialized using 'CodeIgniter\Session\Handlers\FileHandler' driver.
CRITICAL - 2023-05-08 11:43:26 --> Toolbar collector does not exist (Config\Views). Please check $collectors in the app/Config/Toolbar.php file.
INFO - 2023-05-08 11:43:26 --> Session: Class initialized using 'CodeIgniter\Session\Handlers\FileHandler' driver.
CRITICAL - 2023-05-08 11:43:27 --> Toolbar collector does not exist (Config\Views). Please check $collectors in the app/Config/Toolbar.php file.
INFO - 2023-05-08 11:43:27 --> Session: Class initialized using 'CodeIgniter\Session\Handlers\FileHandler' driver.
CRITICAL - 2023-05-08 11:43:28 --> Toolbar collector does not exist (Config\Views). Please check $collectors in the app/Config/Toolbar.php file.
INFO - 2023-05-08 11:43:28 --> Session: Class initialized using 'CodeIgniter\Session\Handlers\FileHandler' driver.
CRITICAL - 2023-05-08 11:43:28 --> Toolbar collector does not exist (Config\Views). Please check $collectors in the app/Config/Toolbar.php file.
INFO - 2023-05-08 11:43:28 --> Session: Class initialized using 'CodeIgniter\Session\Handlers\FileHandler' driver.
CRITICAL - 2023-05-08 11:43:29 --> Toolbar collector does not exist (Config\Views). Please check $collectors in the app/Config/Toolbar.php file.
INFO - 2023-05-08 11:43:29 --> Session: Class initialized using 'CodeIgniter\Session\Handlers\FileHandler' driver.
CRITICAL - 2023-05-08 11:43:34 --> Toolbar collector does not exist (Config\Views). Please check $collectors in the app/Config/Toolbar.php file.
INFO - 2023-05-08 11:43:34 --> Session: Class initialized using 'CodeIgniter\Session\Handlers\FileHandler' driver.
CRITICAL - 2023-05-08 11:43:34 --> Toolbar collector does not exist (Config\Views). Please check $collectors in the app/Config/Toolbar.php file.
INFO - 2023-05-08 11:43:34 --> Session: Class initialized using 'CodeIgniter\Session\Handlers\FileHandler' driver.
CRITICAL - 2023-05-08 11:43:34 --> Toolbar collector does not exist (Config\Views). Please check $collectors in the app/Config/Toolbar.php file.
INFO - 2023-05-08 11:43:34 --> Session: Class initialized using 'CodeIgniter\Session\Handlers\FileHandler' driver.
CRITICAL - 2023-05-08 11:43:35 --> Toolbar collector does not exist (Config\Views). Please check $collectors in the app/Config/Toolbar.php file.
INFO - 2023-05-08 11:43:35 --> Session: Class initialized using 'CodeIgniter\Session\Handlers\FileHandler' driver.
CRITICAL - 2023-05-08 11:43:35 --> Toolbar collector does not exist (Config\Views). Please check $collectors in the app/Config/Toolbar.php file.
INFO - 2023-05-08 11:43:35 --> Session: Class initialized using 'CodeIgniter\Session\Handlers\FileHandler' driver.
CRITICAL - 2023-05-08 11:43:36 --> Toolbar collector does not exist (Config\Views). Please check $collectors in the app/Config/Toolbar.php file.
INFO - 2023-05-08 11:43:36 --> Session: Class initialized using 'CodeIgniter\Session\Handlers\FileHandler' driver.
CRITICAL - 2023-05-08 11:43:37 --> Toolbar collector does not exist (Config\Views). Please check $collectors in the app/Config/Toolbar.php file.
INFO - 2023-05-08 11:43:37 --> Session: Class initialized using 'CodeIgniter\Session\Handlers\FileHandler' driver.
CRITICAL - 2023-05-08 11:43:38 --> Toolbar collector does not exist (Config\Views). Please check $collectors in the app/Config/Toolbar.php file.
INFO - 2023-05-08 11:43:38 --> Session: Class initialized using 'CodeIgniter\Session\Handlers\FileHandler' driver.
CRITICAL - 2023-05-08 11:43:50 --> Toolbar collector does not exist (Config\Views). Please check $collectors in the app/Config/Toolbar.php file.
INFO - 2023-05-08 11:43:50 --> Session: Class initialized using 'CodeIgniter\Session\Handlers\FileHandler' driver.
CRITICAL - 2023-05-08 11:43:50 --> Toolbar collector does not exist (Config\Views). Please check $collectors in the app/Config/Toolbar.php file.
INFO - 2023-05-08 11:43:50 --> Session: Class initialized using 'CodeIgniter\Session\Handlers\FileHandler' driver.
CRITICAL - 2023-05-08 11:43:51 --> Toolbar collector does not exist (Config\Views). Please check $collectors in the app/Config/Toolbar.php file.
INFO - 2023-05-08 11:43:51 --> Session: Class initialized using 'CodeIgniter\Session\Handlers\FileHandler' driver.
CRITICAL - 2023-05-08 11:43:51 --> Toolbar collector does not exist (Config\Views). Please check $collectors in the app/Config/Toolbar.php file.
INFO - 2023-05-08 11:43:51 --> Session: Class initialized using 'CodeIgniter\Session\Handlers\FileHandler' driver.
CRITICAL - 2023-05-08 11:43:52 --> Toolbar collector does not exist (Config\Views). Please check $collectors in the app/Config/Toolbar.php file.
INFO - 2023-05-08 11:43:52 --> Session: Class initialized using 'CodeIgniter\Session\Handlers\FileHandler' driver.
CRITICAL - 2023-05-08 11:43:52 --> Toolbar collector does not exist (Config\Views). Please check $collectors in the app/Config/Toolbar.php file.
INFO - 2023-05-08 11:43:52 --> Session: Class initialized using 'CodeIgniter\Session\Handlers\FileHandler' driver.
CRITICAL - 2023-05-08 11:43:59 --> Toolbar collector does not exist (Config\Views). Please check $collectors in the app/Config/Toolbar.php file.
INFO - 2023-05-08 11:43:59 --> Session: Class initialized using 'CodeIgniter\Session\Handlers\FileHandler' driver.
CRITICAL - 2023-05-08 11:43:59 --> Toolbar collector does not exist (Config\Views). Please check $collectors in the app/Config/Toolbar.php file.
INFO - 2023-05-08 11:43:59 --> Session: Class initialized using 'CodeIgniter\Session\Handlers\FileHandler' driver.
CRITICAL - 2023-05-08 11:44:35 --> Toolbar collector does not exist (Config\Views). Please check $collectors in the app/Config/Toolbar.php file.
CRITICAL - 2023-05-08 13:58:18 --> Toolbar collector does not exist (Config\Views). Please check $collectors in the app/Config/Toolbar.php file.
INFO - 2023-05-08 13:58:18 --> Session: Class initialized using 'CodeIgniter\Session\Handlers\FileHandler' driver.
CRITICAL - 2023-05-08 13:58:19 --> Toolbar collector does not exist (Config\Views). Please check $collectors in the app/Config/Toolbar.php file.
INFO - 2023-05-08 13:58:19 --> Session: Class initialized using 'CodeIgniter\Session\Handlers\FileHandler' driver.
CRITICAL - 2023-05-08 13:58:19 --> Toolbar collector does not exist (Config\Views). Please check $collectors in the app/Config/Toolbar.php file.
INFO - 2023-05-08 13:58:19 --> Session: Class initialized using 'CodeIgniter\Session\Handlers\FileHandler' driver.
CRITICAL - 2023-05-08 13:58:19 --> Toolbar collector does not exist (Config\Views). Please check $collectors in the app/Config/Toolbar.php file.
INFO - 2023-05-08 13:58:19 --> Session: Class initialized using 'CodeIgniter\Session\Handlers\FileHandler' driver.
CRITICAL - 2023-05-08 13:58:20 --> Toolbar collector does not exist (Config\Views). Please check $collectors in the app/Config/Toolbar.php file.
INFO - 2023-05-08 13:58:20 --> Session: Class initialized using 'CodeIgniter\Session\Handlers\FileHandler' driver.
CRITICAL - 2023-05-08 13:58:21 --> Toolbar collector does not exist (Config\Views). Please check $collectors in the app/Config/Toolbar.php file.
INFO - 2023-05-08 13:58:21 --> Session: Class initialized using 'CodeIgniter\Session\Handlers\FileHandler' driver.
CRITICAL - 2023-05-08 13:58:21 --> Toolbar collector does not exist (Config\Views). Please check $collectors in the app/Config/Toolbar.php file.
INFO - 2023-05-08 13:58:21 --> Session: Class initialized using 'CodeIgniter\Session\Handlers\FileHandler' driver.
CRITICAL - 2023-05-08 13:58:26 --> Toolbar collector does not exist (Config\Views). Please check $collectors in the app/Config/Toolbar.php file.
INFO - 2023-05-08 13:58:26 --> Session: Class initialized using 'CodeIgniter\Session\Handlers\FileHandler' driver.
CRITICAL - 2023-05-08 13:58:27 --> Toolbar collector does not exist (Config\Views). Please check $collectors in the app/Config/Toolbar.php file.
INFO - 2023-05-08 13:58:27 --> Session: Class initialized using 'CodeIgniter\Session\Handlers\FileHandler' driver.
CRITICAL - 2023-05-08 13:58:28 --> Toolbar collector does not exist (Config\Views). Please check $collectors in the app/Config/Toolbar.php file.
INFO - 2023-05-08 13:58:28 --> Session: Class initialized using 'CodeIgniter\Session\Handlers\FileHandler' driver.
CRITICAL - 2023-05-08 14:10:23 --> Toolbar collector does not exist (Config\Views). Please check $collectors in the app/Config/Toolbar.php file.
INFO - 2023-05-08 14:10:23 --> Session: Class initialized using 'CodeIgniter\Session\Handlers\FileHandler' driver.
CRITICAL - 2023-05-08 14:10:24 --> Toolbar collector does not exist (Config\Views). Please check $collectors in the app/Config/Toolbar.php file.
INFO - 2023-05-08 14:10:24 --> Session: Class initialized using 'CodeIgniter\Session\Handlers\FileHandler' driver.
CRITICAL - 2023-05-08 14:10:26 --> Toolbar collector does not exist (Config\Views). Please check $collectors in the app/Config/Toolbar.php file.
INFO - 2023-05-08 14:10:27 --> Session: Class initialized using 'CodeIgniter\Session\Handlers\FileHandler' driver.
CRITICAL - 2023-05-08 14:10:27 --> Toolbar collector does not exist (Config\Views). Please check $collectors in the app/Config/Toolbar.php file.
INFO - 2023-05-08 14:10:27 --> Session: Class initialized using 'CodeIgniter\Session\Handlers\FileHandler' driver.
CRITICAL - 2023-05-08 14:11:49 --> Toolbar collector does not exist (Config\Views). Please check $collectors in the app/Config/Toolbar.php file.
INFO - 2023-05-08 14:11:49 --> Session: Class initialized using 'CodeIgniter\Session\Handlers\FileHandler' driver.
CRITICAL - 2023-05-08 14:11:50 --> Toolbar collector does not exist (Config\Views). Please check $collectors in the app/Config/Toolbar.php file.
INFO - 2023-05-08 14:11:50 --> Session: Class initialized using 'CodeIgniter\Session\Handlers\FileHandler' driver.
CRITICAL - 2023-05-08 15:46:52 --> Toolbar collector does not exist (Config\Views). Please check $collectors in the app/Config/Toolbar.php file.
INFO - 2023-05-08 15:46:52 --> Session: Class initialized using 'CodeIgniter\Session\Handlers\FileHandler' driver.
CRITICAL - 2023-05-08 15:46:53 --> Toolbar collector does not exist (Config\Views). Please check $collectors in the app/Config/Toolbar.php file.
INFO - 2023-05-08 15:46:53 --> Session: Class initialized using 'CodeIgniter\Session\Handlers\FileHandler' driver.
CRITICAL - 2023-05-08 15:46:55 --> Toolbar collector does not exist (Config\Views). Please check $collectors in the app/Config/Toolbar.php file.
INFO - 2023-05-08 15:46:55 --> Session: Class initialized using 'CodeIgniter\Session\Handlers\FileHandler' driver.
CRITICAL - 2023-05-08 15:46:55 --> Toolbar collector does not exist (Config\Views). Please check $collectors in the app/Config/Toolbar.php file.
INFO - 2023-05-08 15:46:55 --> Session: Class initialized using 'CodeIgniter\Session\Handlers\FileHandler' driver.
CRITICAL - 2023-05-08 15:46:57 --> Toolbar collector does not exist (Config\Views). Please check $collectors in the app/Config/Toolbar.php file.
INFO - 2023-05-08 15:46:57 --> Session: Class initialized using 'CodeIgniter\Session\Handlers\FileHandler' driver.
CRITICAL - 2023-05-08 15:46:58 --> Toolbar collector does not exist (Config\Views). Please check $collectors in the app/Config/Toolbar.php file.
INFO - 2023-05-08 15:46:58 --> Session: Class initialized using 'CodeIgniter\Session\Handlers\FileHandler' driver.
CRITICAL - 2023-05-08 15:47:08 --> Toolbar collector does not exist (Config\Views). Please check $collectors in the app/Config/Toolbar.php file.
CRITICAL - 2023-05-08 15:51:54 --> Toolbar collector does not exist (Config\Views). Please check $collectors in the app/Config/Toolbar.php file.
INFO - 2023-05-08 15:51:54 --> Session: Class initialized using 'CodeIgniter\Session\Handlers\FileHandler' driver.
CRITICAL - 2023-05-08 15:51:55 --> Toolbar collector does not exist (Config\Views). Please check $collectors in the app/Config/Toolbar.php file.
INFO - 2023-05-08 15:51:55 --> Session: Class initialized using 'CodeIgniter\Session\Handlers\FileHandler' driver.
CRITICAL - 2023-05-08 15:53:03 --> Toolbar collector does not exist (Config\Views). Please check $collectors in the app/Config/Toolbar.php file.
INFO - 2023-05-08 15:53:03 --> Session: Class initialized using 'CodeIgniter\Session\Handlers\FileHandler' driver.
CRITICAL - 2023-05-08 15:53:04 --> Toolbar collector does not exist (Config\Views). Please check $collectors in the app/Config/Toolbar.php file.
INFO - 2023-05-08 15:53:04 --> Session: Class initialized using 'CodeIgniter\Session\Handlers\FileHandler' driver.
CRITICAL - 2023-05-08 15:54:12 --> Toolbar collector does not exist (Config\Views). Please check $collectors in the app/Config/Toolbar.php file.
INFO - 2023-05-08 15:54:13 --> Session: Class initialized using 'CodeIgniter\Session\Handlers\FileHandler' driver.
CRITICAL - 2023-05-08 15:54:22 --> Toolbar collector does not exist (Config\Views). Please check $collectors in the app/Config/Toolbar.php file.
INFO - 2023-05-08 15:54:22 --> Session: Class initialized using 'CodeIgniter\Session\Handlers\FileHandler' driver.
CRITICAL - 2023-05-08 15:54:23 --> Toolbar collector does not exist (Config\Views). Please check $collectors in the app/Config/Toolbar.php file.
INFO - 2023-05-08 15:54:23 --> Session: Class initialized using 'CodeIgniter\Session\Handlers\FileHandler' driver.
CRITICAL - 2023-05-08 15:54:28 --> Toolbar collector does not exist (Config\Views). Please check $collectors in the app/Config/Toolbar.php file.
CRITICAL - 2023-05-08 15:55:15 --> Toolbar collector does not exist (Config\Views). Please check $collectors in the app/Config/Toolbar.php file.
INFO - 2023-05-08 15:55:15 --> Session: Class initialized using 'CodeIgniter\Session\Handlers\FileHandler' driver.
CRITICAL - 2023-05-08 15:55:15 --> Toolbar collector does not exist (Config\Views). Please check $collectors in the app/Config/Toolbar.php file.
CRITICAL - 2023-05-08 15:55:16 --> Toolbar collector does not exist (Config\Views). Please check $collectors in the app/Config/Toolbar.php file.
INFO - 2023-05-08 15:55:16 --> Session: Class initialized using 'CodeIgniter\Session\Handlers\FileHandler' driver.
CRITICAL - 2023-05-08 15:55:19 --> Toolbar collector does not exist (Config\Views). Please check $collectors in the app/Config/Toolbar.php file.
INFO - 2023-05-08 15:55:19 --> Session: Class initialized using 'CodeIgniter\Session\Handlers\FileHandler' driver.
CRITICAL - 2023-05-08 15:55:20 --> Toolbar collector does not exist (Config\Views). Please check $collectors in the app/Config/Toolbar.php file.
INFO - 2023-05-08 15:55:20 --> Session: Class initialized using 'CodeIgniter\Session\Handlers\FileHandler' driver.
CRITICAL - 2023-05-08 15:55:22 --> Toolbar collector does not exist (Config\Views). Please check $collectors in the app/Config/Toolbar.php file.
INFO - 2023-05-08 15:55:22 --> Session: Class initialized using 'CodeIgniter\Session\Handlers\FileHandler' driver.
CRITICAL - 2023-05-08 15:55:22 --> Toolbar collector does not exist (Config\Views). Please check $collectors in the app/Config/Toolbar.php file.
INFO - 2023-05-08 15:55:22 --> Session: Class initialized using 'CodeIgniter\Session\Handlers\FileHandler' driver.
CRITICAL - 2023-05-08 19:39:04 --> Toolbar collector does not exist (Config\Views). Please check $collectors in the app/Config/Toolbar.php file.
INFO - 2023-05-08 19:39:04 --> Session: Class initialized using 'CodeIgniter\Session\Handlers\FileHandler' driver.
CRITICAL - 2023-05-08 19:39:05 --> Toolbar collector does not exist (Config\Views). Please check $collectors in the app/Config/Toolbar.php file.
INFO - 2023-05-08 19:39:05 --> Session: Class initialized using 'CodeIgniter\Session\Handlers\FileHandler' driver.
ERROR - 2023-05-08 19:39:09 --> Error connecting to the database: mysqli_sql_exception: No connection could be made because the target machine actively refused it in D:\Webdev\work\erroeerrorr\race\system\Database\MySQLi\Connection.php:174
Stack trace:
#0 D:\Webdev\work\erroeerrorr\race\system\Database\MySQLi\Connection.php(174): mysqli->real_connect('localhost', 'root', '', 'edga_race', 3306, '', 0)
#1 D:\Webdev\work\erroeerrorr\race\system\Database\BaseConnection.php(391): CodeIgniter\Database\MySQLi\Connection->connect(false)
#2 D:\Webdev\work\erroeerrorr\race\system\Database\BaseConnection.php(573): CodeIgniter\Database\BaseConnection->initialize()
#3 D:\Webdev\work\erroeerrorr\race\system\Database\BaseBuilder.php(1616): CodeIgniter\Database\BaseConnection->query('SELECT `event_d...', Array, false)
#4 D:\Webdev\work\erroeerrorr\race\app\Controllers\Organizer.php(528): CodeIgniter\Database\BaseBuilder->get()
#5 D:\Webdev\work\erroeerrorr\race\system\CodeIgniter.php(934): App\Controllers\Organizer->get_event_track_results()
#6 D:\Webdev\work\erroeerrorr\race\system\CodeIgniter.php(499): CodeIgniter\CodeIgniter->runController(Object(App\Controllers\Organizer))
#7 D:\Webdev\work\erroeerrorr\race\system\CodeIgniter.php(368): CodeIgniter\CodeIgniter->handleRequest(NULL, Object(Config\Cache), false)
#8 D:\Webdev\work\erroeerrorr\race\public\index.php(68): CodeIgniter\CodeIgniter->run()
#9 D:\Webdev\work\erroeerrorr\race\system\Commands\Server\rewrite.php(47): require_once('D:\\Webdev\\work\\...')
#10 {main}

Next CodeIgniter\Database\Exceptions\DatabaseException: No connection could be made because the target machine actively refused it in D:\Webdev\work\erroeerrorr\race\system\Database\MySQLi\Connection.php:218
Stack trace:
#0 D:\Webdev\work\erroeerrorr\race\system\Database\BaseConnection.php(391): CodeIgniter\Database\MySQLi\Connection->connect(false)
#1 D:\Webdev\work\erroeerrorr\race\system\Database\BaseConnection.php(573): CodeIgniter\Database\BaseConnection->initialize()
#2 D:\Webdev\work\erroeerrorr\race\system\Database\BaseBuilder.php(1616): CodeIgniter\Database\BaseConnection->query('SELECT `event_d...', Array, false)
#3 D:\Webdev\work\erroeerrorr\race\app\Controllers\Organizer.php(528): CodeIgniter\Database\BaseBuilder->get()
#4 D:\Webdev\work\erroeerrorr\race\system\CodeIgniter.php(934): App\Controllers\Organizer->get_event_track_results()
#5 D:\Webdev\work\erroeerrorr\race\system\CodeIgniter.php(499): CodeIgniter\CodeIgniter->runController(Object(App\Controllers\Organizer))
#6 D:\Webdev\work\erroeerrorr\race\system\CodeIgniter.php(368): CodeIgniter\CodeIgniter->handleRequest(NULL, Object(Config\Cache), false)
#7 D:\Webdev\work\erroeerrorr\race\public\index.php(68): CodeIgniter\CodeIgniter->run()
#8 D:\Webdev\work\erroeerrorr\race\system\Commands\Server\rewrite.php(47): require_once('D:\\Webdev\\work\\...')
#9 {main}
CRITICAL - 2023-05-08 19:39:09 --> Unable to connect to the database.
Main connection [MySQLi]: No connection could be made because the target machine actively refused it
in SYSTEMPATH\Database\BaseConnection.php on line 427.
 1 SYSTEMPATH\Database\BaseConnection.php(573): CodeIgniter\Database\BaseConnection->initialize()
 2 SYSTEMPATH\Database\BaseBuilder.php(1616): CodeIgniter\Database\BaseConnection->query('SELECT `event_details`.`id`, `event_details`.`event_id`, `event_details`.`user_id`, `event_details`.`track`, `event_details`.`start`, `event_details`.`end`, `users`.`name`, `users`.`surname`, `users`.`machine`, `users`.`size_of_wheel`
FROM `event_details`
JOIN `users` ON `event_details`.`user_id` = `users`.`id`
WHERE `event_details`.`start` IS NOT NULL
AND `event_details`.`start` != :event_details.start:
AND `event_details`.`end` IS NOT NULL
AND `event_details`.`end` != :event_details.end:', [...], false)
 3 APPPATH\Controllers\Organizer.php(528): CodeIgniter\Database\BaseBuilder->get()
 4 SYSTEMPATH\CodeIgniter.php(934): App\Controllers\Organizer->get_event_track_results()
 5 SYSTEMPATH\CodeIgniter.php(499): CodeIgniter\CodeIgniter->runController(Object(App\Controllers\Organizer))
 6 SYSTEMPATH\CodeIgniter.php(368): CodeIgniter\CodeIgniter->handleRequest(null, Object(Config\Cache), false)
 7 FCPATH\index.php(68): CodeIgniter\CodeIgniter->run()
 8 SYSTEMPATH\Commands\Server\rewrite.php(47): require_once('FCPATH\\index.php')
CRITICAL - 2023-05-08 19:39:09 --> Toolbar collector does not exist (Config\Views). Please check $collectors in the app/Config/Toolbar.php file.
INFO - 2023-05-08 19:39:10 --> Session: Class initialized using 'CodeIgniter\Session\Handlers\FileHandler' driver.
CRITICAL - 2023-05-08 19:39:10 --> Toolbar collector does not exist (Config\Views). Please check $collectors in the app/Config/Toolbar.php file.
INFO - 2023-05-08 19:39:10 --> Session: Class initialized using 'CodeIgniter\Session\Handlers\FileHandler' driver.
CRITICAL - 2023-05-08 19:39:10 --> Toolbar collector does not exist (Config\Views). Please check $collectors in the app/Config/Toolbar.php file.
INFO - 2023-05-08 19:39:10 --> Session: Class initialized using 'CodeIgniter\Session\Handlers\FileHandler' driver.
ERROR - 2023-05-08 19:39:14 --> Error connecting to the database: mysqli_sql_exception: No connection could be made because the target machine actively refused it in D:\Webdev\work\erroeerrorr\race\system\Database\MySQLi\Connection.php:174
Stack trace:
#0 D:\Webdev\work\erroeerrorr\race\system\Database\MySQLi\Connection.php(174): mysqli->real_connect('localhost', 'root', '', 'edga_race', 3306, '', 0)
#1 D:\Webdev\work\erroeerrorr\race\system\Database\BaseConnection.php(391): CodeIgniter\Database\MySQLi\Connection->connect(false)
#2 D:\Webdev\work\erroeerrorr\race\system\Database\BaseConnection.php(573): CodeIgniter\Database\BaseConnection->initialize()
#3 D:\Webdev\work\erroeerrorr\race\system\Database\BaseBuilder.php(1616): CodeIgniter\Database\BaseConnection->query('SELECT `event_d...', Array, false)
#4 D:\Webdev\work\erroeerrorr\race\app\Controllers\Organizer.php(528): CodeIgniter\Database\BaseBuilder->get()
#5 D:\Webdev\work\erroeerrorr\race\system\CodeIgniter.php(934): App\Controllers\Organizer->get_event_track_results()
#6 D:\Webdev\work\erroeerrorr\race\system\CodeIgniter.php(499): CodeIgniter\CodeIgniter->runController(Object(App\Controllers\Organizer))
#7 D:\Webdev\work\erroeerrorr\race\system\CodeIgniter.php(368): CodeIgniter\CodeIgniter->handleRequest(NULL, Object(Config\Cache), false)
#8 D:\Webdev\work\erroeerrorr\race\public\index.php(68): CodeIgniter\CodeIgniter->run()
#9 D:\Webdev\work\erroeerrorr\race\system\Commands\Server\rewrite.php(47): require_once('D:\\Webdev\\work\\...')
#10 {main}

Next CodeIgniter\Database\Exceptions\DatabaseException: No connection could be made because the target machine actively refused it in D:\Webdev\work\erroeerrorr\race\system\Database\MySQLi\Connection.php:218
Stack trace:
#0 D:\Webdev\work\erroeerrorr\race\system\Database\BaseConnection.php(391): CodeIgniter\Database\MySQLi\Connection->connect(false)
#1 D:\Webdev\work\erroeerrorr\race\system\Database\BaseConnection.php(573): CodeIgniter\Database\BaseConnection->initialize()
#2 D:\Webdev\work\erroeerrorr\race\system\Database\BaseBuilder.php(1616): CodeIgniter\Database\BaseConnection->query('SELECT `event_d...', Array, false)
#3 D:\Webdev\work\erroeerrorr\race\app\Controllers\Organizer.php(528): CodeIgniter\Database\BaseBuilder->get()
#4 D:\Webdev\work\erroeerrorr\race\system\CodeIgniter.php(934): App\Controllers\Organizer->get_event_track_results()
#5 D:\Webdev\work\erroeerrorr\race\system\CodeIgniter.php(499): CodeIgniter\CodeIgniter->runController(Object(App\Controllers\Organizer))
#6 D:\Webdev\work\erroeerrorr\race\system\CodeIgniter.php(368): CodeIgniter\CodeIgniter->handleRequest(NULL, Object(Config\Cache), false)
#7 D:\Webdev\work\erroeerrorr\race\public\index.php(68): CodeIgniter\CodeIgniter->run()
#8 D:\Webdev\work\erroeerrorr\race\system\Commands\Server\rewrite.php(47): require_once('D:\\Webdev\\work\\...')
#9 {main}
CRITICAL - 2023-05-08 19:39:14 --> Unable to connect to the database.
Main connection [MySQLi]: No connection could be made because the target machine actively refused it
in SYSTEMPATH\Database\BaseConnection.php on line 427.
 1 SYSTEMPATH\Database\BaseConnection.php(573): CodeIgniter\Database\BaseConnection->initialize()
 2 SYSTEMPATH\Database\BaseBuilder.php(1616): CodeIgniter\Database\BaseConnection->query('SELECT `event_details`.`id`, `event_details`.`event_id`, `event_details`.`user_id`, `event_details`.`track`, `event_details`.`start`, `event_details`.`end`, `users`.`name`, `users`.`surname`, `users`.`machine`, `users`.`size_of_wheel`
FROM `event_details`
JOIN `users` ON `event_details`.`user_id` = `users`.`id`
WHERE `event_details`.`start` IS NOT NULL
AND `event_details`.`start` != :event_details.start:
AND `event_details`.`end` IS NOT NULL
AND `event_details`.`end` != :event_details.end:', [...], false)
 3 APPPATH\Controllers\Organizer.php(528): CodeIgniter\Database\BaseBuilder->get()
 4 SYSTEMPATH\CodeIgniter.php(934): App\Controllers\Organizer->get_event_track_results()
 5 SYSTEMPATH\CodeIgniter.php(499): CodeIgniter\CodeIgniter->runController(Object(App\Controllers\Organizer))
 6 SYSTEMPATH\CodeIgniter.php(368): CodeIgniter\CodeIgniter->handleRequest(null, Object(Config\Cache), false)
 7 FCPATH\index.php(68): CodeIgniter\CodeIgniter->run()
 8 SYSTEMPATH\Commands\Server\rewrite.php(47): require_once('FCPATH\\index.php')
CRITICAL - 2023-05-08 19:39:15 --> Toolbar collector does not exist (Config\Views). Please check $collectors in the app/Config/Toolbar.php file.
INFO - 2023-05-08 19:39:15 --> Session: Class initialized using 'CodeIgniter\Session\Handlers\FileHandler' driver.
CRITICAL - 2023-05-08 19:39:42 --> Toolbar collector does not exist (Config\Views). Please check $collectors in the app/Config/Toolbar.php file.
INFO - 2023-05-08 19:39:42 --> Session: Class initialized using 'CodeIgniter\Session\Handlers\FileHandler' driver.
ERROR - 2023-05-08 19:39:46 --> Error connecting to the database: mysqli_sql_exception: No connection could be made because the target machine actively refused it in D:\Webdev\work\erroeerrorr\race\system\Database\MySQLi\Connection.php:174
Stack trace:
#0 D:\Webdev\work\erroeerrorr\race\system\Database\MySQLi\Connection.php(174): mysqli->real_connect('localhost', 'root', '', 'edga_race', 3306, '', 0)
#1 D:\Webdev\work\erroeerrorr\race\system\Database\BaseConnection.php(391): CodeIgniter\Database\MySQLi\Connection->connect(false)
#2 D:\Webdev\work\erroeerrorr\race\system\Database\BaseConnection.php(573): CodeIgniter\Database\BaseConnection->initialize()
#3 D:\Webdev\work\erroeerrorr\race\system\Database\BaseBuilder.php(1616): CodeIgniter\Database\BaseConnection->query('SELECT *\nFROM `...', Array, false)
#4 D:\Webdev\work\erroeerrorr\race\system\Model.php(268): CodeIgniter\Database\BaseBuilder->get()
#5 D:\Webdev\work\erroeerrorr\race\system\BaseModel.php(656): CodeIgniter\Model->doFirst()
#6 D:\Webdev\work\erroeerrorr\race\app\Controllers\Home.php(33): CodeIgniter\BaseModel->first()
#7 D:\Webdev\work\erroeerrorr\race\system\CodeIgniter.php(934): App\Controllers\Home->login()
#8 D:\Webdev\work\erroeerrorr\race\system\CodeIgniter.php(499): CodeIgniter\CodeIgniter->runController(Object(App\Controllers\Home))
#9 D:\Webdev\work\erroeerrorr\race\system\CodeIgniter.php(368): CodeIgniter\CodeIgniter->handleRequest(NULL, Object(Config\Cache), false)
#10 D:\Webdev\work\erroeerrorr\race\public\index.php(68): CodeIgniter\CodeIgniter->run()
#11 D:\Webdev\work\erroeerrorr\race\system\Commands\Server\rewrite.php(47): require_once('D:\\Webdev\\work\\...')
#12 {main}

Next CodeIgniter\Database\Exceptions\DatabaseException: No connection could be made because the target machine actively refused it in D:\Webdev\work\erroeerrorr\race\system\Database\MySQLi\Connection.php:218
Stack trace:
#0 D:\Webdev\work\erroeerrorr\race\system\Database\BaseConnection.php(391): CodeIgniter\Database\MySQLi\Connection->connect(false)
#1 D:\Webdev\work\erroeerrorr\race\system\Database\BaseConnection.php(573): CodeIgniter\Database\BaseConnection->initialize()
#2 D:\Webdev\work\erroeerrorr\race\system\Database\BaseBuilder.php(1616): CodeIgniter\Database\BaseConnection->query('SELECT *\nFROM `...', Array, false)
#3 D:\Webdev\work\erroeerrorr\race\system\Model.php(268): CodeIgniter\Database\BaseBuilder->get()
#4 D:\Webdev\work\erroeerrorr\race\system\BaseModel.php(656): CodeIgniter\Model->doFirst()
#5 D:\Webdev\work\erroeerrorr\race\app\Controllers\Home.php(33): CodeIgniter\BaseModel->first()
#6 D:\Webdev\work\erroeerrorr\race\system\CodeIgniter.php(934): App\Controllers\Home->login()
#7 D:\Webdev\work\erroeerrorr\race\system\CodeIgniter.php(499): CodeIgniter\CodeIgniter->runController(Object(App\Controllers\Home))
#8 D:\Webdev\work\erroeerrorr\race\system\CodeIgniter.php(368): CodeIgniter\CodeIgniter->handleRequest(NULL, Object(Config\Cache), false)
#9 D:\Webdev\work\erroeerrorr\race\public\index.php(68): CodeIgniter\CodeIgniter->run()
#10 D:\Webdev\work\erroeerrorr\race\system\Commands\Server\rewrite.php(47): require_once('D:\\Webdev\\work\\...')
#11 {main}
CRITICAL - 2023-05-08 19:39:46 --> Unable to connect to the database.
Main connection [MySQLi]: No connection could be made because the target machine actively refused it
in SYSTEMPATH\Database\BaseConnection.php on line 427.
 1 SYSTEMPATH\Database\BaseConnection.php(573): CodeIgniter\Database\BaseConnection->initialize()
 2 SYSTEMPATH\Database\BaseBuilder.php(1616): CodeIgniter\Database\BaseConnection->query('SELECT *
FROM `users`
WHERE `email` = :email:
 LIMIT 1', [...], false)
 3 SYSTEMPATH\Model.php(268): CodeIgniter\Database\BaseBuilder->get()
 4 SYSTEMPATH\BaseModel.php(656): CodeIgniter\Model->doFirst()
 5 APPPATH\Controllers\Home.php(33): CodeIgniter\BaseModel->first()
 6 SYSTEMPATH\CodeIgniter.php(934): App\Controllers\Home->login()
 7 SYSTEMPATH\CodeIgniter.php(499): CodeIgniter\CodeIgniter->runController(Object(App\Controllers\Home))
 8 SYSTEMPATH\CodeIgniter.php(368): CodeIgniter\CodeIgniter->handleRequest(null, Object(Config\Cache), false)
 9 FCPATH\index.php(68): CodeIgniter\CodeIgniter->run()
10 SYSTEMPATH\Commands\Server\rewrite.php(47): require_once('FCPATH\\index.php')
CRITICAL - 2023-05-08 19:39:46 --> Toolbar collector does not exist (Config\Views). Please check $collectors in the app/Config/Toolbar.php file.
INFO - 2023-05-08 19:39:46 --> Session: Class initialized using 'CodeIgniter\Session\Handlers\FileHandler' driver.
CRITICAL - 2023-05-08 19:39:59 --> Toolbar collector does not exist (Config\Views). Please check $collectors in the app/Config/Toolbar.php file.
INFO - 2023-05-08 19:39:59 --> Session: Class initialized using 'CodeIgniter\Session\Handlers\FileHandler' driver.
CRITICAL - 2023-05-08 19:39:59 --> Toolbar collector does not exist (Config\Views). Please check $collectors in the app/Config/Toolbar.php file.
INFO - 2023-05-08 19:39:59 --> Session: Class initialized using 'CodeIgniter\Session\Handlers\FileHandler' driver.
CRITICAL - 2023-05-08 19:40:00 --> Toolbar collector does not exist (Config\Views). Please check $collectors in the app/Config/Toolbar.php file.
INFO - 2023-05-08 19:40:00 --> Session: Class initialized using 'CodeIgniter\Session\Handlers\FileHandler' driver.
CRITICAL - 2023-05-08 20:41:09 --> Toolbar collector does not exist (Config\Views). Please check $collectors in the app/Config/Toolbar.php file.
INFO - 2023-05-08 20:41:10 --> Session: Class initialized using 'CodeIgniter\Session\Handlers\FileHandler' driver.
CRITICAL - 2023-05-08 20:41:11 --> Toolbar collector does not exist (Config\Views). Please check $collectors in the app/Config/Toolbar.php file.
INFO - 2023-05-08 20:41:11 --> Session: Class initialized using 'CodeIgniter\Session\Handlers\FileHandler' driver.
CRITICAL - 2023-05-08 20:41:14 --> Toolbar collector does not exist (Config\Views). Please check $collectors in the app/Config/Toolbar.php file.
INFO - 2023-05-08 20:41:14 --> Session: Class initialized using 'CodeIgniter\Session\Handlers\FileHandler' driver.
CRITICAL - 2023-05-08 20:41:15 --> Toolbar collector does not exist (Config\Views). Please check $collectors in the app/Config/Toolbar.php file.
INFO - 2023-05-08 20:41:15 --> Session: Class initialized using 'CodeIgniter\Session\Handlers\FileHandler' driver.
CRITICAL - 2023-05-08 20:41:15 --> Toolbar collector does not exist (Config\Views). Please check $collectors in the app/Config/Toolbar.php file.
INFO - 2023-05-08 20:41:15 --> Session: Class initialized using 'CodeIgniter\Session\Handlers\FileHandler' driver.
CRITICAL - 2023-05-08 22:01:00 --> Toolbar collector does not exist (Config\Views). Please check $collectors in the app/Config/Toolbar.php file.
INFO - 2023-05-08 22:01:00 --> Session: Class initialized using 'CodeIgniter\Session\Handlers\FileHandler' driver.
CRITICAL - 2023-05-08 22:01:01 --> Toolbar collector does not exist (Config\Views). Please check $collectors in the app/Config/Toolbar.php file.
INFO - 2023-05-08 22:01:01 --> Session: Class initialized using 'CodeIgniter\Session\Handlers\FileHandler' driver.
CRITICAL - 2023-05-08 22:15:13 --> Toolbar collector does not exist (Config\Views). Please check $collectors in the app/Config/Toolbar.php file.
INFO - 2023-05-08 22:15:13 --> Session: Class initialized using 'CodeIgniter\Session\Handlers\FileHandler' driver.
CRITICAL - 2023-05-08 22:15:13 --> Toolbar collector does not exist (Config\Views). Please check $collectors in the app/Config/Toolbar.php file.
INFO - 2023-05-08 22:15:13 --> Session: Class initialized using 'CodeIgniter\Session\Handlers\FileHandler' driver.
CRITICAL - 2023-05-08 22:18:28 --> Toolbar collector does not exist (Config\Views). Please check $collectors in the app/Config/Toolbar.php file.
INFO - 2023-05-08 22:18:28 --> Session: Class initialized using 'CodeIgniter\Session\Handlers\FileHandler' driver.
CRITICAL - 2023-05-08 22:18:29 --> Toolbar collector does not exist (Config\Views). Please check $collectors in the app/Config/Toolbar.php file.
INFO - 2023-05-08 22:18:29 --> Session: Class initialized using 'CodeIgniter\Session\Handlers\FileHandler' driver.
CRITICAL - 2023-05-08 22:19:46 --> Toolbar collector does not exist (Config\Views). Please check $collectors in the app/Config/Toolbar.php file.
INFO - 2023-05-08 22:19:46 --> Session: Class initialized using 'CodeIgniter\Session\Handlers\FileHandler' driver.
CRITICAL - 2023-05-08 22:19:47 --> Toolbar collector does not exist (Config\Views). Please check $collectors in the app/Config/Toolbar.php file.
INFO - 2023-05-08 22:19:47 --> Session: Class initialized using 'CodeIgniter\Session\Handlers\FileHandler' driver.
CRITICAL - 2023-05-08 22:19:49 --> Toolbar collector does not exist (Config\Views). Please check $collectors in the app/Config/Toolbar.php file.
INFO - 2023-05-08 22:19:49 --> Session: Class initialized using 'CodeIgniter\Session\Handlers\FileHandler' driver.
CRITICAL - 2023-05-08 22:19:50 --> Toolbar collector does not exist (Config\Views). Please check $collectors in the app/Config/Toolbar.php file.
INFO - 2023-05-08 22:19:50 --> Session: Class initialized using 'CodeIgniter\Session\Handlers\FileHandler' driver.
CRITICAL - 2023-05-08 22:20:04 --> Toolbar collector does not exist (Config\Views). Please check $collectors in the app/Config/Toolbar.php file.
INFO - 2023-05-08 22:20:04 --> Session: Class initialized using 'CodeIgniter\Session\Handlers\FileHandler' driver.
CRITICAL - 2023-05-08 22:20:05 --> Toolbar collector does not exist (Config\Views). Please check $collectors in the app/Config/Toolbar.php file.
INFO - 2023-05-08 22:20:05 --> Session: Class initialized using 'CodeIgniter\Session\Handlers\FileHandler' driver.
CRITICAL - 2023-05-08 22:20:08 --> Toolbar collector does not exist (Config\Views). Please check $collectors in the app/Config/Toolbar.php file.
INFO - 2023-05-08 22:20:08 --> Session: Class initialized using 'CodeIgniter\Session\Handlers\FileHandler' driver.
CRITICAL - 2023-05-08 22:20:08 --> Toolbar collector does not exist (Config\Views). Please check $collectors in the app/Config/Toolbar.php file.
INFO - 2023-05-08 22:20:09 --> Session: Class initialized using 'CodeIgniter\Session\Handlers\FileHandler' driver.
CRITICAL - 2023-05-08 22:23:20 --> Toolbar collector does not exist (Config\Views). Please check $collectors in the app/Config/Toolbar.php file.
INFO - 2023-05-08 22:23:20 --> Session: Class initialized using 'CodeIgniter\Session\Handlers\FileHandler' driver.
CRITICAL - 2023-05-08 22:23:21 --> Toolbar collector does not exist (Config\Views). Please check $collectors in the app/Config/Toolbar.php file.
INFO - 2023-05-08 22:23:21 --> Session: Class initialized using 'CodeIgniter\Session\Handlers\FileHandler' driver.
CRITICAL - 2023-05-08 22:23:24 --> Toolbar collector does not exist (Config\Views). Please check $collectors in the app/Config/Toolbar.php file.
INFO - 2023-05-08 22:23:24 --> Session: Class initialized using 'CodeIgniter\Session\Handlers\FileHandler' driver.
CRITICAL - 2023-05-08 22:23:24 --> Toolbar collector does not exist (Config\Views). Please check $collectors in the app/Config/Toolbar.php file.
INFO - 2023-05-08 22:23:24 --> Session: Class initialized using 'CodeIgniter\Session\Handlers\FileHandler' driver.
CRITICAL - 2023-05-08 22:23:36 --> Toolbar collector does not exist (Config\Views). Please check $collectors in the app/Config/Toolbar.php file.
INFO - 2023-05-08 22:23:36 --> Session: Class initialized using 'CodeIgniter\Session\Handlers\FileHandler' driver.
CRITICAL - 2023-05-08 22:23:36 --> Toolbar collector does not exist (Config\Views). Please check $collectors in the app/Config/Toolbar.php file.
INFO - 2023-05-08 22:23:36 --> Session: Class initialized using 'CodeIgniter\Session\Handlers\FileHandler' driver.
CRITICAL - 2023-05-08 22:23:50 --> Toolbar collector does not exist (Config\Views). Please check $collectors in the app/Config/Toolbar.php file.
INFO - 2023-05-08 22:23:51 --> Session: Class initialized using 'CodeIgniter\Session\Handlers\FileHandler' driver.
CRITICAL - 2023-05-08 22:23:51 --> Toolbar collector does not exist (Config\Views). Please check $collectors in the app/Config/Toolbar.php file.
INFO - 2023-05-08 22:23:51 --> Session: Class initialized using 'CodeIgniter\Session\Handlers\FileHandler' driver.
CRITICAL - 2023-05-08 22:34:43 --> Toolbar collector does not exist (Config\Views). Please check $collectors in the app/Config/Toolbar.php file.
INFO - 2023-05-08 22:34:43 --> Session: Class initialized using 'CodeIgniter\Session\Handlers\FileHandler' driver.
CRITICAL - 2023-05-08 22:34:44 --> Toolbar collector does not exist (Config\Views). Please check $collectors in the app/Config/Toolbar.php file.
INFO - 2023-05-08 22:34:44 --> Session: Class initialized using 'CodeIgniter\Session\Handlers\FileHandler' driver.
CRITICAL - 2023-05-08 22:34:44 --> Toolbar collector does not exist (Config\Views). Please check $collectors in the app/Config/Toolbar.php file.
INFO - 2023-05-08 22:34:44 --> Session: Class initialized using 'CodeIgniter\Session\Handlers\FileHandler' driver.
CRITICAL - 2023-05-08 22:34:45 --> Toolbar collector does not exist (Config\Views). Please check $collectors in the app/Config/Toolbar.php file.
INFO - 2023-05-08 22:34:45 --> Session: Class initialized using 'CodeIgniter\Session\Handlers\FileHandler' driver.
CRITICAL - 2023-05-08 22:34:45 --> Toolbar collector does not exist (Config\Views). Please check $collectors in the app/Config/Toolbar.php file.
INFO - 2023-05-08 22:34:46 --> Session: Class initialized using 'CodeIgniter\Session\Handlers\FileHandler' driver.
CRITICAL - 2023-05-08 22:34:46 --> Toolbar collector does not exist (Config\Views). Please check $collectors in the app/Config/Toolbar.php file.
INFO - 2023-05-08 22:34:46 --> Session: Class initialized using 'CodeIgniter\Session\Handlers\FileHandler' driver.
CRITICAL - 2023-05-08 22:35:05 --> Toolbar collector does not exist (Config\Views). Please check $collectors in the app/Config/Toolbar.php file.
INFO - 2023-05-08 22:35:05 --> Session: Class initialized using 'CodeIgniter\Session\Handlers\FileHandler' driver.
CRITICAL - 2023-05-08 22:35:06 --> Toolbar collector does not exist (Config\Views). Please check $collectors in the app/Config/Toolbar.php file.
INFO - 2023-05-08 22:35:06 --> Session: Class initialized using 'CodeIgniter\Session\Handlers\FileHandler' driver.
CRITICAL - 2023-05-08 22:35:08 --> Toolbar collector does not exist (Config\Views). Please check $collectors in the app/Config/Toolbar.php file.
INFO - 2023-05-08 22:35:08 --> Session: Class initialized using 'CodeIgniter\Session\Handlers\FileHandler' driver.
CRITICAL - 2023-05-08 22:35:09 --> Toolbar collector does not exist (Config\Views). Please check $collectors in the app/Config/Toolbar.php file.
INFO - 2023-05-08 22:35:09 --> Session: Class initialized using 'CodeIgniter\Session\Handlers\FileHandler' driver.
CRITICAL - 2023-05-08 22:35:12 --> Toolbar collector does not exist (Config\Views). Please check $collectors in the app/Config/Toolbar.php file.
INFO - 2023-05-08 22:35:12 --> Session: Class initialized using 'CodeIgniter\Session\Handlers\FileHandler' driver.
CRITICAL - 2023-05-08 22:35:13 --> Toolbar collector does not exist (Config\Views). Please check $collectors in the app/Config/Toolbar.php file.
INFO - 2023-05-08 22:35:13 --> Session: Class initialized using 'CodeIgniter\Session\Handlers\FileHandler' driver.
CRITICAL - 2023-05-08 22:42:16 --> Toolbar collector does not exist (Config\Views). Please check $collectors in the app/Config/Toolbar.php file.
INFO - 2023-05-08 22:42:16 --> Session: Class initialized using 'CodeIgniter\Session\Handlers\FileHandler' driver.
CRITICAL - 2023-05-08 22:42:16 --> Toolbar collector does not exist (Config\Views). Please check $collectors in the app/Config/Toolbar.php file.
INFO - 2023-05-08 22:42:16 --> Session: Class initialized using 'CodeIgniter\Session\Handlers\FileHandler' driver.
CRITICAL - 2023-05-08 22:46:47 --> Toolbar collector does not exist (Config\Views). Please check $collectors in the app/Config/Toolbar.php file.
INFO - 2023-05-08 22:46:47 --> Session: Class initialized using 'CodeIgniter\Session\Handlers\FileHandler' driver.
CRITICAL - 2023-05-08 22:46:48 --> Toolbar collector does not exist (Config\Views). Please check $collectors in the app/Config/Toolbar.php file.
INFO - 2023-05-08 22:46:48 --> Session: Class initialized using 'CodeIgniter\Session\Handlers\FileHandler' driver.
CRITICAL - 2023-05-08 22:46:51 --> Toolbar collector does not exist (Config\Views). Please check $collectors in the app/Config/Toolbar.php file.
INFO - 2023-05-08 22:46:51 --> Session: Class initialized using 'CodeIgniter\Session\Handlers\FileHandler' driver.
CRITICAL - 2023-05-08 22:46:52 --> Toolbar collector does not exist (Config\Views). Please check $collectors in the app/Config/Toolbar.php file.
INFO - 2023-05-08 22:46:52 --> Session: Class initialized using 'CodeIgniter\Session\Handlers\FileHandler' driver.
CRITICAL - 2023-05-08 22:49:08 --> Toolbar collector does not exist (Config\Views). Please check $collectors in the app/Config/Toolbar.php file.
INFO - 2023-05-08 22:49:08 --> Session: Class initialized using 'CodeIgniter\Session\Handlers\FileHandler' driver.
CRITICAL - 2023-05-08 22:49:09 --> Toolbar collector does not exist (Config\Views). Please check $collectors in the app/Config/Toolbar.php file.
INFO - 2023-05-08 22:49:09 --> Session: Class initialized using 'CodeIgniter\Session\Handlers\FileHandler' driver.
CRITICAL - 2023-05-08 22:49:09 --> Toolbar collector does not exist (Config\Views). Please check $collectors in the app/Config/Toolbar.php file.
INFO - 2023-05-08 22:49:09 --> Session: Class initialized using 'CodeIgniter\Session\Handlers\FileHandler' driver.
CRITICAL - 2023-05-08 22:49:10 --> Toolbar collector does not exist (Config\Views). Please check $collectors in the app/Config/Toolbar.php file.
INFO - 2023-05-08 22:49:10 --> Session: Class initialized using 'CodeIgniter\Session\Handlers\FileHandler' driver.
CRITICAL - 2023-05-08 22:49:11 --> Toolbar collector does not exist (Config\Views). Please check $collectors in the app/Config/Toolbar.php file.
INFO - 2023-05-08 22:49:11 --> Session: Class initialized using 'CodeIgniter\Session\Handlers\FileHandler' driver.
CRITICAL - 2023-05-08 22:49:11 --> Toolbar collector does not exist (Config\Views). Please check $collectors in the app/Config/Toolbar.php file.
INFO - 2023-05-08 22:49:11 --> Session: Class initialized using 'CodeIgniter\Session\Handlers\FileHandler' driver.
CRITICAL - 2023-05-08 22:49:12 --> Toolbar collector does not exist (Config\Views). Please check $collectors in the app/Config/Toolbar.php file.
INFO - 2023-05-08 22:49:12 --> Session: Class initialized using 'CodeIgniter\Session\Handlers\FileHandler' driver.
CRITICAL - 2023-05-08 22:50:08 --> Toolbar collector does not exist (Config\Views). Please check $collectors in the app/Config/Toolbar.php file.
INFO - 2023-05-08 22:50:08 --> Session: Class initialized using 'CodeIgniter\Session\Handlers\FileHandler' driver.
CRITICAL - 2023-05-08 22:50:08 --> Toolbar collector does not exist (Config\Views). Please check $collectors in the app/Config/Toolbar.php file.
INFO - 2023-05-08 22:50:08 --> Session: Class initialized using 'CodeIgniter\Session\Handlers\FileHandler' driver.
CRITICAL - 2023-05-08 22:50:26 --> Toolbar collector does not exist (Config\Views). Please check $collectors in the app/Config/Toolbar.php file.
INFO - 2023-05-08 22:50:26 --> Session: Class initialized using 'CodeIgniter\Session\Handlers\FileHandler' driver.
CRITICAL - 2023-05-08 22:50:27 --> Toolbar collector does not exist (Config\Views). Please check $collectors in the app/Config/Toolbar.php file.
INFO - 2023-05-08 22:50:27 --> Session: Class initialized using 'CodeIgniter\Session\Handlers\FileHandler' driver.
CRITICAL - 2023-05-08 22:50:58 --> Toolbar collector does not exist (Config\Views). Please check $collectors in the app/Config/Toolbar.php file.
INFO - 2023-05-08 22:50:58 --> Session: Class initialized using 'CodeIgniter\Session\Handlers\FileHandler' driver.
CRITICAL - 2023-05-08 22:50:59 --> Toolbar collector does not exist (Config\Views). Please check $collectors in the app/Config/Toolbar.php file.
INFO - 2023-05-08 22:50:59 --> Session: Class initialized using 'CodeIgniter\Session\Handlers\FileHandler' driver.
CRITICAL - 2023-05-08 22:51:16 --> Toolbar collector does not exist (Config\Views). Please check $collectors in the app/Config/Toolbar.php file.
INFO - 2023-05-08 22:51:16 --> Session: Class initialized using 'CodeIgniter\Session\Handlers\FileHandler' driver.
CRITICAL - 2023-05-08 22:51:17 --> Toolbar collector does not exist (Config\Views). Please check $collectors in the app/Config/Toolbar.php file.
INFO - 2023-05-08 22:51:17 --> Session: Class initialized using 'CodeIgniter\Session\Handlers\FileHandler' driver.
CRITICAL - 2023-05-08 22:52:04 --> Toolbar collector does not exist (Config\Views). Please check $collectors in the app/Config/Toolbar.php file.
INFO - 2023-05-08 22:52:04 --> Session: Class initialized using 'CodeIgniter\Session\Handlers\FileHandler' driver.
CRITICAL - 2023-05-08 22:52:04 --> Toolbar collector does not exist (Config\Views). Please check $collectors in the app/Config/Toolbar.php file.
INFO - 2023-05-08 22:52:04 --> Session: Class initialized using 'CodeIgniter\Session\Handlers\FileHandler' driver.
CRITICAL - 2023-05-08 22:53:02 --> Toolbar collector does not exist (Config\Views). Please check $collectors in the app/Config/Toolbar.php file.
INFO - 2023-05-08 22:53:02 --> Session: Class initialized using 'CodeIgniter\Session\Handlers\FileHandler' driver.
CRITICAL - 2023-05-08 22:53:02 --> Toolbar collector does not exist (Config\Views). Please check $collectors in the app/Config/Toolbar.php file.
INFO - 2023-05-08 22:53:03 --> Session: Class initialized using 'CodeIgniter\Session\Handlers\FileHandler' driver.
CRITICAL - 2023-05-08 22:53:18 --> Toolbar collector does not exist (Config\Views). Please check $collectors in the app/Config/Toolbar.php file.
INFO - 2023-05-08 22:53:18 --> Session: Class initialized using 'CodeIgniter\Session\Handlers\FileHandler' driver.
CRITICAL - 2023-05-08 22:53:18 --> Toolbar collector does not exist (Config\Views). Please check $collectors in the app/Config/Toolbar.php file.
INFO - 2023-05-08 22:53:18 --> Session: Class initialized using 'CodeIgniter\Session\Handlers\FileHandler' driver.
CRITICAL - 2023-05-08 22:54:25 --> Toolbar collector does not exist (Config\Views). Please check $collectors in the app/Config/Toolbar.php file.
INFO - 2023-05-08 22:54:25 --> Session: Class initialized using 'CodeIgniter\Session\Handlers\FileHandler' driver.
CRITICAL - 2023-05-08 22:54:26 --> Toolbar collector does not exist (Config\Views). Please check $collectors in the app/Config/Toolbar.php file.
INFO - 2023-05-08 22:54:26 --> Session: Class initialized using 'CodeIgniter\Session\Handlers\FileHandler' driver.
CRITICAL - 2023-05-08 22:54:36 --> Toolbar collector does not exist (Config\Views). Please check $collectors in the app/Config/Toolbar.php file.
INFO - 2023-05-08 22:54:36 --> Session: Class initialized using 'CodeIgniter\Session\Handlers\FileHandler' driver.
CRITICAL - 2023-05-08 22:54:36 --> Toolbar collector does not exist (Config\Views). Please check $collectors in the app/Config/Toolbar.php file.
INFO - 2023-05-08 22:54:36 --> Session: Class initialized using 'CodeIgniter\Session\Handlers\FileHandler' driver.
CRITICAL - 2023-05-08 22:54:56 --> Toolbar collector does not exist (Config\Views). Please check $collectors in the app/Config/Toolbar.php file.
INFO - 2023-05-08 22:54:56 --> Session: Class initialized using 'CodeIgniter\Session\Handlers\FileHandler' driver.
CRITICAL - 2023-05-08 22:54:57 --> Toolbar collector does not exist (Config\Views). Please check $collectors in the app/Config/Toolbar.php file.
INFO - 2023-05-08 22:54:57 --> Session: Class initialized using 'CodeIgniter\Session\Handlers\FileHandler' driver.
CRITICAL - 2023-05-08 23:03:11 --> Toolbar collector does not exist (Config\Views). Please check $collectors in the app/Config/Toolbar.php file.
CRITICAL - 2023-05-08 23:05:19 --> Toolbar collector does not exist (Config\Views). Please check $collectors in the app/Config/Toolbar.php file.
CRITICAL - 2023-05-08 23:05:36 --> Toolbar collector does not exist (Config\Views). Please check $collectors in the app/Config/Toolbar.php file.
INFO - 2023-05-08 23:05:37 --> Session: Class initialized using 'CodeIgniter\Session\Handlers\FileHandler' driver.
CRITICAL - 2023-05-08 23:05:37 --> Toolbar collector does not exist (Config\Views). Please check $collectors in the app/Config/Toolbar.php file.
CRITICAL - 2023-05-08 23:05:38 --> Toolbar collector does not exist (Config\Views). Please check $collectors in the app/Config/Toolbar.php file.
INFO - 2023-05-08 23:05:38 --> Session: Class initialized using 'CodeIgniter\Session\Handlers\FileHandler' driver.
CRITICAL - 2023-05-08 23:07:19 --> Toolbar collector does not exist (Config\Views). Please check $collectors in the app/Config/Toolbar.php file.
CRITICAL - 2023-05-08 23:16:20 --> Toolbar collector does not exist (Config\Views). Please check $collectors in the app/Config/Toolbar.php file.
INFO - 2023-05-08 23:16:20 --> Session: Class initialized using 'CodeIgniter\Session\Handlers\FileHandler' driver.
CRITICAL - 2023-05-08 23:16:21 --> Toolbar collector does not exist (Config\Views). Please check $collectors in the app/Config/Toolbar.php file.
INFO - 2023-05-08 23:16:21 --> Session: Class initialized using 'CodeIgniter\Session\Handlers\FileHandler' driver.
CRITICAL - 2023-05-08 23:16:21 --> Toolbar collector does not exist (Config\Views). Please check $collectors in the app/Config/Toolbar.php file.
INFO - 2023-05-08 23:16:21 --> Session: Class initialized using 'CodeIgniter\Session\Handlers\FileHandler' driver.
CRITICAL - 2023-05-08 23:16:22 --> Toolbar collector does not exist (Config\Views). Please check $collectors in the app/Config/Toolbar.php file.
INFO - 2023-05-08 23:16:22 --> Session: Class initialized using 'CodeIgniter\Session\Handlers\FileHandler' driver.
CRITICAL - 2023-05-08 23:16:22 --> Toolbar collector does not exist (Config\Views). Please check $collectors in the app/Config/Toolbar.php file.
INFO - 2023-05-08 23:16:22 --> Session: Class initialized using 'CodeIgniter\Session\Handlers\FileHandler' driver.
CRITICAL - 2023-05-08 23:16:23 --> Toolbar collector does not exist (Config\Views). Please check $collectors in the app/Config/Toolbar.php file.
INFO - 2023-05-08 23:16:23 --> Session: Class initialized using 'CodeIgniter\Session\Handlers\FileHandler' driver.
CRITICAL - 2023-05-08 23:19:19 --> Toolbar collector does not exist (Config\Views). Please check $collectors in the app/Config/Toolbar.php file.
