CRITICAL - 2023-04-05 03:11:45 --> Toolbar collector does not exist (Config\Views). Please check $collectors in the app/Config/Toolbar.php file.
INFO - 2023-04-05 03:11:45 --> Session: Class initialized using 'CodeIgniter\Session\Handlers\FileHandler' driver.
CRITICAL - 2023-04-05 03:11:45 --> Toolbar collector does not exist (Config\Views). Please check $collectors in the app/Config/Toolbar.php file.
INFO - 2023-04-05 03:11:45 --> Session: Class initialized using 'CodeIgniter\Session\Handlers\FileHandler' driver.
CRITICAL - 2023-04-05 03:11:45 --> Toolbar collector does not exist (Config\Views). Please check $collectors in the app/Config/Toolbar.php file.
CRITICAL - 2023-04-05 03:11:46 --> Toolbar collector does not exist (Config\Views). Please check $collectors in the app/Config/Toolbar.php file.
CRITICAL - 2023-04-05 03:11:46 --> Toolbar collector does not exist (Config\Views). Please check $collectors in the app/Config/Toolbar.php file.
INFO - 2023-04-05 03:11:46 --> Session: Class initialized using 'CodeIgniter\Session\Handlers\FileHandler' driver.
CRITICAL - 2023-04-05 03:14:44 --> Toolbar collector does not exist (Config\Views). Please check $collectors in the app/Config/Toolbar.php file.
INFO - 2023-04-05 03:14:44 --> Session: Class initialized using 'CodeIgniter\Session\Handlers\FileHandler' driver.
CRITICAL - 2023-04-05 03:14:44 --> Toolbar collector does not exist (Config\Views). Please check $collectors in the app/Config/Toolbar.php file.
INFO - 2023-04-05 03:14:45 --> Session: Class initialized using 'CodeIgniter\Session\Handlers\FileHandler' driver.
CRITICAL - 2023-04-05 03:14:45 --> Toolbar collector does not exist (Config\Views). Please check $collectors in the app/Config/Toolbar.php file.
CRITICAL - 2023-04-05 03:14:45 --> Toolbar collector does not exist (Config\Views). Please check $collectors in the app/Config/Toolbar.php file.
CRITICAL - 2023-04-05 03:14:45 --> Toolbar collector does not exist (Config\Views). Please check $collectors in the app/Config/Toolbar.php file.
INFO - 2023-04-05 03:14:45 --> Session: Class initialized using 'CodeIgniter\Session\Handlers\FileHandler' driver.
CRITICAL - 2023-04-05 03:14:50 --> Toolbar collector does not exist (Config\Views). Please check $collectors in the app/Config/Toolbar.php file.
INFO - 2023-04-05 03:14:50 --> Session: Class initialized using 'CodeIgniter\Session\Handlers\FileHandler' driver.
CRITICAL - 2023-04-05 03:14:50 --> Toolbar collector does not exist (Config\Views). Please check $collectors in the app/Config/Toolbar.php file.
CRITICAL - 2023-04-05 03:14:51 --> Toolbar collector does not exist (Config\Views). Please check $collectors in the app/Config/Toolbar.php file.
CRITICAL - 2023-04-05 03:14:51 --> Toolbar collector does not exist (Config\Views). Please check $collectors in the app/Config/Toolbar.php file.
INFO - 2023-04-05 03:14:51 --> Session: Class initialized using 'CodeIgniter\Session\Handlers\FileHandler' driver.
CRITICAL - 2023-04-05 03:14:53 --> Toolbar collector does not exist (Config\Views). Please check $collectors in the app/Config/Toolbar.php file.
INFO - 2023-04-05 03:14:53 --> Session: Class initialized using 'CodeIgniter\Session\Handlers\FileHandler' driver.
CRITICAL - 2023-04-05 03:14:53 --> Toolbar collector does not exist (Config\Views). Please check $collectors in the app/Config/Toolbar.php file.
CRITICAL - 2023-04-05 03:14:53 --> Toolbar collector does not exist (Config\Views). Please check $collectors in the app/Config/Toolbar.php file.
CRITICAL - 2023-04-05 03:14:54 --> Toolbar collector does not exist (Config\Views). Please check $collectors in the app/Config/Toolbar.php file.
INFO - 2023-04-05 03:14:54 --> Session: Class initialized using 'CodeIgniter\Session\Handlers\FileHandler' driver.
CRITICAL - 2023-04-05 03:15:20 --> Toolbar collector does not exist (Config\Views). Please check $collectors in the app/Config/Toolbar.php file.
INFO - 2023-04-05 03:15:20 --> Session: Class initialized using 'CodeIgniter\Session\Handlers\FileHandler' driver.
CRITICAL - 2023-04-05 03:15:20 --> Toolbar collector does not exist (Config\Views). Please check $collectors in the app/Config/Toolbar.php file.
CRITICAL - 2023-04-05 03:15:21 --> Toolbar collector does not exist (Config\Views). Please check $collectors in the app/Config/Toolbar.php file.
CRITICAL - 2023-04-05 03:15:21 --> Toolbar collector does not exist (Config\Views). Please check $collectors in the app/Config/Toolbar.php file.
INFO - 2023-04-05 03:15:21 --> Session: Class initialized using 'CodeIgniter\Session\Handlers\FileHandler' driver.
CRITICAL - 2023-04-05 03:15:30 --> Toolbar collector does not exist (Config\Views). Please check $collectors in the app/Config/Toolbar.php file.
INFO - 2023-04-05 03:15:31 --> Session: Class initialized using 'CodeIgniter\Session\Handlers\FileHandler' driver.
CRITICAL - 2023-04-05 03:15:31 --> Call to undefined method CodeIgniter\Database\MySQLi\Connection::select()
in APPPATH\Controllers\Participant.php on line 33.
 1 SYSTEMPATH\CodeIgniter.php(934): App\Controllers\Participant->events()
 2 SYSTEMPATH\CodeIgniter.php(499): CodeIgniter\CodeIgniter->runController(Object(App\Controllers\Participant))
 3 SYSTEMPATH\CodeIgniter.php(368): CodeIgniter\CodeIgniter->handleRequest(null, Object(Config\Cache), false)
 4 FCPATH\index.php(67): CodeIgniter\CodeIgniter->run()
 5 SYSTEMPATH\Commands\Server\rewrite.php(47): require_once('FCPATH\\index.php')
CRITICAL - 2023-04-05 03:15:31 --> Toolbar collector does not exist (Config\Views). Please check $collectors in the app/Config/Toolbar.php file.
INFO - 2023-04-05 03:15:31 --> Session: Class initialized using 'CodeIgniter\Session\Handlers\FileHandler' driver.
CRITICAL - 2023-04-05 03:15:31 --> Call to undefined method CodeIgniter\Database\MySQLi\Connection::select()
in APPPATH\Controllers\Participant.php on line 33.
 1 SYSTEMPATH\CodeIgniter.php(934): App\Controllers\Participant->events()
 2 SYSTEMPATH\CodeIgniter.php(499): CodeIgniter\CodeIgniter->runController(Object(App\Controllers\Participant))
 3 SYSTEMPATH\CodeIgniter.php(368): CodeIgniter\CodeIgniter->handleRequest(null, Object(Config\Cache), false)
 4 FCPATH\index.php(67): CodeIgniter\CodeIgniter->run()
 5 SYSTEMPATH\Commands\Server\rewrite.php(47): require_once('FCPATH\\index.php')
CRITICAL - 2023-04-05 03:16:16 --> Toolbar collector does not exist (Config\Views). Please check $collectors in the app/Config/Toolbar.php file.
INFO - 2023-04-05 03:16:16 --> Session: Class initialized using 'CodeIgniter\Session\Handlers\FileHandler' driver.
CRITICAL - 2023-04-05 03:16:16 --> Call to undefined method CodeIgniter\Database\MySQLi\Connection::select()
in APPPATH\Controllers\Participant.php on line 33.
 1 SYSTEMPATH\CodeIgniter.php(934): App\Controllers\Participant->events()
 2 SYSTEMPATH\CodeIgniter.php(499): CodeIgniter\CodeIgniter->runController(Object(App\Controllers\Participant))
 3 SYSTEMPATH\CodeIgniter.php(368): CodeIgniter\CodeIgniter->handleRequest(null, Object(Config\Cache), false)
 4 FCPATH\index.php(67): CodeIgniter\CodeIgniter->run()
 5 SYSTEMPATH\Commands\Server\rewrite.php(47): require_once('FCPATH\\index.php')
CRITICAL - 2023-04-05 03:16:16 --> Toolbar collector does not exist (Config\Views). Please check $collectors in the app/Config/Toolbar.php file.
INFO - 2023-04-05 03:16:16 --> Session: Class initialized using 'CodeIgniter\Session\Handlers\FileHandler' driver.
CRITICAL - 2023-04-05 03:16:16 --> Call to undefined method CodeIgniter\Database\MySQLi\Connection::select()
in APPPATH\Controllers\Participant.php on line 33.
 1 SYSTEMPATH\CodeIgniter.php(934): App\Controllers\Participant->events()
 2 SYSTEMPATH\CodeIgniter.php(499): CodeIgniter\CodeIgniter->runController(Object(App\Controllers\Participant))
 3 SYSTEMPATH\CodeIgniter.php(368): CodeIgniter\CodeIgniter->handleRequest(null, Object(Config\Cache), false)
 4 FCPATH\index.php(67): CodeIgniter\CodeIgniter->run()
 5 SYSTEMPATH\Commands\Server\rewrite.php(47): require_once('FCPATH\\index.php')
CRITICAL - 2023-04-05 03:16:57 --> Toolbar collector does not exist (Config\Views). Please check $collectors in the app/Config/Toolbar.php file.
INFO - 2023-04-05 03:16:57 --> Session: Class initialized using 'CodeIgniter\Session\Handlers\FileHandler' driver.
CRITICAL - 2023-04-05 03:16:57 --> Call to undefined method CodeIgniter\Database\MySQLi\Connection::select()
in APPPATH\Controllers\Participant.php on line 33.
 1 SYSTEMPATH\CodeIgniter.php(934): App\Controllers\Participant->events()
 2 SYSTEMPATH\CodeIgniter.php(499): CodeIgniter\CodeIgniter->runController(Object(App\Controllers\Participant))
 3 SYSTEMPATH\CodeIgniter.php(368): CodeIgniter\CodeIgniter->handleRequest(null, Object(Config\Cache), false)
 4 FCPATH\index.php(67): CodeIgniter\CodeIgniter->run()
 5 SYSTEMPATH\Commands\Server\rewrite.php(47): require_once('FCPATH\\index.php')
CRITICAL - 2023-04-05 03:16:57 --> Toolbar collector does not exist (Config\Views). Please check $collectors in the app/Config/Toolbar.php file.
INFO - 2023-04-05 03:16:57 --> Session: Class initialized using 'CodeIgniter\Session\Handlers\FileHandler' driver.
CRITICAL - 2023-04-05 03:16:57 --> Call to undefined method CodeIgniter\Database\MySQLi\Connection::select()
in APPPATH\Controllers\Participant.php on line 33.
 1 SYSTEMPATH\CodeIgniter.php(934): App\Controllers\Participant->events()
 2 SYSTEMPATH\CodeIgniter.php(499): CodeIgniter\CodeIgniter->runController(Object(App\Controllers\Participant))
 3 SYSTEMPATH\CodeIgniter.php(368): CodeIgniter\CodeIgniter->handleRequest(null, Object(Config\Cache), false)
 4 FCPATH\index.php(67): CodeIgniter\CodeIgniter->run()
 5 SYSTEMPATH\Commands\Server\rewrite.php(47): require_once('FCPATH\\index.php')
CRITICAL - 2023-04-05 03:18:30 --> Toolbar collector does not exist (Config\Views). Please check $collectors in the app/Config/Toolbar.php file.
INFO - 2023-04-05 03:18:30 --> Session: Class initialized using 'CodeIgniter\Session\Handlers\FileHandler' driver.
CRITICAL - 2023-04-05 03:18:30 --> Call to undefined method CodeIgniter\Database\MySQLi\Connection::get()
in APPPATH\Controllers\Participant.php on line 35.
 1 SYSTEMPATH\CodeIgniter.php(934): App\Controllers\Participant->events()
 2 SYSTEMPATH\CodeIgniter.php(499): CodeIgniter\CodeIgniter->runController(Object(App\Controllers\Participant))
 3 SYSTEMPATH\CodeIgniter.php(368): CodeIgniter\CodeIgniter->handleRequest(null, Object(Config\Cache), false)
 4 FCPATH\index.php(67): CodeIgniter\CodeIgniter->run()
 5 SYSTEMPATH\Commands\Server\rewrite.php(47): require_once('FCPATH\\index.php')
CRITICAL - 2023-04-05 03:18:30 --> Toolbar collector does not exist (Config\Views). Please check $collectors in the app/Config/Toolbar.php file.
INFO - 2023-04-05 03:18:31 --> Session: Class initialized using 'CodeIgniter\Session\Handlers\FileHandler' driver.
CRITICAL - 2023-04-05 03:18:31 --> Call to undefined method CodeIgniter\Database\MySQLi\Connection::get()
in APPPATH\Controllers\Participant.php on line 35.
 1 SYSTEMPATH\CodeIgniter.php(934): App\Controllers\Participant->events()
 2 SYSTEMPATH\CodeIgniter.php(499): CodeIgniter\CodeIgniter->runController(Object(App\Controllers\Participant))
 3 SYSTEMPATH\CodeIgniter.php(368): CodeIgniter\CodeIgniter->handleRequest(null, Object(Config\Cache), false)
 4 FCPATH\index.php(67): CodeIgniter\CodeIgniter->run()
 5 SYSTEMPATH\Commands\Server\rewrite.php(47): require_once('FCPATH\\index.php')
CRITICAL - 2023-04-05 03:19:48 --> Toolbar collector does not exist (Config\Views). Please check $collectors in the app/Config/Toolbar.php file.
INFO - 2023-04-05 03:19:48 --> Session: Class initialized using 'CodeIgniter\Session\Handlers\FileHandler' driver.
CRITICAL - 2023-04-05 03:19:48 --> Toolbar collector does not exist (Config\Views). Please check $collectors in the app/Config/Toolbar.php file.
INFO - 2023-04-05 03:19:48 --> Session: Class initialized using 'CodeIgniter\Session\Handlers\FileHandler' driver.
CRITICAL - 2023-04-05 03:21:44 --> Toolbar collector does not exist (Config\Views). Please check $collectors in the app/Config/Toolbar.php file.
INFO - 2023-04-05 03:21:44 --> Session: Class initialized using 'CodeIgniter\Session\Handlers\FileHandler' driver.
CRITICAL - 2023-04-05 03:21:44 --> Undefined variable $db
in APPPATH\Controllers\Participant.php on line 34.
 1 APPPATH\Controllers\Participant.php(34): CodeIgniter\Debug\Exceptions->errorHandler(2, 'Undefined variable $db', 'APPPATH\\Controllers\\Participant.php', 34)
 2 SYSTEMPATH\CodeIgniter.php(934): App\Controllers\Participant->events()
 3 SYSTEMPATH\CodeIgniter.php(499): CodeIgniter\CodeIgniter->runController(Object(App\Controllers\Participant))
 4 SYSTEMPATH\CodeIgniter.php(368): CodeIgniter\CodeIgniter->handleRequest(null, Object(Config\Cache), false)
 5 FCPATH\index.php(67): CodeIgniter\CodeIgniter->run()
 6 SYSTEMPATH\Commands\Server\rewrite.php(47): require_once('FCPATH\\index.php')
CRITICAL - 2023-04-05 03:21:44 --> Toolbar collector does not exist (Config\Views). Please check $collectors in the app/Config/Toolbar.php file.
INFO - 2023-04-05 03:21:44 --> Session: Class initialized using 'CodeIgniter\Session\Handlers\FileHandler' driver.
CRITICAL - 2023-04-05 03:21:44 --> Undefined variable $db
in APPPATH\Controllers\Participant.php on line 34.
 1 APPPATH\Controllers\Participant.php(34): CodeIgniter\Debug\Exceptions->errorHandler(2, 'Undefined variable $db', 'APPPATH\\Controllers\\Participant.php', 34)
 2 SYSTEMPATH\CodeIgniter.php(934): App\Controllers\Participant->events()
 3 SYSTEMPATH\CodeIgniter.php(499): CodeIgniter\CodeIgniter->runController(Object(App\Controllers\Participant))
 4 SYSTEMPATH\CodeIgniter.php(368): CodeIgniter\CodeIgniter->handleRequest(null, Object(Config\Cache), false)
 5 FCPATH\index.php(67): CodeIgniter\CodeIgniter->run()
 6 SYSTEMPATH\Commands\Server\rewrite.php(47): require_once('FCPATH\\index.php')
CRITICAL - 2023-04-05 03:21:54 --> Toolbar collector does not exist (Config\Views). Please check $collectors in the app/Config/Toolbar.php file.
INFO - 2023-04-05 03:21:55 --> Session: Class initialized using 'CodeIgniter\Session\Handlers\FileHandler' driver.
CRITICAL - 2023-04-05 03:21:55 --> Toolbar collector does not exist (Config\Views). Please check $collectors in the app/Config/Toolbar.php file.
INFO - 2023-04-05 03:21:55 --> Session: Class initialized using 'CodeIgniter\Session\Handlers\FileHandler' driver.
CRITICAL - 2023-04-05 03:22:17 --> Toolbar collector does not exist (Config\Views). Please check $collectors in the app/Config/Toolbar.php file.
INFO - 2023-04-05 03:22:17 --> Session: Class initialized using 'CodeIgniter\Session\Handlers\FileHandler' driver.
CRITICAL - 2023-04-05 03:22:17 --> Toolbar collector does not exist (Config\Views). Please check $collectors in the app/Config/Toolbar.php file.
INFO - 2023-04-05 03:22:17 --> Session: Class initialized using 'CodeIgniter\Session\Handlers\FileHandler' driver.
CRITICAL - 2023-04-05 03:30:55 --> Toolbar collector does not exist (Config\Views). Please check $collectors in the app/Config/Toolbar.php file.
INFO - 2023-04-05 03:30:55 --> Session: Class initialized using 'CodeIgniter\Session\Handlers\FileHandler' driver.
CRITICAL - 2023-04-05 03:30:55 --> Undefined variable $id
in APPPATH\Controllers\Participant.php on line 36.
 1 APPPATH\Controllers\Participant.php(36): CodeIgniter\Debug\Exceptions->errorHandler(2, 'Undefined variable $id', 'APPPATH\\Controllers\\Participant.php', 36)
 2 SYSTEMPATH\CodeIgniter.php(934): App\Controllers\Participant->events()
 3 SYSTEMPATH\CodeIgniter.php(499): CodeIgniter\CodeIgniter->runController(Object(App\Controllers\Participant))
 4 SYSTEMPATH\CodeIgniter.php(368): CodeIgniter\CodeIgniter->handleRequest(null, Object(Config\Cache), false)
 5 FCPATH\index.php(67): CodeIgniter\CodeIgniter->run()
 6 SYSTEMPATH\Commands\Server\rewrite.php(47): require_once('FCPATH\\index.php')
CRITICAL - 2023-04-05 03:30:55 --> Toolbar collector does not exist (Config\Views). Please check $collectors in the app/Config/Toolbar.php file.
INFO - 2023-04-05 03:30:55 --> Session: Class initialized using 'CodeIgniter\Session\Handlers\FileHandler' driver.
CRITICAL - 2023-04-05 03:30:55 --> Undefined variable $id
in APPPATH\Controllers\Participant.php on line 36.
 1 APPPATH\Controllers\Participant.php(36): CodeIgniter\Debug\Exceptions->errorHandler(2, 'Undefined variable $id', 'APPPATH\\Controllers\\Participant.php', 36)
 2 SYSTEMPATH\CodeIgniter.php(934): App\Controllers\Participant->events()
 3 SYSTEMPATH\CodeIgniter.php(499): CodeIgniter\CodeIgniter->runController(Object(App\Controllers\Participant))
 4 SYSTEMPATH\CodeIgniter.php(368): CodeIgniter\CodeIgniter->handleRequest(null, Object(Config\Cache), false)
 5 FCPATH\index.php(67): CodeIgniter\CodeIgniter->run()
 6 SYSTEMPATH\Commands\Server\rewrite.php(47): require_once('FCPATH\\index.php')
CRITICAL - 2023-04-05 03:31:06 --> Toolbar collector does not exist (Config\Views). Please check $collectors in the app/Config/Toolbar.php file.
INFO - 2023-04-05 03:31:06 --> Session: Class initialized using 'CodeIgniter\Session\Handlers\FileHandler' driver.
ERROR - 2023-04-05 03:31:06 --> mysqli_sql_exception: Unknown column 'first_name' in 'field list' in D:\Webdev\work\erroeerrorr\race\system\Database\MySQLi\Connection.php:295
Stack trace:
#0 D:\Webdev\work\erroeerrorr\race\system\Database\MySQLi\Connection.php(295): mysqli->query('SELECT `first_n...', 0)
#1 D:\Webdev\work\erroeerrorr\race\system\Database\BaseConnection.php(691): CodeIgniter\Database\MySQLi\Connection->execute('SELECT `first_n...')
#2 D:\Webdev\work\erroeerrorr\race\system\Database\BaseConnection.php(605): CodeIgniter\Database\BaseConnection->simpleQuery('SELECT `first_n...')
#3 D:\Webdev\work\erroeerrorr\race\system\Database\BaseBuilder.php(1616): CodeIgniter\Database\BaseConnection->query('SELECT `first_n...', Array, false)
#4 D:\Webdev\work\erroeerrorr\race\app\Controllers\Participant.php(37): CodeIgniter\Database\BaseBuilder->get()
#5 D:\Webdev\work\erroeerrorr\race\system\CodeIgniter.php(934): App\Controllers\Participant->events()
#6 D:\Webdev\work\erroeerrorr\race\system\CodeIgniter.php(499): CodeIgniter\CodeIgniter->runController(Object(App\Controllers\Participant))
#7 D:\Webdev\work\erroeerrorr\race\system\CodeIgniter.php(368): CodeIgniter\CodeIgniter->handleRequest(NULL, Object(Config\Cache), false)
#8 D:\Webdev\work\erroeerrorr\race\public\index.php(67): CodeIgniter\CodeIgniter->run()
#9 D:\Webdev\work\erroeerrorr\race\system\Commands\Server\rewrite.php(47): require_once('D:\\Webdev\\work\\...')
#10 {main}
CRITICAL - 2023-04-05 03:31:06 --> Unknown column 'first_name' in 'field list'
in SYSTEMPATH\Database\BaseConnection.php on line 645.
 1 SYSTEMPATH\Database\BaseBuilder.php(1616): CodeIgniter\Database\BaseConnection->query('SELECT `first_name`
FROM `event_requests`
WHERE `id` = :id:', [...], false)
 2 APPPATH\Controllers\Participant.php(37): CodeIgniter\Database\BaseBuilder->get()
 3 SYSTEMPATH\CodeIgniter.php(934): App\Controllers\Participant->events()
 4 SYSTEMPATH\CodeIgniter.php(499): CodeIgniter\CodeIgniter->runController(Object(App\Controllers\Participant))
 5 SYSTEMPATH\CodeIgniter.php(368): CodeIgniter\CodeIgniter->handleRequest(null, Object(Config\Cache), false)
 6 FCPATH\index.php(67): CodeIgniter\CodeIgniter->run()
 7 SYSTEMPATH\Commands\Server\rewrite.php(47): require_once('FCPATH\\index.php')
CRITICAL - 2023-04-05 03:31:06 --> Toolbar collector does not exist (Config\Views). Please check $collectors in the app/Config/Toolbar.php file.
INFO - 2023-04-05 03:31:07 --> Session: Class initialized using 'CodeIgniter\Session\Handlers\FileHandler' driver.
ERROR - 2023-04-05 03:31:07 --> mysqli_sql_exception: Unknown column 'first_name' in 'field list' in D:\Webdev\work\erroeerrorr\race\system\Database\MySQLi\Connection.php:295
Stack trace:
#0 D:\Webdev\work\erroeerrorr\race\system\Database\MySQLi\Connection.php(295): mysqli->query('SELECT `first_n...', 0)
#1 D:\Webdev\work\erroeerrorr\race\system\Database\BaseConnection.php(691): CodeIgniter\Database\MySQLi\Connection->execute('SELECT `first_n...')
#2 D:\Webdev\work\erroeerrorr\race\system\Database\BaseConnection.php(605): CodeIgniter\Database\BaseConnection->simpleQuery('SELECT `first_n...')
#3 D:\Webdev\work\erroeerrorr\race\system\Database\BaseBuilder.php(1616): CodeIgniter\Database\BaseConnection->query('SELECT `first_n...', Array, false)
#4 D:\Webdev\work\erroeerrorr\race\app\Controllers\Participant.php(37): CodeIgniter\Database\BaseBuilder->get()
#5 D:\Webdev\work\erroeerrorr\race\system\CodeIgniter.php(934): App\Controllers\Participant->events()
#6 D:\Webdev\work\erroeerrorr\race\system\CodeIgniter.php(499): CodeIgniter\CodeIgniter->runController(Object(App\Controllers\Participant))
#7 D:\Webdev\work\erroeerrorr\race\system\CodeIgniter.php(368): CodeIgniter\CodeIgniter->handleRequest(NULL, Object(Config\Cache), false)
#8 D:\Webdev\work\erroeerrorr\race\public\index.php(67): CodeIgniter\CodeIgniter->run()
#9 D:\Webdev\work\erroeerrorr\race\system\Commands\Server\rewrite.php(47): require_once('D:\\Webdev\\work\\...')
#10 {main}
CRITICAL - 2023-04-05 03:31:07 --> Unknown column 'first_name' in 'field list'
in SYSTEMPATH\Database\BaseConnection.php on line 645.
 1 SYSTEMPATH\Database\BaseBuilder.php(1616): CodeIgniter\Database\BaseConnection->query('SELECT `first_name`
FROM `event_requests`
WHERE `id` = :id:', [...], false)
 2 APPPATH\Controllers\Participant.php(37): CodeIgniter\Database\BaseBuilder->get()
 3 SYSTEMPATH\CodeIgniter.php(934): App\Controllers\Participant->events()
 4 SYSTEMPATH\CodeIgniter.php(499): CodeIgniter\CodeIgniter->runController(Object(App\Controllers\Participant))
 5 SYSTEMPATH\CodeIgniter.php(368): CodeIgniter\CodeIgniter->handleRequest(null, Object(Config\Cache), false)
 6 FCPATH\index.php(67): CodeIgniter\CodeIgniter->run()
 7 SYSTEMPATH\Commands\Server\rewrite.php(47): require_once('FCPATH\\index.php')
CRITICAL - 2023-04-05 03:31:15 --> Toolbar collector does not exist (Config\Views). Please check $collectors in the app/Config/Toolbar.php file.
INFO - 2023-04-05 03:31:15 --> Session: Class initialized using 'CodeIgniter\Session\Handlers\FileHandler' driver.
CRITICAL - 2023-04-05 03:31:15 --> Call to undefined function App\Controllers\getResult()
in APPPATH\Controllers\Participant.php on line 37.
 1 SYSTEMPATH\CodeIgniter.php(934): App\Controllers\Participant->events()
 2 SYSTEMPATH\CodeIgniter.php(499): CodeIgniter\CodeIgniter->runController(Object(App\Controllers\Participant))
 3 SYSTEMPATH\CodeIgniter.php(368): CodeIgniter\CodeIgniter->handleRequest(null, Object(Config\Cache), false)
 4 FCPATH\index.php(67): CodeIgniter\CodeIgniter->run()
 5 SYSTEMPATH\Commands\Server\rewrite.php(47): require_once('FCPATH\\index.php')
CRITICAL - 2023-04-05 03:31:15 --> Toolbar collector does not exist (Config\Views). Please check $collectors in the app/Config/Toolbar.php file.
INFO - 2023-04-05 03:31:15 --> Session: Class initialized using 'CodeIgniter\Session\Handlers\FileHandler' driver.
CRITICAL - 2023-04-05 03:31:15 --> Call to undefined function App\Controllers\getResult()
in APPPATH\Controllers\Participant.php on line 37.
 1 SYSTEMPATH\CodeIgniter.php(934): App\Controllers\Participant->events()
 2 SYSTEMPATH\CodeIgniter.php(499): CodeIgniter\CodeIgniter->runController(Object(App\Controllers\Participant))
 3 SYSTEMPATH\CodeIgniter.php(368): CodeIgniter\CodeIgniter->handleRequest(null, Object(Config\Cache), false)
 4 FCPATH\index.php(67): CodeIgniter\CodeIgniter->run()
 5 SYSTEMPATH\Commands\Server\rewrite.php(47): require_once('FCPATH\\index.php')
CRITICAL - 2023-04-05 03:31:34 --> Toolbar collector does not exist (Config\Views). Please check $collectors in the app/Config/Toolbar.php file.
INFO - 2023-04-05 03:31:34 --> Session: Class initialized using 'CodeIgniter\Session\Handlers\FileHandler' driver.
CRITICAL - 2023-04-05 03:31:34 --> Toolbar collector does not exist (Config\Views). Please check $collectors in the app/Config/Toolbar.php file.
INFO - 2023-04-05 03:31:34 --> Session: Class initialized using 'CodeIgniter\Session\Handlers\FileHandler' driver.
CRITICAL - 2023-04-05 03:31:53 --> Toolbar collector does not exist (Config\Views). Please check $collectors in the app/Config/Toolbar.php file.
INFO - 2023-04-05 03:31:53 --> Session: Class initialized using 'CodeIgniter\Session\Handlers\FileHandler' driver.
CRITICAL - 2023-04-05 03:31:53 --> Toolbar collector does not exist (Config\Views). Please check $collectors in the app/Config/Toolbar.php file.
INFO - 2023-04-05 03:31:53 --> Session: Class initialized using 'CodeIgniter\Session\Handlers\FileHandler' driver.
CRITICAL - 2023-04-05 03:32:15 --> Toolbar collector does not exist (Config\Views). Please check $collectors in the app/Config/Toolbar.php file.
INFO - 2023-04-05 03:32:15 --> Session: Class initialized using 'CodeIgniter\Session\Handlers\FileHandler' driver.
CRITICAL - 2023-04-05 03:32:15 --> Toolbar collector does not exist (Config\Views). Please check $collectors in the app/Config/Toolbar.php file.
INFO - 2023-04-05 03:32:15 --> Session: Class initialized using 'CodeIgniter\Session\Handlers\FileHandler' driver.
CRITICAL - 2023-04-05 03:34:41 --> Toolbar collector does not exist (Config\Views). Please check $collectors in the app/Config/Toolbar.php file.
INFO - 2023-04-05 03:34:41 --> Session: Class initialized using 'CodeIgniter\Session\Handlers\FileHandler' driver.
ERROR - 2023-04-05 03:34:41 --> mysqli_sql_exception: Column 'id' in where clause is ambiguous in D:\Webdev\work\erroeerrorr\race\system\Database\MySQLi\Connection.php:295
Stack trace:
#0 D:\Webdev\work\erroeerrorr\race\system\Database\MySQLi\Connection.php(295): mysqli->query('SELECT *\nFROM `...', 0)
#1 D:\Webdev\work\erroeerrorr\race\system\Database\BaseConnection.php(691): CodeIgniter\Database\MySQLi\Connection->execute('SELECT *\nFROM `...')
#2 D:\Webdev\work\erroeerrorr\race\system\Database\BaseConnection.php(605): CodeIgniter\Database\BaseConnection->simpleQuery('SELECT *\nFROM `...')
#3 D:\Webdev\work\erroeerrorr\race\system\Database\BaseBuilder.php(1616): CodeIgniter\Database\BaseConnection->query('SELECT *\nFROM `...', Array, false)
#4 D:\Webdev\work\erroeerrorr\race\app\Controllers\Participant.php(39): CodeIgniter\Database\BaseBuilder->get()
#5 D:\Webdev\work\erroeerrorr\race\system\CodeIgniter.php(934): App\Controllers\Participant->events()
#6 D:\Webdev\work\erroeerrorr\race\system\CodeIgniter.php(499): CodeIgniter\CodeIgniter->runController(Object(App\Controllers\Participant))
#7 D:\Webdev\work\erroeerrorr\race\system\CodeIgniter.php(368): CodeIgniter\CodeIgniter->handleRequest(NULL, Object(Config\Cache), false)
#8 D:\Webdev\work\erroeerrorr\race\public\index.php(67): CodeIgniter\CodeIgniter->run()
#9 D:\Webdev\work\erroeerrorr\race\system\Commands\Server\rewrite.php(47): require_once('D:\\Webdev\\work\\...')
#10 {main}
CRITICAL - 2023-04-05 03:34:41 --> Column 'id' in where clause is ambiguous
in SYSTEMPATH\Database\BaseConnection.php on line 645.
 1 SYSTEMPATH\Database\BaseBuilder.php(1616): CodeIgniter\Database\BaseConnection->query('SELECT *
FROM `events`
JOIN `event_requests` ON `events`.`id` = `event_requests`.`event_id`
WHERE `id` = :id:', [...], false)
 2 APPPATH\Controllers\Participant.php(39): CodeIgniter\Database\BaseBuilder->get()
 3 SYSTEMPATH\CodeIgniter.php(934): App\Controllers\Participant->events()
 4 SYSTEMPATH\CodeIgniter.php(499): CodeIgniter\CodeIgniter->runController(Object(App\Controllers\Participant))
 5 SYSTEMPATH\CodeIgniter.php(368): CodeIgniter\CodeIgniter->handleRequest(null, Object(Config\Cache), false)
 6 FCPATH\index.php(67): CodeIgniter\CodeIgniter->run()
 7 SYSTEMPATH\Commands\Server\rewrite.php(47): require_once('FCPATH\\index.php')
CRITICAL - 2023-04-05 03:34:41 --> Toolbar collector does not exist (Config\Views). Please check $collectors in the app/Config/Toolbar.php file.
INFO - 2023-04-05 03:34:41 --> Session: Class initialized using 'CodeIgniter\Session\Handlers\FileHandler' driver.
ERROR - 2023-04-05 03:34:41 --> mysqli_sql_exception: Column 'id' in where clause is ambiguous in D:\Webdev\work\erroeerrorr\race\system\Database\MySQLi\Connection.php:295
Stack trace:
#0 D:\Webdev\work\erroeerrorr\race\system\Database\MySQLi\Connection.php(295): mysqli->query('SELECT *\nFROM `...', 0)
#1 D:\Webdev\work\erroeerrorr\race\system\Database\BaseConnection.php(691): CodeIgniter\Database\MySQLi\Connection->execute('SELECT *\nFROM `...')
#2 D:\Webdev\work\erroeerrorr\race\system\Database\BaseConnection.php(605): CodeIgniter\Database\BaseConnection->simpleQuery('SELECT *\nFROM `...')
#3 D:\Webdev\work\erroeerrorr\race\system\Database\BaseBuilder.php(1616): CodeIgniter\Database\BaseConnection->query('SELECT *\nFROM `...', Array, false)
#4 D:\Webdev\work\erroeerrorr\race\app\Controllers\Participant.php(39): CodeIgniter\Database\BaseBuilder->get()
#5 D:\Webdev\work\erroeerrorr\race\system\CodeIgniter.php(934): App\Controllers\Participant->events()
#6 D:\Webdev\work\erroeerrorr\race\system\CodeIgniter.php(499): CodeIgniter\CodeIgniter->runController(Object(App\Controllers\Participant))
#7 D:\Webdev\work\erroeerrorr\race\system\CodeIgniter.php(368): CodeIgniter\CodeIgniter->handleRequest(NULL, Object(Config\Cache), false)
#8 D:\Webdev\work\erroeerrorr\race\public\index.php(67): CodeIgniter\CodeIgniter->run()
#9 D:\Webdev\work\erroeerrorr\race\system\Commands\Server\rewrite.php(47): require_once('D:\\Webdev\\work\\...')
#10 {main}
CRITICAL - 2023-04-05 03:34:41 --> Column 'id' in where clause is ambiguous
in SYSTEMPATH\Database\BaseConnection.php on line 645.
 1 SYSTEMPATH\Database\BaseBuilder.php(1616): CodeIgniter\Database\BaseConnection->query('SELECT *
FROM `events`
JOIN `event_requests` ON `events`.`id` = `event_requests`.`event_id`
WHERE `id` = :id:', [...], false)
 2 APPPATH\Controllers\Participant.php(39): CodeIgniter\Database\BaseBuilder->get()
 3 SYSTEMPATH\CodeIgniter.php(934): App\Controllers\Participant->events()
 4 SYSTEMPATH\CodeIgniter.php(499): CodeIgniter\CodeIgniter->runController(Object(App\Controllers\Participant))
 5 SYSTEMPATH\CodeIgniter.php(368): CodeIgniter\CodeIgniter->handleRequest(null, Object(Config\Cache), false)
 6 FCPATH\index.php(67): CodeIgniter\CodeIgniter->run()
 7 SYSTEMPATH\Commands\Server\rewrite.php(47): require_once('FCPATH\\index.php')
CRITICAL - 2023-04-05 03:34:51 --> Toolbar collector does not exist (Config\Views). Please check $collectors in the app/Config/Toolbar.php file.
INFO - 2023-04-05 03:34:51 --> Session: Class initialized using 'CodeIgniter\Session\Handlers\FileHandler' driver.
CRITICAL - 2023-04-05 03:34:51 --> Toolbar collector does not exist (Config\Views). Please check $collectors in the app/Config/Toolbar.php file.
INFO - 2023-04-05 03:34:51 --> Session: Class initialized using 'CodeIgniter\Session\Handlers\FileHandler' driver.
CRITICAL - 2023-04-05 03:35:54 --> Toolbar collector does not exist (Config\Views). Please check $collectors in the app/Config/Toolbar.php file.
INFO - 2023-04-05 03:35:55 --> Session: Class initialized using 'CodeIgniter\Session\Handlers\FileHandler' driver.
CRITICAL - 2023-04-05 03:35:55 --> Toolbar collector does not exist (Config\Views). Please check $collectors in the app/Config/Toolbar.php file.
INFO - 2023-04-05 03:35:55 --> Session: Class initialized using 'CodeIgniter\Session\Handlers\FileHandler' driver.
CRITICAL - 2023-04-05 03:44:38 --> Toolbar collector does not exist (Config\Views). Please check $collectors in the app/Config/Toolbar.php file.
INFO - 2023-04-05 03:44:38 --> Session: Class initialized using 'CodeIgniter\Session\Handlers\FileHandler' driver.
CRITICAL - 2023-04-05 03:44:38 --> Toolbar collector does not exist (Config\Views). Please check $collectors in the app/Config/Toolbar.php file.
INFO - 2023-04-05 03:44:38 --> Session: Class initialized using 'CodeIgniter\Session\Handlers\FileHandler' driver.
CRITICAL - 2023-04-05 03:50:19 --> Toolbar collector does not exist (Config\Views). Please check $collectors in the app/Config/Toolbar.php file.
INFO - 2023-04-05 03:50:19 --> Session: Class initialized using 'CodeIgniter\Session\Handlers\FileHandler' driver.
CRITICAL - 2023-04-05 03:50:19 --> Toolbar collector does not exist (Config\Views). Please check $collectors in the app/Config/Toolbar.php file.
INFO - 2023-04-05 03:50:19 --> Session: Class initialized using 'CodeIgniter\Session\Handlers\FileHandler' driver.
CRITICAL - 2023-04-05 03:50:40 --> Toolbar collector does not exist (Config\Views). Please check $collectors in the app/Config/Toolbar.php file.
INFO - 2023-04-05 03:50:41 --> Session: Class initialized using 'CodeIgniter\Session\Handlers\FileHandler' driver.
CRITICAL - 2023-04-05 03:50:41 --> Toolbar collector does not exist (Config\Views). Please check $collectors in the app/Config/Toolbar.php file.
INFO - 2023-04-05 03:50:41 --> Session: Class initialized using 'CodeIgniter\Session\Handlers\FileHandler' driver.
CRITICAL - 2023-04-05 03:51:27 --> Toolbar collector does not exist (Config\Views). Please check $collectors in the app/Config/Toolbar.php file.
INFO - 2023-04-05 03:51:27 --> Session: Class initialized using 'CodeIgniter\Session\Handlers\FileHandler' driver.
CRITICAL - 2023-04-05 03:51:27 --> Toolbar collector does not exist (Config\Views). Please check $collectors in the app/Config/Toolbar.php file.
INFO - 2023-04-05 03:51:27 --> Session: Class initialized using 'CodeIgniter\Session\Handlers\FileHandler' driver.
CRITICAL - 2023-04-05 03:52:47 --> Toolbar collector does not exist (Config\Views). Please check $collectors in the app/Config/Toolbar.php file.
INFO - 2023-04-05 03:52:47 --> Session: Class initialized using 'CodeIgniter\Session\Handlers\FileHandler' driver.
CRITICAL - 2023-04-05 03:52:47 --> Toolbar collector does not exist (Config\Views). Please check $collectors in the app/Config/Toolbar.php file.
INFO - 2023-04-05 03:52:47 --> Session: Class initialized using 'CodeIgniter\Session\Handlers\FileHandler' driver.
CRITICAL - 2023-04-05 03:53:42 --> Toolbar collector does not exist (Config\Views). Please check $collectors in the app/Config/Toolbar.php file.
INFO - 2023-04-05 03:53:43 --> Session: Class initialized using 'CodeIgniter\Session\Handlers\FileHandler' driver.
CRITICAL - 2023-04-05 03:53:43 --> Toolbar collector does not exist (Config\Views). Please check $collectors in the app/Config/Toolbar.php file.
INFO - 2023-04-05 03:53:43 --> Session: Class initialized using 'CodeIgniter\Session\Handlers\FileHandler' driver.
CRITICAL - 2023-04-05 03:53:58 --> Toolbar collector does not exist (Config\Views). Please check $collectors in the app/Config/Toolbar.php file.
INFO - 2023-04-05 03:53:58 --> Session: Class initialized using 'CodeIgniter\Session\Handlers\FileHandler' driver.
CRITICAL - 2023-04-05 03:53:58 --> Toolbar collector does not exist (Config\Views). Please check $collectors in the app/Config/Toolbar.php file.
INFO - 2023-04-05 03:53:58 --> Session: Class initialized using 'CodeIgniter\Session\Handlers\FileHandler' driver.
CRITICAL - 2023-04-05 03:54:46 --> Toolbar collector does not exist (Config\Views). Please check $collectors in the app/Config/Toolbar.php file.
INFO - 2023-04-05 03:54:46 --> Session: Class initialized using 'CodeIgniter\Session\Handlers\FileHandler' driver.
CRITICAL - 2023-04-05 03:54:46 --> Toolbar collector does not exist (Config\Views). Please check $collectors in the app/Config/Toolbar.php file.
INFO - 2023-04-05 03:54:46 --> Session: Class initialized using 'CodeIgniter\Session\Handlers\FileHandler' driver.
CRITICAL - 2023-04-05 03:55:14 --> Toolbar collector does not exist (Config\Views). Please check $collectors in the app/Config/Toolbar.php file.
INFO - 2023-04-05 03:55:14 --> Session: Class initialized using 'CodeIgniter\Session\Handlers\FileHandler' driver.
CRITICAL - 2023-04-05 03:55:14 --> Cannot use object of type stdClass as array
in APPPATH\Views\participant\events.php on line 59.
 1 SYSTEMPATH\View\View.php(213): include()
 2 SYSTEMPATH\View\View.php(216): CodeIgniter\View\View->CodeIgniter\View\{closure}()
 3 SYSTEMPATH\Common.php(1184): CodeIgniter\View\View->render('participant/events', [], true)
 4 APPPATH\Controllers\Participant.php(37): view('participant/events', [...])
 5 SYSTEMPATH\CodeIgniter.php(934): App\Controllers\Participant->events()
 6 SYSTEMPATH\CodeIgniter.php(499): CodeIgniter\CodeIgniter->runController(Object(App\Controllers\Participant))
 7 SYSTEMPATH\CodeIgniter.php(368): CodeIgniter\CodeIgniter->handleRequest(null, Object(Config\Cache), false)
 8 FCPATH\index.php(67): CodeIgniter\CodeIgniter->run()
 9 SYSTEMPATH\Commands\Server\rewrite.php(47): require_once('FCPATH\\index.php')
CRITICAL - 2023-04-05 03:55:14 --> Toolbar collector does not exist (Config\Views). Please check $collectors in the app/Config/Toolbar.php file.
INFO - 2023-04-05 03:55:14 --> Session: Class initialized using 'CodeIgniter\Session\Handlers\FileHandler' driver.
CRITICAL - 2023-04-05 03:55:14 --> Cannot use object of type stdClass as array
in APPPATH\Views\participant\events.php on line 59.
 1 SYSTEMPATH\View\View.php(213): include()
 2 SYSTEMPATH\View\View.php(216): CodeIgniter\View\View->CodeIgniter\View\{closure}()
 3 SYSTEMPATH\Common.php(1184): CodeIgniter\View\View->render('participant/events', [], true)
 4 APPPATH\Controllers\Participant.php(37): view('participant/events', [...])
 5 SYSTEMPATH\CodeIgniter.php(934): App\Controllers\Participant->events()
 6 SYSTEMPATH\CodeIgniter.php(499): CodeIgniter\CodeIgniter->runController(Object(App\Controllers\Participant))
 7 SYSTEMPATH\CodeIgniter.php(368): CodeIgniter\CodeIgniter->handleRequest(null, Object(Config\Cache), false)
 8 FCPATH\index.php(67): CodeIgniter\CodeIgniter->run()
 9 SYSTEMPATH\Commands\Server\rewrite.php(47): require_once('FCPATH\\index.php')
CRITICAL - 2023-04-05 03:56:31 --> Toolbar collector does not exist (Config\Views). Please check $collectors in the app/Config/Toolbar.php file.
INFO - 2023-04-05 03:56:31 --> Session: Class initialized using 'CodeIgniter\Session\Handlers\FileHandler' driver.
WARNING - 2023-04-05 03:56:31 --> [DEPRECATED] date_create(): Passing null to parameter #1 ($datetime) of type string is deprecated in APPPATH\Helpers\global_functions_helper.php on line 54.
 1 APPPATH\Helpers\global_functions_helper.php(54): date_create(null)
 2 APPPATH\Views\participant\events.php(60): proper_date(null)
 3 SYSTEMPATH\View\View.php(213): include('APPPATH\\Views\\participant\\events.php')
 4 SYSTEMPATH\View\View.php(216): CodeIgniter\View\View->CodeIgniter\View\{closure}()
 5 SYSTEMPATH\Common.php(1184): CodeIgniter\View\View->render('participant/events', [], true)
 6 APPPATH\Controllers\Participant.php(37): view('participant/events', [...])
 7 SYSTEMPATH\CodeIgniter.php(934): App\Controllers\Participant->events()
 8 SYSTEMPATH\CodeIgniter.php(499): CodeIgniter\CodeIgniter->runController(Object(App\Controllers\Participant))
 9 SYSTEMPATH\CodeIgniter.php(368): CodeIgniter\CodeIgniter->handleRequest(null, Object(Config\Cache), false)
10 FCPATH\index.php(67): CodeIgniter\CodeIgniter->run()
11 SYSTEMPATH\Commands\Server\rewrite.php(47): require_once('FCPATH\\index.php')
WARNING - 2023-04-05 03:56:31 --> [DEPRECATED] date_create(): Passing null to parameter #1 ($datetime) of type string is deprecated in APPPATH\Helpers\global_functions_helper.php on line 54.
 1 APPPATH\Helpers\global_functions_helper.php(54): date_create(null)
 2 APPPATH\Views\participant\events.php(60): proper_date(null)
 3 SYSTEMPATH\View\View.php(213): include('APPPATH\\Views\\participant\\events.php')
 4 SYSTEMPATH\View\View.php(216): CodeIgniter\View\View->CodeIgniter\View\{closure}()
 5 SYSTEMPATH\Common.php(1184): CodeIgniter\View\View->render('participant/events', [], true)
 6 APPPATH\Controllers\Participant.php(37): view('participant/events', [...])
 7 SYSTEMPATH\CodeIgniter.php(934): App\Controllers\Participant->events()
 8 SYSTEMPATH\CodeIgniter.php(499): CodeIgniter\CodeIgniter->runController(Object(App\Controllers\Participant))
 9 SYSTEMPATH\CodeIgniter.php(368): CodeIgniter\CodeIgniter->handleRequest(null, Object(Config\Cache), false)
10 FCPATH\index.php(67): CodeIgniter\CodeIgniter->run()
11 SYSTEMPATH\Commands\Server\rewrite.php(47): require_once('FCPATH\\index.php')
WARNING - 2023-04-05 03:56:31 --> [DEPRECATED] date_create(): Passing null to parameter #1 ($datetime) of type string is deprecated in APPPATH\Helpers\global_functions_helper.php on line 54.
 1 APPPATH\Helpers\global_functions_helper.php(54): date_create(null)
 2 APPPATH\Views\participant\events.php(60): proper_date(null)
 3 SYSTEMPATH\View\View.php(213): include('APPPATH\\Views\\participant\\events.php')
 4 SYSTEMPATH\View\View.php(216): CodeIgniter\View\View->CodeIgniter\View\{closure}()
 5 SYSTEMPATH\Common.php(1184): CodeIgniter\View\View->render('participant/events', [], true)
 6 APPPATH\Controllers\Participant.php(37): view('participant/events', [...])
 7 SYSTEMPATH\CodeIgniter.php(934): App\Controllers\Participant->events()
 8 SYSTEMPATH\CodeIgniter.php(499): CodeIgniter\CodeIgniter->runController(Object(App\Controllers\Participant))
 9 SYSTEMPATH\CodeIgniter.php(368): CodeIgniter\CodeIgniter->handleRequest(null, Object(Config\Cache), false)
10 FCPATH\index.php(67): CodeIgniter\CodeIgniter->run()
11 SYSTEMPATH\Commands\Server\rewrite.php(47): require_once('FCPATH\\index.php')
CRITICAL - 2023-04-05 03:56:31 --> Toolbar collector does not exist (Config\Views). Please check $collectors in the app/Config/Toolbar.php file.
CRITICAL - 2023-04-05 03:56:32 --> Toolbar collector does not exist (Config\Views). Please check $collectors in the app/Config/Toolbar.php file.
CRITICAL - 2023-04-05 03:56:32 --> Toolbar collector does not exist (Config\Views). Please check $collectors in the app/Config/Toolbar.php file.
INFO - 2023-04-05 03:56:32 --> Session: Class initialized using 'CodeIgniter\Session\Handlers\FileHandler' driver.
WARNING - 2023-04-05 03:56:32 --> [DEPRECATED] date_create(): Passing null to parameter #1 ($datetime) of type string is deprecated in APPPATH\Helpers\global_functions_helper.php on line 54.
 1 APPPATH\Helpers\global_functions_helper.php(54): date_create(null)
 2 APPPATH\Views\participant\events.php(60): proper_date(null)
 3 SYSTEMPATH\View\View.php(213): include('APPPATH\\Views\\participant\\events.php')
 4 SYSTEMPATH\View\View.php(216): CodeIgniter\View\View->CodeIgniter\View\{closure}()
 5 SYSTEMPATH\Common.php(1184): CodeIgniter\View\View->render('participant/events', [], true)
 6 APPPATH\Controllers\Participant.php(37): view('participant/events', [...])
 7 SYSTEMPATH\CodeIgniter.php(934): App\Controllers\Participant->events()
 8 SYSTEMPATH\CodeIgniter.php(499): CodeIgniter\CodeIgniter->runController(Object(App\Controllers\Participant))
 9 SYSTEMPATH\CodeIgniter.php(368): CodeIgniter\CodeIgniter->handleRequest(null, Object(Config\Cache), false)
10 FCPATH\index.php(67): CodeIgniter\CodeIgniter->run()
11 SYSTEMPATH\Commands\Server\rewrite.php(47): require_once('FCPATH\\index.php')
WARNING - 2023-04-05 03:56:32 --> [DEPRECATED] date_create(): Passing null to parameter #1 ($datetime) of type string is deprecated in APPPATH\Helpers\global_functions_helper.php on line 54.
 1 APPPATH\Helpers\global_functions_helper.php(54): date_create(null)
 2 APPPATH\Views\participant\events.php(60): proper_date(null)
 3 SYSTEMPATH\View\View.php(213): include('APPPATH\\Views\\participant\\events.php')
 4 SYSTEMPATH\View\View.php(216): CodeIgniter\View\View->CodeIgniter\View\{closure}()
 5 SYSTEMPATH\Common.php(1184): CodeIgniter\View\View->render('participant/events', [], true)
 6 APPPATH\Controllers\Participant.php(37): view('participant/events', [...])
 7 SYSTEMPATH\CodeIgniter.php(934): App\Controllers\Participant->events()
 8 SYSTEMPATH\CodeIgniter.php(499): CodeIgniter\CodeIgniter->runController(Object(App\Controllers\Participant))
 9 SYSTEMPATH\CodeIgniter.php(368): CodeIgniter\CodeIgniter->handleRequest(null, Object(Config\Cache), false)
10 FCPATH\index.php(67): CodeIgniter\CodeIgniter->run()
11 SYSTEMPATH\Commands\Server\rewrite.php(47): require_once('FCPATH\\index.php')
WARNING - 2023-04-05 03:56:32 --> [DEPRECATED] date_create(): Passing null to parameter #1 ($datetime) of type string is deprecated in APPPATH\Helpers\global_functions_helper.php on line 54.
 1 APPPATH\Helpers\global_functions_helper.php(54): date_create(null)
 2 APPPATH\Views\participant\events.php(60): proper_date(null)
 3 SYSTEMPATH\View\View.php(213): include('APPPATH\\Views\\participant\\events.php')
 4 SYSTEMPATH\View\View.php(216): CodeIgniter\View\View->CodeIgniter\View\{closure}()
 5 SYSTEMPATH\Common.php(1184): CodeIgniter\View\View->render('participant/events', [], true)
 6 APPPATH\Controllers\Participant.php(37): view('participant/events', [...])
 7 SYSTEMPATH\CodeIgniter.php(934): App\Controllers\Participant->events()
 8 SYSTEMPATH\CodeIgniter.php(499): CodeIgniter\CodeIgniter->runController(Object(App\Controllers\Participant))
 9 SYSTEMPATH\CodeIgniter.php(368): CodeIgniter\CodeIgniter->handleRequest(null, Object(Config\Cache), false)
10 FCPATH\index.php(67): CodeIgniter\CodeIgniter->run()
11 SYSTEMPATH\Commands\Server\rewrite.php(47): require_once('FCPATH\\index.php')
CRITICAL - 2023-04-05 03:57:02 --> Toolbar collector does not exist (Config\Views). Please check $collectors in the app/Config/Toolbar.php file.
INFO - 2023-04-05 03:57:02 --> Session: Class initialized using 'CodeIgniter\Session\Handlers\FileHandler' driver.
CRITICAL - 2023-04-05 03:57:02 --> Toolbar collector does not exist (Config\Views). Please check $collectors in the app/Config/Toolbar.php file.
INFO - 2023-04-05 03:57:02 --> Session: Class initialized using 'CodeIgniter\Session\Handlers\FileHandler' driver.
CRITICAL - 2023-04-05 03:57:57 --> Toolbar collector does not exist (Config\Views). Please check $collectors in the app/Config/Toolbar.php file.
INFO - 2023-04-05 03:57:57 --> Session: Class initialized using 'CodeIgniter\Session\Handlers\FileHandler' driver.
WARNING - 2023-04-05 03:57:58 --> [DEPRECATED] date_create(): Passing null to parameter #1 ($datetime) of type string is deprecated in APPPATH\Helpers\global_functions_helper.php on line 54.
 1 APPPATH\Helpers\global_functions_helper.php(54): date_create(null)
 2 APPPATH\Views\participant\events.php(60): proper_date(null)
 3 SYSTEMPATH\View\View.php(213): include('APPPATH\\Views\\participant\\events.php')
 4 SYSTEMPATH\View\View.php(216): CodeIgniter\View\View->CodeIgniter\View\{closure}()
 5 SYSTEMPATH\Common.php(1184): CodeIgniter\View\View->render('participant/events', [], true)
 6 APPPATH\Controllers\Participant.php(37): view('participant/events', [...])
 7 SYSTEMPATH\CodeIgniter.php(934): App\Controllers\Participant->events()
 8 SYSTEMPATH\CodeIgniter.php(499): CodeIgniter\CodeIgniter->runController(Object(App\Controllers\Participant))
 9 SYSTEMPATH\CodeIgniter.php(368): CodeIgniter\CodeIgniter->handleRequest(null, Object(Config\Cache), false)
10 FCPATH\index.php(67): CodeIgniter\CodeIgniter->run()
11 SYSTEMPATH\Commands\Server\rewrite.php(47): require_once('FCPATH\\index.php')
WARNING - 2023-04-05 03:57:58 --> [DEPRECATED] date_create(): Passing null to parameter #1 ($datetime) of type string is deprecated in APPPATH\Helpers\global_functions_helper.php on line 54.
 1 APPPATH\Helpers\global_functions_helper.php(54): date_create(null)
 2 APPPATH\Views\participant\events.php(60): proper_date(null)
 3 SYSTEMPATH\View\View.php(213): include('APPPATH\\Views\\participant\\events.php')
 4 SYSTEMPATH\View\View.php(216): CodeIgniter\View\View->CodeIgniter\View\{closure}()
 5 SYSTEMPATH\Common.php(1184): CodeIgniter\View\View->render('participant/events', [], true)
 6 APPPATH\Controllers\Participant.php(37): view('participant/events', [...])
 7 SYSTEMPATH\CodeIgniter.php(934): App\Controllers\Participant->events()
 8 SYSTEMPATH\CodeIgniter.php(499): CodeIgniter\CodeIgniter->runController(Object(App\Controllers\Participant))
 9 SYSTEMPATH\CodeIgniter.php(368): CodeIgniter\CodeIgniter->handleRequest(null, Object(Config\Cache), false)
10 FCPATH\index.php(67): CodeIgniter\CodeIgniter->run()
11 SYSTEMPATH\Commands\Server\rewrite.php(47): require_once('FCPATH\\index.php')
WARNING - 2023-04-05 03:57:58 --> [DEPRECATED] date_create(): Passing null to parameter #1 ($datetime) of type string is deprecated in APPPATH\Helpers\global_functions_helper.php on line 54.
 1 APPPATH\Helpers\global_functions_helper.php(54): date_create(null)
 2 APPPATH\Views\participant\events.php(60): proper_date(null)
 3 SYSTEMPATH\View\View.php(213): include('APPPATH\\Views\\participant\\events.php')
 4 SYSTEMPATH\View\View.php(216): CodeIgniter\View\View->CodeIgniter\View\{closure}()
 5 SYSTEMPATH\Common.php(1184): CodeIgniter\View\View->render('participant/events', [], true)
 6 APPPATH\Controllers\Participant.php(37): view('participant/events', [...])
 7 SYSTEMPATH\CodeIgniter.php(934): App\Controllers\Participant->events()
 8 SYSTEMPATH\CodeIgniter.php(499): CodeIgniter\CodeIgniter->runController(Object(App\Controllers\Participant))
 9 SYSTEMPATH\CodeIgniter.php(368): CodeIgniter\CodeIgniter->handleRequest(null, Object(Config\Cache), false)
10 FCPATH\index.php(67): CodeIgniter\CodeIgniter->run()
11 SYSTEMPATH\Commands\Server\rewrite.php(47): require_once('FCPATH\\index.php')
CRITICAL - 2023-04-05 03:57:58 --> Toolbar collector does not exist (Config\Views). Please check $collectors in the app/Config/Toolbar.php file.
CRITICAL - 2023-04-05 03:57:58 --> Toolbar collector does not exist (Config\Views). Please check $collectors in the app/Config/Toolbar.php file.
CRITICAL - 2023-04-05 03:57:58 --> Toolbar collector does not exist (Config\Views). Please check $collectors in the app/Config/Toolbar.php file.
INFO - 2023-04-05 03:57:58 --> Session: Class initialized using 'CodeIgniter\Session\Handlers\FileHandler' driver.
WARNING - 2023-04-05 03:57:58 --> [DEPRECATED] date_create(): Passing null to parameter #1 ($datetime) of type string is deprecated in APPPATH\Helpers\global_functions_helper.php on line 54.
 1 APPPATH\Helpers\global_functions_helper.php(54): date_create(null)
 2 APPPATH\Views\participant\events.php(60): proper_date(null)
 3 SYSTEMPATH\View\View.php(213): include('APPPATH\\Views\\participant\\events.php')
 4 SYSTEMPATH\View\View.php(216): CodeIgniter\View\View->CodeIgniter\View\{closure}()
 5 SYSTEMPATH\Common.php(1184): CodeIgniter\View\View->render('participant/events', [], true)
 6 APPPATH\Controllers\Participant.php(37): view('participant/events', [...])
 7 SYSTEMPATH\CodeIgniter.php(934): App\Controllers\Participant->events()
 8 SYSTEMPATH\CodeIgniter.php(499): CodeIgniter\CodeIgniter->runController(Object(App\Controllers\Participant))
 9 SYSTEMPATH\CodeIgniter.php(368): CodeIgniter\CodeIgniter->handleRequest(null, Object(Config\Cache), false)
10 FCPATH\index.php(67): CodeIgniter\CodeIgniter->run()
11 SYSTEMPATH\Commands\Server\rewrite.php(47): require_once('FCPATH\\index.php')
WARNING - 2023-04-05 03:57:58 --> [DEPRECATED] date_create(): Passing null to parameter #1 ($datetime) of type string is deprecated in APPPATH\Helpers\global_functions_helper.php on line 54.
 1 APPPATH\Helpers\global_functions_helper.php(54): date_create(null)
 2 APPPATH\Views\participant\events.php(60): proper_date(null)
 3 SYSTEMPATH\View\View.php(213): include('APPPATH\\Views\\participant\\events.php')
 4 SYSTEMPATH\View\View.php(216): CodeIgniter\View\View->CodeIgniter\View\{closure}()
 5 SYSTEMPATH\Common.php(1184): CodeIgniter\View\View->render('participant/events', [], true)
 6 APPPATH\Controllers\Participant.php(37): view('participant/events', [...])
 7 SYSTEMPATH\CodeIgniter.php(934): App\Controllers\Participant->events()
 8 SYSTEMPATH\CodeIgniter.php(499): CodeIgniter\CodeIgniter->runController(Object(App\Controllers\Participant))
 9 SYSTEMPATH\CodeIgniter.php(368): CodeIgniter\CodeIgniter->handleRequest(null, Object(Config\Cache), false)
10 FCPATH\index.php(67): CodeIgniter\CodeIgniter->run()
11 SYSTEMPATH\Commands\Server\rewrite.php(47): require_once('FCPATH\\index.php')
WARNING - 2023-04-05 03:57:58 --> [DEPRECATED] date_create(): Passing null to parameter #1 ($datetime) of type string is deprecated in APPPATH\Helpers\global_functions_helper.php on line 54.
 1 APPPATH\Helpers\global_functions_helper.php(54): date_create(null)
 2 APPPATH\Views\participant\events.php(60): proper_date(null)
 3 SYSTEMPATH\View\View.php(213): include('APPPATH\\Views\\participant\\events.php')
 4 SYSTEMPATH\View\View.php(216): CodeIgniter\View\View->CodeIgniter\View\{closure}()
 5 SYSTEMPATH\Common.php(1184): CodeIgniter\View\View->render('participant/events', [], true)
 6 APPPATH\Controllers\Participant.php(37): view('participant/events', [...])
 7 SYSTEMPATH\CodeIgniter.php(934): App\Controllers\Participant->events()
 8 SYSTEMPATH\CodeIgniter.php(499): CodeIgniter\CodeIgniter->runController(Object(App\Controllers\Participant))
 9 SYSTEMPATH\CodeIgniter.php(368): CodeIgniter\CodeIgniter->handleRequest(null, Object(Config\Cache), false)
10 FCPATH\index.php(67): CodeIgniter\CodeIgniter->run()
11 SYSTEMPATH\Commands\Server\rewrite.php(47): require_once('FCPATH\\index.php')
CRITICAL - 2023-04-05 03:58:52 --> Toolbar collector does not exist (Config\Views). Please check $collectors in the app/Config/Toolbar.php file.
INFO - 2023-04-05 03:58:52 --> Session: Class initialized using 'CodeIgniter\Session\Handlers\FileHandler' driver.
WARNING - 2023-04-05 03:58:52 --> [DEPRECATED] date_create(): Passing null to parameter #1 ($datetime) of type string is deprecated in APPPATH\Helpers\global_functions_helper.php on line 54.
 1 APPPATH\Helpers\global_functions_helper.php(54): date_create(null)
 2 APPPATH\Views\participant\events.php(60): proper_date(null)
 3 SYSTEMPATH\View\View.php(213): include('APPPATH\\Views\\participant\\events.php')
 4 SYSTEMPATH\View\View.php(216): CodeIgniter\View\View->CodeIgniter\View\{closure}()
 5 SYSTEMPATH\Common.php(1184): CodeIgniter\View\View->render('participant/events', [], true)
 6 APPPATH\Controllers\Participant.php(37): view('participant/events', [...])
 7 SYSTEMPATH\CodeIgniter.php(934): App\Controllers\Participant->events()
 8 SYSTEMPATH\CodeIgniter.php(499): CodeIgniter\CodeIgniter->runController(Object(App\Controllers\Participant))
 9 SYSTEMPATH\CodeIgniter.php(368): CodeIgniter\CodeIgniter->handleRequest(null, Object(Config\Cache), false)
10 FCPATH\index.php(67): CodeIgniter\CodeIgniter->run()
11 SYSTEMPATH\Commands\Server\rewrite.php(47): require_once('FCPATH\\index.php')
WARNING - 2023-04-05 03:58:52 --> [DEPRECATED] date_create(): Passing null to parameter #1 ($datetime) of type string is deprecated in APPPATH\Helpers\global_functions_helper.php on line 54.
 1 APPPATH\Helpers\global_functions_helper.php(54): date_create(null)
 2 APPPATH\Views\participant\events.php(60): proper_date(null)
 3 SYSTEMPATH\View\View.php(213): include('APPPATH\\Views\\participant\\events.php')
 4 SYSTEMPATH\View\View.php(216): CodeIgniter\View\View->CodeIgniter\View\{closure}()
 5 SYSTEMPATH\Common.php(1184): CodeIgniter\View\View->render('participant/events', [], true)
 6 APPPATH\Controllers\Participant.php(37): view('participant/events', [...])
 7 SYSTEMPATH\CodeIgniter.php(934): App\Controllers\Participant->events()
 8 SYSTEMPATH\CodeIgniter.php(499): CodeIgniter\CodeIgniter->runController(Object(App\Controllers\Participant))
 9 SYSTEMPATH\CodeIgniter.php(368): CodeIgniter\CodeIgniter->handleRequest(null, Object(Config\Cache), false)
10 FCPATH\index.php(67): CodeIgniter\CodeIgniter->run()
11 SYSTEMPATH\Commands\Server\rewrite.php(47): require_once('FCPATH\\index.php')
WARNING - 2023-04-05 03:58:52 --> [DEPRECATED] date_create(): Passing null to parameter #1 ($datetime) of type string is deprecated in APPPATH\Helpers\global_functions_helper.php on line 54.
 1 APPPATH\Helpers\global_functions_helper.php(54): date_create(null)
 2 APPPATH\Views\participant\events.php(60): proper_date(null)
 3 SYSTEMPATH\View\View.php(213): include('APPPATH\\Views\\participant\\events.php')
 4 SYSTEMPATH\View\View.php(216): CodeIgniter\View\View->CodeIgniter\View\{closure}()
 5 SYSTEMPATH\Common.php(1184): CodeIgniter\View\View->render('participant/events', [], true)
 6 APPPATH\Controllers\Participant.php(37): view('participant/events', [...])
 7 SYSTEMPATH\CodeIgniter.php(934): App\Controllers\Participant->events()
 8 SYSTEMPATH\CodeIgniter.php(499): CodeIgniter\CodeIgniter->runController(Object(App\Controllers\Participant))
 9 SYSTEMPATH\CodeIgniter.php(368): CodeIgniter\CodeIgniter->handleRequest(null, Object(Config\Cache), false)
10 FCPATH\index.php(67): CodeIgniter\CodeIgniter->run()
11 SYSTEMPATH\Commands\Server\rewrite.php(47): require_once('FCPATH\\index.php')
CRITICAL - 2023-04-05 03:58:52 --> Toolbar collector does not exist (Config\Views). Please check $collectors in the app/Config/Toolbar.php file.
CRITICAL - 2023-04-05 03:58:52 --> Toolbar collector does not exist (Config\Views). Please check $collectors in the app/Config/Toolbar.php file.
CRITICAL - 2023-04-05 03:58:53 --> Toolbar collector does not exist (Config\Views). Please check $collectors in the app/Config/Toolbar.php file.
INFO - 2023-04-05 03:58:53 --> Session: Class initialized using 'CodeIgniter\Session\Handlers\FileHandler' driver.
WARNING - 2023-04-05 03:58:53 --> [DEPRECATED] date_create(): Passing null to parameter #1 ($datetime) of type string is deprecated in APPPATH\Helpers\global_functions_helper.php on line 54.
 1 APPPATH\Helpers\global_functions_helper.php(54): date_create(null)
 2 APPPATH\Views\participant\events.php(60): proper_date(null)
 3 SYSTEMPATH\View\View.php(213): include('APPPATH\\Views\\participant\\events.php')
 4 SYSTEMPATH\View\View.php(216): CodeIgniter\View\View->CodeIgniter\View\{closure}()
 5 SYSTEMPATH\Common.php(1184): CodeIgniter\View\View->render('participant/events', [], true)
 6 APPPATH\Controllers\Participant.php(37): view('participant/events', [...])
 7 SYSTEMPATH\CodeIgniter.php(934): App\Controllers\Participant->events()
 8 SYSTEMPATH\CodeIgniter.php(499): CodeIgniter\CodeIgniter->runController(Object(App\Controllers\Participant))
 9 SYSTEMPATH\CodeIgniter.php(368): CodeIgniter\CodeIgniter->handleRequest(null, Object(Config\Cache), false)
10 FCPATH\index.php(67): CodeIgniter\CodeIgniter->run()
11 SYSTEMPATH\Commands\Server\rewrite.php(47): require_once('FCPATH\\index.php')
WARNING - 2023-04-05 03:58:53 --> [DEPRECATED] date_create(): Passing null to parameter #1 ($datetime) of type string is deprecated in APPPATH\Helpers\global_functions_helper.php on line 54.
 1 APPPATH\Helpers\global_functions_helper.php(54): date_create(null)
 2 APPPATH\Views\participant\events.php(60): proper_date(null)
 3 SYSTEMPATH\View\View.php(213): include('APPPATH\\Views\\participant\\events.php')
 4 SYSTEMPATH\View\View.php(216): CodeIgniter\View\View->CodeIgniter\View\{closure}()
 5 SYSTEMPATH\Common.php(1184): CodeIgniter\View\View->render('participant/events', [], true)
 6 APPPATH\Controllers\Participant.php(37): view('participant/events', [...])
 7 SYSTEMPATH\CodeIgniter.php(934): App\Controllers\Participant->events()
 8 SYSTEMPATH\CodeIgniter.php(499): CodeIgniter\CodeIgniter->runController(Object(App\Controllers\Participant))
 9 SYSTEMPATH\CodeIgniter.php(368): CodeIgniter\CodeIgniter->handleRequest(null, Object(Config\Cache), false)
10 FCPATH\index.php(67): CodeIgniter\CodeIgniter->run()
11 SYSTEMPATH\Commands\Server\rewrite.php(47): require_once('FCPATH\\index.php')
WARNING - 2023-04-05 03:58:53 --> [DEPRECATED] date_create(): Passing null to parameter #1 ($datetime) of type string is deprecated in APPPATH\Helpers\global_functions_helper.php on line 54.
 1 APPPATH\Helpers\global_functions_helper.php(54): date_create(null)
 2 APPPATH\Views\participant\events.php(60): proper_date(null)
 3 SYSTEMPATH\View\View.php(213): include('APPPATH\\Views\\participant\\events.php')
 4 SYSTEMPATH\View\View.php(216): CodeIgniter\View\View->CodeIgniter\View\{closure}()
 5 SYSTEMPATH\Common.php(1184): CodeIgniter\View\View->render('participant/events', [], true)
 6 APPPATH\Controllers\Participant.php(37): view('participant/events', [...])
 7 SYSTEMPATH\CodeIgniter.php(934): App\Controllers\Participant->events()
 8 SYSTEMPATH\CodeIgniter.php(499): CodeIgniter\CodeIgniter->runController(Object(App\Controllers\Participant))
 9 SYSTEMPATH\CodeIgniter.php(368): CodeIgniter\CodeIgniter->handleRequest(null, Object(Config\Cache), false)
10 FCPATH\index.php(67): CodeIgniter\CodeIgniter->run()
11 SYSTEMPATH\Commands\Server\rewrite.php(47): require_once('FCPATH\\index.php')
