CRITICAL - 2023-04-15 00:15:07 --> Toolbar collector does not exist (Config\Views). Please check $collectors in the app/Config/Toolbar.php file.
INFO - 2023-04-15 00:15:07 --> Session: Class initialized using 'CodeIgniter\Session\Handlers\FileHandler' driver.
CRITICAL - 2023-04-15 00:15:07 --> Toolbar collector does not exist (Config\Views). Please check $collectors in the app/Config/Toolbar.php file.
CRITICAL - 2023-04-15 00:15:07 --> Toolbar collector does not exist (Config\Views). Please check $collectors in the app/Config/Toolbar.php file.
CRITICAL - 2023-04-15 00:15:07 --> Toolbar collector does not exist (Config\Views). Please check $collectors in the app/Config/Toolbar.php file.
INFO - 2023-04-15 00:15:07 --> Session: Class initialized using 'CodeIgniter\Session\Handlers\FileHandler' driver.
CRITICAL - 2023-04-15 00:15:11 --> Toolbar collector does not exist (Config\Views). Please check $collectors in the app/Config/Toolbar.php file.
CRITICAL - 2023-04-15 00:15:51 --> Toolbar collector does not exist (Config\Views). Please check $collectors in the app/Config/Toolbar.php file.
INFO - 2023-04-15 00:15:51 --> Session: Class initialized using 'CodeIgniter\Session\Handlers\FileHandler' driver.
CRITICAL - 2023-04-15 00:15:51 --> Toolbar collector does not exist (Config\Views). Please check $collectors in the app/Config/Toolbar.php file.
CRITICAL - 2023-04-15 00:15:51 --> Toolbar collector does not exist (Config\Views). Please check $collectors in the app/Config/Toolbar.php file.
CRITICAL - 2023-04-15 00:15:51 --> Toolbar collector does not exist (Config\Views). Please check $collectors in the app/Config/Toolbar.php file.
CRITICAL - 2023-04-15 00:15:52 --> Toolbar collector does not exist (Config\Views). Please check $collectors in the app/Config/Toolbar.php file.
INFO - 2023-04-15 00:15:52 --> Session: Class initialized using 'CodeIgniter\Session\Handlers\FileHandler' driver.
CRITICAL - 2023-04-15 00:16:31 --> Toolbar collector does not exist (Config\Views). Please check $collectors in the app/Config/Toolbar.php file.
INFO - 2023-04-15 00:16:31 --> Session: Class initialized using 'CodeIgniter\Session\Handlers\FileHandler' driver.
CRITICAL - 2023-04-15 00:16:31 --> Toolbar collector does not exist (Config\Views). Please check $collectors in the app/Config/Toolbar.php file.
CRITICAL - 2023-04-15 00:16:31 --> Toolbar collector does not exist (Config\Views). Please check $collectors in the app/Config/Toolbar.php file.
CRITICAL - 2023-04-15 00:16:31 --> Toolbar collector does not exist (Config\Views). Please check $collectors in the app/Config/Toolbar.php file.
CRITICAL - 2023-04-15 00:16:31 --> Toolbar collector does not exist (Config\Views). Please check $collectors in the app/Config/Toolbar.php file.
INFO - 2023-04-15 00:16:31 --> Session: Class initialized using 'CodeIgniter\Session\Handlers\FileHandler' driver.
CRITICAL - 2023-04-15 00:16:51 --> Toolbar collector does not exist (Config\Views). Please check $collectors in the app/Config/Toolbar.php file.
INFO - 2023-04-15 00:16:52 --> Session: Class initialized using 'CodeIgniter\Session\Handlers\FileHandler' driver.
CRITICAL - 2023-04-15 00:16:52 --> Toolbar collector does not exist (Config\Views). Please check $collectors in the app/Config/Toolbar.php file.
CRITICAL - 2023-04-15 00:16:52 --> Toolbar collector does not exist (Config\Views). Please check $collectors in the app/Config/Toolbar.php file.
CRITICAL - 2023-04-15 00:16:52 --> Toolbar collector does not exist (Config\Views). Please check $collectors in the app/Config/Toolbar.php file.
CRITICAL - 2023-04-15 00:16:52 --> Toolbar collector does not exist (Config\Views). Please check $collectors in the app/Config/Toolbar.php file.
INFO - 2023-04-15 00:16:52 --> Session: Class initialized using 'CodeIgniter\Session\Handlers\FileHandler' driver.
CRITICAL - 2023-04-15 00:17:36 --> Toolbar collector does not exist (Config\Views). Please check $collectors in the app/Config/Toolbar.php file.
INFO - 2023-04-15 00:17:36 --> Session: Class initialized using 'CodeIgniter\Session\Handlers\FileHandler' driver.
CRITICAL - 2023-04-15 00:17:36 --> Toolbar collector does not exist (Config\Views). Please check $collectors in the app/Config/Toolbar.php file.
CRITICAL - 2023-04-15 00:17:36 --> Toolbar collector does not exist (Config\Views). Please check $collectors in the app/Config/Toolbar.php file.
CRITICAL - 2023-04-15 00:17:36 --> Toolbar collector does not exist (Config\Views). Please check $collectors in the app/Config/Toolbar.php file.
CRITICAL - 2023-04-15 00:17:37 --> Toolbar collector does not exist (Config\Views). Please check $collectors in the app/Config/Toolbar.php file.
INFO - 2023-04-15 00:17:37 --> Session: Class initialized using 'CodeIgniter\Session\Handlers\FileHandler' driver.
CRITICAL - 2023-04-15 00:17:45 --> Toolbar collector does not exist (Config\Views). Please check $collectors in the app/Config/Toolbar.php file.
INFO - 2023-04-15 00:17:45 --> Session: Class initialized using 'CodeIgniter\Session\Handlers\FileHandler' driver.
CRITICAL - 2023-04-15 00:17:46 --> Toolbar collector does not exist (Config\Views). Please check $collectors in the app/Config/Toolbar.php file.
CRITICAL - 2023-04-15 00:17:46 --> Toolbar collector does not exist (Config\Views). Please check $collectors in the app/Config/Toolbar.php file.
CRITICAL - 2023-04-15 00:17:46 --> Toolbar collector does not exist (Config\Views). Please check $collectors in the app/Config/Toolbar.php file.
INFO - 2023-04-15 00:17:46 --> Session: Class initialized using 'CodeIgniter\Session\Handlers\FileHandler' driver.
CRITICAL - 2023-04-15 00:17:55 --> Toolbar collector does not exist (Config\Views). Please check $collectors in the app/Config/Toolbar.php file.
CRITICAL - 2023-04-15 00:18:46 --> Toolbar collector does not exist (Config\Views). Please check $collectors in the app/Config/Toolbar.php file.
INFO - 2023-04-15 00:18:47 --> Session: Class initialized using 'CodeIgniter\Session\Handlers\FileHandler' driver.
CRITICAL - 2023-04-15 00:18:47 --> Toolbar collector does not exist (Config\Views). Please check $collectors in the app/Config/Toolbar.php file.
CRITICAL - 2023-04-15 00:18:47 --> Toolbar collector does not exist (Config\Views). Please check $collectors in the app/Config/Toolbar.php file.
CRITICAL - 2023-04-15 00:18:47 --> Toolbar collector does not exist (Config\Views). Please check $collectors in the app/Config/Toolbar.php file.
CRITICAL - 2023-04-15 00:18:48 --> Toolbar collector does not exist (Config\Views). Please check $collectors in the app/Config/Toolbar.php file.
INFO - 2023-04-15 00:18:48 --> Session: Class initialized using 'CodeIgniter\Session\Handlers\FileHandler' driver.
CRITICAL - 2023-04-15 00:19:34 --> Toolbar collector does not exist (Config\Views). Please check $collectors in the app/Config/Toolbar.php file.
CRITICAL - 2023-04-15 00:20:20 --> Toolbar collector does not exist (Config\Views). Please check $collectors in the app/Config/Toolbar.php file.
INFO - 2023-04-15 00:20:20 --> Session: Class initialized using 'CodeIgniter\Session\Handlers\FileHandler' driver.
CRITICAL - 2023-04-15 00:20:20 --> Toolbar collector does not exist (Config\Views). Please check $collectors in the app/Config/Toolbar.php file.
CRITICAL - 2023-04-15 00:20:21 --> Toolbar collector does not exist (Config\Views). Please check $collectors in the app/Config/Toolbar.php file.
CRITICAL - 2023-04-15 00:20:21 --> Toolbar collector does not exist (Config\Views). Please check $collectors in the app/Config/Toolbar.php file.
INFO - 2023-04-15 00:20:21 --> Session: Class initialized using 'CodeIgniter\Session\Handlers\FileHandler' driver.
CRITICAL - 2023-04-15 00:20:23 --> Toolbar collector does not exist (Config\Views). Please check $collectors in the app/Config/Toolbar.php file.
CRITICAL - 2023-04-15 00:22:43 --> Toolbar collector does not exist (Config\Views). Please check $collectors in the app/Config/Toolbar.php file.
INFO - 2023-04-15 00:22:43 --> Session: Class initialized using 'CodeIgniter\Session\Handlers\FileHandler' driver.
CRITICAL - 2023-04-15 00:22:44 --> Toolbar collector does not exist (Config\Views). Please check $collectors in the app/Config/Toolbar.php file.
CRITICAL - 2023-04-15 00:22:44 --> Toolbar collector does not exist (Config\Views). Please check $collectors in the app/Config/Toolbar.php file.
CRITICAL - 2023-04-15 00:22:45 --> Toolbar collector does not exist (Config\Views). Please check $collectors in the app/Config/Toolbar.php file.
CRITICAL - 2023-04-15 00:22:45 --> Toolbar collector does not exist (Config\Views). Please check $collectors in the app/Config/Toolbar.php file.
INFO - 2023-04-15 00:22:45 --> Session: Class initialized using 'CodeIgniter\Session\Handlers\FileHandler' driver.
CRITICAL - 2023-04-15 00:22:53 --> Toolbar collector does not exist (Config\Views). Please check $collectors in the app/Config/Toolbar.php file.
INFO - 2023-04-15 00:22:53 --> Session: Class initialized using 'CodeIgniter\Session\Handlers\FileHandler' driver.
CRITICAL - 2023-04-15 00:22:53 --> Toolbar collector does not exist (Config\Views). Please check $collectors in the app/Config/Toolbar.php file.
CRITICAL - 2023-04-15 00:22:53 --> Toolbar collector does not exist (Config\Views). Please check $collectors in the app/Config/Toolbar.php file.
CRITICAL - 2023-04-15 00:22:54 --> Toolbar collector does not exist (Config\Views). Please check $collectors in the app/Config/Toolbar.php file.
CRITICAL - 2023-04-15 00:22:54 --> Toolbar collector does not exist (Config\Views). Please check $collectors in the app/Config/Toolbar.php file.
INFO - 2023-04-15 00:22:54 --> Session: Class initialized using 'CodeIgniter\Session\Handlers\FileHandler' driver.
CRITICAL - 2023-04-15 00:23:55 --> Toolbar collector does not exist (Config\Views). Please check $collectors in the app/Config/Toolbar.php file.
CRITICAL - 2023-04-15 00:24:28 --> Toolbar collector does not exist (Config\Views). Please check $collectors in the app/Config/Toolbar.php file.
INFO - 2023-04-15 00:24:28 --> Session: Class initialized using 'CodeIgniter\Session\Handlers\FileHandler' driver.
CRITICAL - 2023-04-15 00:24:28 --> Toolbar collector does not exist (Config\Views). Please check $collectors in the app/Config/Toolbar.php file.
CRITICAL - 2023-04-15 00:24:29 --> Toolbar collector does not exist (Config\Views). Please check $collectors in the app/Config/Toolbar.php file.
CRITICAL - 2023-04-15 00:24:29 --> Toolbar collector does not exist (Config\Views). Please check $collectors in the app/Config/Toolbar.php file.
CRITICAL - 2023-04-15 00:24:30 --> Toolbar collector does not exist (Config\Views). Please check $collectors in the app/Config/Toolbar.php file.
INFO - 2023-04-15 00:24:30 --> Session: Class initialized using 'CodeIgniter\Session\Handlers\FileHandler' driver.
CRITICAL - 2023-04-15 00:24:46 --> Toolbar collector does not exist (Config\Views). Please check $collectors in the app/Config/Toolbar.php file.
INFO - 2023-04-15 00:24:46 --> Session: Class initialized using 'CodeIgniter\Session\Handlers\FileHandler' driver.
CRITICAL - 2023-04-15 00:24:46 --> Toolbar collector does not exist (Config\Views). Please check $collectors in the app/Config/Toolbar.php file.
CRITICAL - 2023-04-15 00:24:47 --> Toolbar collector does not exist (Config\Views). Please check $collectors in the app/Config/Toolbar.php file.
CRITICAL - 2023-04-15 00:24:47 --> Toolbar collector does not exist (Config\Views). Please check $collectors in the app/Config/Toolbar.php file.
CRITICAL - 2023-04-15 00:24:47 --> Toolbar collector does not exist (Config\Views). Please check $collectors in the app/Config/Toolbar.php file.
INFO - 2023-04-15 00:24:47 --> Session: Class initialized using 'CodeIgniter\Session\Handlers\FileHandler' driver.
CRITICAL - 2023-04-15 00:25:00 --> Toolbar collector does not exist (Config\Views). Please check $collectors in the app/Config/Toolbar.php file.
INFO - 2023-04-15 00:25:00 --> Session: Class initialized using 'CodeIgniter\Session\Handlers\FileHandler' driver.
CRITICAL - 2023-04-15 00:25:00 --> Toolbar collector does not exist (Config\Views). Please check $collectors in the app/Config/Toolbar.php file.
CRITICAL - 2023-04-15 00:25:00 --> Toolbar collector does not exist (Config\Views). Please check $collectors in the app/Config/Toolbar.php file.
CRITICAL - 2023-04-15 00:25:01 --> Toolbar collector does not exist (Config\Views). Please check $collectors in the app/Config/Toolbar.php file.
CRITICAL - 2023-04-15 00:25:01 --> Toolbar collector does not exist (Config\Views). Please check $collectors in the app/Config/Toolbar.php file.
INFO - 2023-04-15 00:25:01 --> Session: Class initialized using 'CodeIgniter\Session\Handlers\FileHandler' driver.
CRITICAL - 2023-04-15 00:25:10 --> Toolbar collector does not exist (Config\Views). Please check $collectors in the app/Config/Toolbar.php file.
INFO - 2023-04-15 00:25:10 --> Session: Class initialized using 'CodeIgniter\Session\Handlers\FileHandler' driver.
CRITICAL - 2023-04-15 00:25:10 --> Toolbar collector does not exist (Config\Views). Please check $collectors in the app/Config/Toolbar.php file.
CRITICAL - 2023-04-15 00:25:11 --> Toolbar collector does not exist (Config\Views). Please check $collectors in the app/Config/Toolbar.php file.
CRITICAL - 2023-04-15 00:25:11 --> Toolbar collector does not exist (Config\Views). Please check $collectors in the app/Config/Toolbar.php file.
CRITICAL - 2023-04-15 00:25:12 --> Toolbar collector does not exist (Config\Views). Please check $collectors in the app/Config/Toolbar.php file.
INFO - 2023-04-15 00:25:12 --> Session: Class initialized using 'CodeIgniter\Session\Handlers\FileHandler' driver.
CRITICAL - 2023-04-15 00:26:55 --> Toolbar collector does not exist (Config\Views). Please check $collectors in the app/Config/Toolbar.php file.
INFO - 2023-04-15 00:26:55 --> Session: Class initialized using 'CodeIgniter\Session\Handlers\FileHandler' driver.
CRITICAL - 2023-04-15 00:26:55 --> Toolbar collector does not exist (Config\Views). Please check $collectors in the app/Config/Toolbar.php file.
CRITICAL - 2023-04-15 00:26:55 --> Toolbar collector does not exist (Config\Views). Please check $collectors in the app/Config/Toolbar.php file.
CRITICAL - 2023-04-15 00:26:56 --> Toolbar collector does not exist (Config\Views). Please check $collectors in the app/Config/Toolbar.php file.
CRITICAL - 2023-04-15 00:26:56 --> Toolbar collector does not exist (Config\Views). Please check $collectors in the app/Config/Toolbar.php file.
INFO - 2023-04-15 00:26:56 --> Session: Class initialized using 'CodeIgniter\Session\Handlers\FileHandler' driver.
CRITICAL - 2023-04-15 00:27:44 --> Toolbar collector does not exist (Config\Views). Please check $collectors in the app/Config/Toolbar.php file.
INFO - 2023-04-15 00:27:44 --> Session: Class initialized using 'CodeIgniter\Session\Handlers\FileHandler' driver.
CRITICAL - 2023-04-15 00:27:45 --> Toolbar collector does not exist (Config\Views). Please check $collectors in the app/Config/Toolbar.php file.
CRITICAL - 2023-04-15 00:27:45 --> Toolbar collector does not exist (Config\Views). Please check $collectors in the app/Config/Toolbar.php file.
CRITICAL - 2023-04-15 00:27:46 --> Toolbar collector does not exist (Config\Views). Please check $collectors in the app/Config/Toolbar.php file.
CRITICAL - 2023-04-15 00:27:46 --> Toolbar collector does not exist (Config\Views). Please check $collectors in the app/Config/Toolbar.php file.
INFO - 2023-04-15 00:27:46 --> Session: Class initialized using 'CodeIgniter\Session\Handlers\FileHandler' driver.
CRITICAL - 2023-04-15 00:28:09 --> Toolbar collector does not exist (Config\Views). Please check $collectors in the app/Config/Toolbar.php file.
INFO - 2023-04-15 00:28:09 --> Session: Class initialized using 'CodeIgniter\Session\Handlers\FileHandler' driver.
CRITICAL - 2023-04-15 00:28:09 --> Toolbar collector does not exist (Config\Views). Please check $collectors in the app/Config/Toolbar.php file.
CRITICAL - 2023-04-15 00:28:10 --> Toolbar collector does not exist (Config\Views). Please check $collectors in the app/Config/Toolbar.php file.
CRITICAL - 2023-04-15 00:28:10 --> Toolbar collector does not exist (Config\Views). Please check $collectors in the app/Config/Toolbar.php file.
CRITICAL - 2023-04-15 00:28:10 --> Toolbar collector does not exist (Config\Views). Please check $collectors in the app/Config/Toolbar.php file.
INFO - 2023-04-15 00:28:10 --> Session: Class initialized using 'CodeIgniter\Session\Handlers\FileHandler' driver.
CRITICAL - 2023-04-15 00:28:24 --> Toolbar collector does not exist (Config\Views). Please check $collectors in the app/Config/Toolbar.php file.
INFO - 2023-04-15 00:28:24 --> Session: Class initialized using 'CodeIgniter\Session\Handlers\FileHandler' driver.
CRITICAL - 2023-04-15 00:28:24 --> Toolbar collector does not exist (Config\Views). Please check $collectors in the app/Config/Toolbar.php file.
CRITICAL - 2023-04-15 00:28:25 --> Toolbar collector does not exist (Config\Views). Please check $collectors in the app/Config/Toolbar.php file.
CRITICAL - 2023-04-15 00:28:25 --> Toolbar collector does not exist (Config\Views). Please check $collectors in the app/Config/Toolbar.php file.
CRITICAL - 2023-04-15 00:28:25 --> Toolbar collector does not exist (Config\Views). Please check $collectors in the app/Config/Toolbar.php file.
INFO - 2023-04-15 00:28:26 --> Session: Class initialized using 'CodeIgniter\Session\Handlers\FileHandler' driver.
CRITICAL - 2023-04-15 00:28:50 --> Toolbar collector does not exist (Config\Views). Please check $collectors in the app/Config/Toolbar.php file.
INFO - 2023-04-15 00:28:50 --> Session: Class initialized using 'CodeIgniter\Session\Handlers\FileHandler' driver.
CRITICAL - 2023-04-15 00:28:50 --> Toolbar collector does not exist (Config\Views). Please check $collectors in the app/Config/Toolbar.php file.
CRITICAL - 2023-04-15 00:28:51 --> Toolbar collector does not exist (Config\Views). Please check $collectors in the app/Config/Toolbar.php file.
CRITICAL - 2023-04-15 00:28:51 --> Toolbar collector does not exist (Config\Views). Please check $collectors in the app/Config/Toolbar.php file.
CRITICAL - 2023-04-15 00:28:51 --> Toolbar collector does not exist (Config\Views). Please check $collectors in the app/Config/Toolbar.php file.
INFO - 2023-04-15 00:28:51 --> Session: Class initialized using 'CodeIgniter\Session\Handlers\FileHandler' driver.
CRITICAL - 2023-04-15 00:29:03 --> Toolbar collector does not exist (Config\Views). Please check $collectors in the app/Config/Toolbar.php file.
CRITICAL - 2023-04-15 00:29:30 --> Toolbar collector does not exist (Config\Views). Please check $collectors in the app/Config/Toolbar.php file.
INFO - 2023-04-15 00:29:30 --> Session: Class initialized using 'CodeIgniter\Session\Handlers\FileHandler' driver.
CRITICAL - 2023-04-15 00:29:30 --> Toolbar collector does not exist (Config\Views). Please check $collectors in the app/Config/Toolbar.php file.
CRITICAL - 2023-04-15 00:29:31 --> Toolbar collector does not exist (Config\Views). Please check $collectors in the app/Config/Toolbar.php file.
CRITICAL - 2023-04-15 00:29:31 --> Toolbar collector does not exist (Config\Views). Please check $collectors in the app/Config/Toolbar.php file.
CRITICAL - 2023-04-15 00:29:31 --> Toolbar collector does not exist (Config\Views). Please check $collectors in the app/Config/Toolbar.php file.
INFO - 2023-04-15 00:29:31 --> Session: Class initialized using 'CodeIgniter\Session\Handlers\FileHandler' driver.
CRITICAL - 2023-04-15 00:31:47 --> Toolbar collector does not exist (Config\Views). Please check $collectors in the app/Config/Toolbar.php file.
INFO - 2023-04-15 00:31:48 --> Session: Class initialized using 'CodeIgniter\Session\Handlers\FileHandler' driver.
CRITICAL - 2023-04-15 00:31:48 --> Toolbar collector does not exist (Config\Views). Please check $collectors in the app/Config/Toolbar.php file.
CRITICAL - 2023-04-15 00:31:48 --> Toolbar collector does not exist (Config\Views). Please check $collectors in the app/Config/Toolbar.php file.
CRITICAL - 2023-04-15 00:31:48 --> Toolbar collector does not exist (Config\Views). Please check $collectors in the app/Config/Toolbar.php file.
INFO - 2023-04-15 00:31:48 --> Session: Class initialized using 'CodeIgniter\Session\Handlers\FileHandler' driver.
CRITICAL - 2023-04-15 00:31:49 --> Toolbar collector does not exist (Config\Views). Please check $collectors in the app/Config/Toolbar.php file.
INFO - 2023-04-15 00:31:49 --> Session: Class initialized using 'CodeIgniter\Session\Handlers\FileHandler' driver.
CRITICAL - 2023-04-15 00:31:50 --> Toolbar collector does not exist (Config\Views). Please check $collectors in the app/Config/Toolbar.php file.
CRITICAL - 2023-04-15 00:31:50 --> Toolbar collector does not exist (Config\Views). Please check $collectors in the app/Config/Toolbar.php file.
CRITICAL - 2023-04-15 00:31:50 --> Toolbar collector does not exist (Config\Views). Please check $collectors in the app/Config/Toolbar.php file.
INFO - 2023-04-15 00:31:50 --> Session: Class initialized using 'CodeIgniter\Session\Handlers\FileHandler' driver.
CRITICAL - 2023-04-15 00:31:53 --> Toolbar collector does not exist (Config\Views). Please check $collectors in the app/Config/Toolbar.php file.
INFO - 2023-04-15 00:31:53 --> Session: Class initialized using 'CodeIgniter\Session\Handlers\FileHandler' driver.
CRITICAL - 2023-04-15 00:31:53 --> Toolbar collector does not exist (Config\Views). Please check $collectors in the app/Config/Toolbar.php file.
CRITICAL - 2023-04-15 00:31:54 --> Toolbar collector does not exist (Config\Views). Please check $collectors in the app/Config/Toolbar.php file.
CRITICAL - 2023-04-15 00:31:54 --> Toolbar collector does not exist (Config\Views). Please check $collectors in the app/Config/Toolbar.php file.
INFO - 2023-04-15 00:31:54 --> Session: Class initialized using 'CodeIgniter\Session\Handlers\FileHandler' driver.
CRITICAL - 2023-04-15 00:32:07 --> Toolbar collector does not exist (Config\Views). Please check $collectors in the app/Config/Toolbar.php file.
INFO - 2023-04-15 00:32:07 --> Session: Class initialized using 'CodeIgniter\Session\Handlers\FileHandler' driver.
CRITICAL - 2023-04-15 00:32:07 --> Toolbar collector does not exist (Config\Views). Please check $collectors in the app/Config/Toolbar.php file.
CRITICAL - 2023-04-15 00:32:08 --> Toolbar collector does not exist (Config\Views). Please check $collectors in the app/Config/Toolbar.php file.
INFO - 2023-04-15 00:32:08 --> Session: Class initialized using 'CodeIgniter\Session\Handlers\FileHandler' driver.
CRITICAL - 2023-04-15 00:32:10 --> Toolbar collector does not exist (Config\Views). Please check $collectors in the app/Config/Toolbar.php file.
INFO - 2023-04-15 00:32:10 --> Session: Class initialized using 'CodeIgniter\Session\Handlers\FileHandler' driver.
CRITICAL - 2023-04-15 00:32:10 --> Toolbar collector does not exist (Config\Views). Please check $collectors in the app/Config/Toolbar.php file.
CRITICAL - 2023-04-15 00:32:11 --> Toolbar collector does not exist (Config\Views). Please check $collectors in the app/Config/Toolbar.php file.
CRITICAL - 2023-04-15 00:32:11 --> Toolbar collector does not exist (Config\Views). Please check $collectors in the app/Config/Toolbar.php file.
INFO - 2023-04-15 00:32:11 --> Session: Class initialized using 'CodeIgniter\Session\Handlers\FileHandler' driver.
CRITICAL - 2023-04-15 00:33:28 --> Toolbar collector does not exist (Config\Views). Please check $collectors in the app/Config/Toolbar.php file.
INFO - 2023-04-15 00:33:28 --> Session: Class initialized using 'CodeIgniter\Session\Handlers\FileHandler' driver.
CRITICAL - 2023-04-15 00:33:28 --> Toolbar collector does not exist (Config\Views). Please check $collectors in the app/Config/Toolbar.php file.
INFO - 2023-04-15 00:33:28 --> Session: Class initialized using 'CodeIgniter\Session\Handlers\FileHandler' driver.
CRITICAL - 2023-04-15 00:33:49 --> Toolbar collector does not exist (Config\Views). Please check $collectors in the app/Config/Toolbar.php file.
INFO - 2023-04-15 00:33:49 --> Session: Class initialized using 'CodeIgniter\Session\Handlers\FileHandler' driver.
CRITICAL - 2023-04-15 00:33:49 --> Toolbar collector does not exist (Config\Views). Please check $collectors in the app/Config/Toolbar.php file.
CRITICAL - 2023-04-15 00:33:49 --> Toolbar collector does not exist (Config\Views). Please check $collectors in the app/Config/Toolbar.php file.
CRITICAL - 2023-04-15 00:33:50 --> Toolbar collector does not exist (Config\Views). Please check $collectors in the app/Config/Toolbar.php file.
INFO - 2023-04-15 00:33:50 --> Session: Class initialized using 'CodeIgniter\Session\Handlers\FileHandler' driver.
CRITICAL - 2023-04-15 00:34:11 --> Toolbar collector does not exist (Config\Views). Please check $collectors in the app/Config/Toolbar.php file.
INFO - 2023-04-15 00:34:12 --> Session: Class initialized using 'CodeIgniter\Session\Handlers\FileHandler' driver.
CRITICAL - 2023-04-15 00:34:12 --> Toolbar collector does not exist (Config\Views). Please check $collectors in the app/Config/Toolbar.php file.
CRITICAL - 2023-04-15 00:34:12 --> Toolbar collector does not exist (Config\Views). Please check $collectors in the app/Config/Toolbar.php file.
CRITICAL - 2023-04-15 00:34:12 --> Toolbar collector does not exist (Config\Views). Please check $collectors in the app/Config/Toolbar.php file.
INFO - 2023-04-15 00:34:12 --> Session: Class initialized using 'CodeIgniter\Session\Handlers\FileHandler' driver.
CRITICAL - 2023-04-15 00:35:15 --> Toolbar collector does not exist (Config\Views). Please check $collectors in the app/Config/Toolbar.php file.
CRITICAL - 2023-04-15 23:25:59 --> Toolbar collector does not exist (Config\Views). Please check $collectors in the app/Config/Toolbar.php file.
INFO - 2023-04-15 23:25:59 --> Session: Class initialized using 'CodeIgniter\Session\Handlers\FileHandler' driver.
CRITICAL - 2023-04-15 23:26:00 --> Toolbar collector does not exist (Config\Views). Please check $collectors in the app/Config/Toolbar.php file.
INFO - 2023-04-15 23:26:00 --> Session: Class initialized using 'CodeIgniter\Session\Handlers\FileHandler' driver.
CRITICAL - 2023-04-15 23:26:00 --> Toolbar collector does not exist (Config\Views). Please check $collectors in the app/Config/Toolbar.php file.
CRITICAL - 2023-04-15 23:26:00 --> Toolbar collector does not exist (Config\Views). Please check $collectors in the app/Config/Toolbar.php file.
CRITICAL - 2023-04-15 23:26:01 --> Toolbar collector does not exist (Config\Views). Please check $collectors in the app/Config/Toolbar.php file.
CRITICAL - 2023-04-15 23:26:01 --> Toolbar collector does not exist (Config\Views). Please check $collectors in the app/Config/Toolbar.php file.
INFO - 2023-04-15 23:26:01 --> Session: Class initialized using 'CodeIgniter\Session\Handlers\FileHandler' driver.
CRITICAL - 2023-04-15 23:26:44 --> Toolbar collector does not exist (Config\Views). Please check $collectors in the app/Config/Toolbar.php file.
INFO - 2023-04-15 23:26:44 --> Session: Class initialized using 'CodeIgniter\Session\Handlers\FileHandler' driver.
CRITICAL - 2023-04-15 23:26:44 --> Toolbar collector does not exist (Config\Views). Please check $collectors in the app/Config/Toolbar.php file.
INFO - 2023-04-15 23:26:44 --> Session: Class initialized using 'CodeIgniter\Session\Handlers\FileHandler' driver.
CRITICAL - 2023-04-15 23:26:45 --> Toolbar collector does not exist (Config\Views). Please check $collectors in the app/Config/Toolbar.php file.
CRITICAL - 2023-04-15 23:26:45 --> Toolbar collector does not exist (Config\Views). Please check $collectors in the app/Config/Toolbar.php file.
CRITICAL - 2023-04-15 23:26:45 --> Toolbar collector does not exist (Config\Views). Please check $collectors in the app/Config/Toolbar.php file.
CRITICAL - 2023-04-15 23:26:45 --> Toolbar collector does not exist (Config\Views). Please check $collectors in the app/Config/Toolbar.php file.
INFO - 2023-04-15 23:26:45 --> Session: Class initialized using 'CodeIgniter\Session\Handlers\FileHandler' driver.
CRITICAL - 2023-04-15 23:26:48 --> Toolbar collector does not exist (Config\Views). Please check $collectors in the app/Config/Toolbar.php file.
INFO - 2023-04-15 23:26:48 --> Session: Class initialized using 'CodeIgniter\Session\Handlers\FileHandler' driver.
CRITICAL - 2023-04-15 23:26:48 --> Toolbar collector does not exist (Config\Views). Please check $collectors in the app/Config/Toolbar.php file.
CRITICAL - 2023-04-15 23:26:49 --> Toolbar collector does not exist (Config\Views). Please check $collectors in the app/Config/Toolbar.php file.
CRITICAL - 2023-04-15 23:26:49 --> Toolbar collector does not exist (Config\Views). Please check $collectors in the app/Config/Toolbar.php file.
INFO - 2023-04-15 23:26:49 --> Session: Class initialized using 'CodeIgniter\Session\Handlers\FileHandler' driver.
CRITICAL - 2023-04-15 23:26:49 --> Toolbar collector does not exist (Config\Views). Please check $collectors in the app/Config/Toolbar.php file.
CRITICAL - 2023-04-15 23:27:24 --> Toolbar collector does not exist (Config\Views). Please check $collectors in the app/Config/Toolbar.php file.
INFO - 2023-04-15 23:27:24 --> Session: Class initialized using 'CodeIgniter\Session\Handlers\FileHandler' driver.
CRITICAL - 2023-04-15 23:27:24 --> Toolbar collector does not exist (Config\Views). Please check $collectors in the app/Config/Toolbar.php file.
CRITICAL - 2023-04-15 23:27:24 --> Toolbar collector does not exist (Config\Views). Please check $collectors in the app/Config/Toolbar.php file.
CRITICAL - 2023-04-15 23:27:25 --> Toolbar collector does not exist (Config\Views). Please check $collectors in the app/Config/Toolbar.php file.
INFO - 2023-04-15 23:27:25 --> Session: Class initialized using 'CodeIgniter\Session\Handlers\FileHandler' driver.
CRITICAL - 2023-04-15 23:28:21 --> Toolbar collector does not exist (Config\Views). Please check $collectors in the app/Config/Toolbar.php file.
INFO - 2023-04-15 23:28:21 --> Session: Class initialized using 'CodeIgniter\Session\Handlers\FileHandler' driver.
CRITICAL - 2023-04-15 23:28:21 --> Undefined array key "id"
in APPPATH\Controllers\User.php on line 75.
 1 APPPATH\Controllers\User.php(75): CodeIgniter\Debug\Exceptions->errorHandler(2, 'Undefined array key "id"', 'APPPATH\\Controllers\\User.php', 75)
 2 SYSTEMPATH\CodeIgniter.php(934): App\Controllers\User->event_page()
 3 SYSTEMPATH\CodeIgniter.php(499): CodeIgniter\CodeIgniter->runController(Object(App\Controllers\User))
 4 SYSTEMPATH\CodeIgniter.php(368): CodeIgniter\CodeIgniter->handleRequest(null, Object(Config\Cache), false)
 5 FCPATH\index.php(68): CodeIgniter\CodeIgniter->run()
 6 SYSTEMPATH\Commands\Server\rewrite.php(47): require_once('FCPATH\\index.php')
CRITICAL - 2023-04-15 23:28:52 --> Toolbar collector does not exist (Config\Views). Please check $collectors in the app/Config/Toolbar.php file.
INFO - 2023-04-15 23:28:52 --> Session: Class initialized using 'CodeIgniter\Session\Handlers\FileHandler' driver.
CRITICAL - 2023-04-15 23:28:53 --> Toolbar collector does not exist (Config\Views). Please check $collectors in the app/Config/Toolbar.php file.
INFO - 2023-04-15 23:28:53 --> Session: Class initialized using 'CodeIgniter\Session\Handlers\FileHandler' driver.
CRITICAL - 2023-04-15 23:28:53 --> Toolbar collector does not exist (Config\Views). Please check $collectors in the app/Config/Toolbar.php file.
CRITICAL - 2023-04-15 23:28:53 --> Toolbar collector does not exist (Config\Views). Please check $collectors in the app/Config/Toolbar.php file.
CRITICAL - 2023-04-15 23:28:59 --> Toolbar collector does not exist (Config\Views). Please check $collectors in the app/Config/Toolbar.php file.
INFO - 2023-04-15 23:28:59 --> Session: Class initialized using 'CodeIgniter\Session\Handlers\FileHandler' driver.
CRITICAL - 2023-04-15 23:28:59 --> Toolbar collector does not exist (Config\Views). Please check $collectors in the app/Config/Toolbar.php file.
INFO - 2023-04-15 23:28:59 --> Session: Class initialized using 'CodeIgniter\Session\Handlers\FileHandler' driver.
CRITICAL - 2023-04-15 23:29:00 --> Toolbar collector does not exist (Config\Views). Please check $collectors in the app/Config/Toolbar.php file.
CRITICAL - 2023-04-15 23:29:01 --> Toolbar collector does not exist (Config\Views). Please check $collectors in the app/Config/Toolbar.php file.
CRITICAL - 2023-04-15 23:29:03 --> Toolbar collector does not exist (Config\Views). Please check $collectors in the app/Config/Toolbar.php file.
INFO - 2023-04-15 23:29:03 --> Session: Class initialized using 'CodeIgniter\Session\Handlers\FileHandler' driver.
CRITICAL - 2023-04-15 23:29:03 --> Toolbar collector does not exist (Config\Views). Please check $collectors in the app/Config/Toolbar.php file.
CRITICAL - 2023-04-15 23:29:03 --> Toolbar collector does not exist (Config\Views). Please check $collectors in the app/Config/Toolbar.php file.
CRITICAL - 2023-04-15 23:29:06 --> Toolbar collector does not exist (Config\Views). Please check $collectors in the app/Config/Toolbar.php file.
INFO - 2023-04-15 23:29:06 --> Session: Class initialized using 'CodeIgniter\Session\Handlers\FileHandler' driver.
CRITICAL - 2023-04-15 23:29:07 --> Toolbar collector does not exist (Config\Views). Please check $collectors in the app/Config/Toolbar.php file.
CRITICAL - 2023-04-15 23:29:07 --> Toolbar collector does not exist (Config\Views). Please check $collectors in the app/Config/Toolbar.php file.
CRITICAL - 2023-04-15 23:31:29 --> Toolbar collector does not exist (Config\Views). Please check $collectors in the app/Config/Toolbar.php file.
INFO - 2023-04-15 23:31:29 --> Session: Class initialized using 'CodeIgniter\Session\Handlers\FileHandler' driver.
CRITICAL - 2023-04-15 23:31:29 --> Toolbar collector does not exist (Config\Views). Please check $collectors in the app/Config/Toolbar.php file.
CRITICAL - 2023-04-15 23:31:29 --> Toolbar collector does not exist (Config\Views). Please check $collectors in the app/Config/Toolbar.php file.
CRITICAL - 2023-04-15 23:31:31 --> Toolbar collector does not exist (Config\Views). Please check $collectors in the app/Config/Toolbar.php file.
CRITICAL - 2023-04-15 23:33:33 --> Toolbar collector does not exist (Config\Views). Please check $collectors in the app/Config/Toolbar.php file.
INFO - 2023-04-15 23:33:33 --> Session: Class initialized using 'CodeIgniter\Session\Handlers\FileHandler' driver.
CRITICAL - 2023-04-15 23:33:33 --> Toolbar collector does not exist (Config\Views). Please check $collectors in the app/Config/Toolbar.php file.
CRITICAL - 2023-04-15 23:33:33 --> Toolbar collector does not exist (Config\Views). Please check $collectors in the app/Config/Toolbar.php file.
CRITICAL - 2023-04-15 23:33:33 --> Toolbar collector does not exist (Config\Views). Please check $collectors in the app/Config/Toolbar.php file.
CRITICAL - 2023-04-15 23:34:07 --> Toolbar collector does not exist (Config\Views). Please check $collectors in the app/Config/Toolbar.php file.
INFO - 2023-04-15 23:34:07 --> Session: Class initialized using 'CodeIgniter\Session\Handlers\FileHandler' driver.
CRITICAL - 2023-04-15 23:34:07 --> Toolbar collector does not exist (Config\Views). Please check $collectors in the app/Config/Toolbar.php file.
INFO - 2023-04-15 23:34:07 --> Session: Class initialized using 'CodeIgniter\Session\Handlers\FileHandler' driver.
CRITICAL - 2023-04-15 23:34:08 --> Toolbar collector does not exist (Config\Views). Please check $collectors in the app/Config/Toolbar.php file.
CRITICAL - 2023-04-15 23:34:08 --> Toolbar collector does not exist (Config\Views). Please check $collectors in the app/Config/Toolbar.php file.
CRITICAL - 2023-04-15 23:34:08 --> Toolbar collector does not exist (Config\Views). Please check $collectors in the app/Config/Toolbar.php file.
CRITICAL - 2023-04-15 23:35:13 --> Toolbar collector does not exist (Config\Views). Please check $collectors in the app/Config/Toolbar.php file.
INFO - 2023-04-15 23:35:13 --> Session: Class initialized using 'CodeIgniter\Session\Handlers\FileHandler' driver.
CRITICAL - 2023-04-15 23:35:13 --> Toolbar collector does not exist (Config\Views). Please check $collectors in the app/Config/Toolbar.php file.
INFO - 2023-04-15 23:35:13 --> Session: Class initialized using 'CodeIgniter\Session\Handlers\FileHandler' driver.
CRITICAL - 2023-04-15 23:35:13 --> Toolbar collector does not exist (Config\Views). Please check $collectors in the app/Config/Toolbar.php file.
CRITICAL - 2023-04-15 23:35:13 --> Toolbar collector does not exist (Config\Views). Please check $collectors in the app/Config/Toolbar.php file.
CRITICAL - 2023-04-15 23:35:14 --> Toolbar collector does not exist (Config\Views). Please check $collectors in the app/Config/Toolbar.php file.
CRITICAL - 2023-04-15 23:35:16 --> Toolbar collector does not exist (Config\Views). Please check $collectors in the app/Config/Toolbar.php file.
INFO - 2023-04-15 23:35:16 --> Session: Class initialized using 'CodeIgniter\Session\Handlers\FileHandler' driver.
CRITICAL - 2023-04-15 23:35:16 --> Toolbar collector does not exist (Config\Views). Please check $collectors in the app/Config/Toolbar.php file.
INFO - 2023-04-15 23:35:16 --> Session: Class initialized using 'CodeIgniter\Session\Handlers\FileHandler' driver.
CRITICAL - 2023-04-15 23:35:16 --> Toolbar collector does not exist (Config\Views). Please check $collectors in the app/Config/Toolbar.php file.
CRITICAL - 2023-04-15 23:35:17 --> Toolbar collector does not exist (Config\Views). Please check $collectors in the app/Config/Toolbar.php file.
CRITICAL - 2023-04-15 23:35:17 --> Toolbar collector does not exist (Config\Views). Please check $collectors in the app/Config/Toolbar.php file.
CRITICAL - 2023-04-15 23:35:38 --> Toolbar collector does not exist (Config\Views). Please check $collectors in the app/Config/Toolbar.php file.
INFO - 2023-04-15 23:35:38 --> Session: Class initialized using 'CodeIgniter\Session\Handlers\FileHandler' driver.
CRITICAL - 2023-04-15 23:35:38 --> Toolbar collector does not exist (Config\Views). Please check $collectors in the app/Config/Toolbar.php file.
INFO - 2023-04-15 23:35:38 --> Session: Class initialized using 'CodeIgniter\Session\Handlers\FileHandler' driver.
CRITICAL - 2023-04-15 23:35:39 --> Toolbar collector does not exist (Config\Views). Please check $collectors in the app/Config/Toolbar.php file.
CRITICAL - 2023-04-15 23:35:39 --> Toolbar collector does not exist (Config\Views). Please check $collectors in the app/Config/Toolbar.php file.
CRITICAL - 2023-04-15 23:35:39 --> Toolbar collector does not exist (Config\Views). Please check $collectors in the app/Config/Toolbar.php file.
CRITICAL - 2023-04-15 23:40:37 --> Toolbar collector does not exist (Config\Views). Please check $collectors in the app/Config/Toolbar.php file.
INFO - 2023-04-15 23:40:37 --> Session: Class initialized using 'CodeIgniter\Session\Handlers\FileHandler' driver.
CRITICAL - 2023-04-15 23:40:37 --> Toolbar collector does not exist (Config\Views). Please check $collectors in the app/Config/Toolbar.php file.
CRITICAL - 2023-04-15 23:40:37 --> Toolbar collector does not exist (Config\Views). Please check $collectors in the app/Config/Toolbar.php file.
CRITICAL - 2023-04-15 23:40:38 --> Toolbar collector does not exist (Config\Views). Please check $collectors in the app/Config/Toolbar.php file.
INFO - 2023-04-15 23:40:38 --> Session: Class initialized using 'CodeIgniter\Session\Handlers\FileHandler' driver.
CRITICAL - 2023-04-15 23:40:38 --> Toolbar collector does not exist (Config\Views). Please check $collectors in the app/Config/Toolbar.php file.
CRITICAL - 2023-04-15 23:40:38 --> Toolbar collector does not exist (Config\Views). Please check $collectors in the app/Config/Toolbar.php file.
CRITICAL - 2023-04-15 23:40:38 --> Toolbar collector does not exist (Config\Views). Please check $collectors in the app/Config/Toolbar.php file.
CRITICAL - 2023-04-15 23:44:14 --> Toolbar collector does not exist (Config\Views). Please check $collectors in the app/Config/Toolbar.php file.
INFO - 2023-04-15 23:44:14 --> Session: Class initialized using 'CodeIgniter\Session\Handlers\FileHandler' driver.
CRITICAL - 2023-04-15 23:44:14 --> Toolbar collector does not exist (Config\Views). Please check $collectors in the app/Config/Toolbar.php file.
CRITICAL - 2023-04-15 23:44:14 --> Toolbar collector does not exist (Config\Views). Please check $collectors in the app/Config/Toolbar.php file.
CRITICAL - 2023-04-15 23:44:14 --> Toolbar collector does not exist (Config\Views). Please check $collectors in the app/Config/Toolbar.php file.
INFO - 2023-04-15 23:44:14 --> Session: Class initialized using 'CodeIgniter\Session\Handlers\FileHandler' driver.
CRITICAL - 2023-04-15 23:44:15 --> Toolbar collector does not exist (Config\Views). Please check $collectors in the app/Config/Toolbar.php file.
CRITICAL - 2023-04-15 23:44:59 --> Toolbar collector does not exist (Config\Views). Please check $collectors in the app/Config/Toolbar.php file.
INFO - 2023-04-15 23:44:59 --> Session: Class initialized using 'CodeIgniter\Session\Handlers\FileHandler' driver.
CRITICAL - 2023-04-15 23:44:59 --> Toolbar collector does not exist (Config\Views). Please check $collectors in the app/Config/Toolbar.php file.
CRITICAL - 2023-04-15 23:45:00 --> Toolbar collector does not exist (Config\Views). Please check $collectors in the app/Config/Toolbar.php file.
CRITICAL - 2023-04-15 23:45:00 --> Toolbar collector does not exist (Config\Views). Please check $collectors in the app/Config/Toolbar.php file.
INFO - 2023-04-15 23:45:00 --> Session: Class initialized using 'CodeIgniter\Session\Handlers\FileHandler' driver.
CRITICAL - 2023-04-15 23:45:00 --> Toolbar collector does not exist (Config\Views). Please check $collectors in the app/Config/Toolbar.php file.
CRITICAL - 2023-04-15 23:50:36 --> Toolbar collector does not exist (Config\Views). Please check $collectors in the app/Config/Toolbar.php file.
INFO - 2023-04-15 23:50:36 --> Session: Class initialized using 'CodeIgniter\Session\Handlers\FileHandler' driver.
CRITICAL - 2023-04-15 23:50:36 --> Toolbar collector does not exist (Config\Views). Please check $collectors in the app/Config/Toolbar.php file.
CRITICAL - 2023-04-15 23:50:36 --> Toolbar collector does not exist (Config\Views). Please check $collectors in the app/Config/Toolbar.php file.
CRITICAL - 2023-04-15 23:50:37 --> Toolbar collector does not exist (Config\Views). Please check $collectors in the app/Config/Toolbar.php file.
CRITICAL - 2023-04-15 23:50:37 --> Toolbar collector does not exist (Config\Views). Please check $collectors in the app/Config/Toolbar.php file.
INFO - 2023-04-15 23:50:37 --> Session: Class initialized using 'CodeIgniter\Session\Handlers\FileHandler' driver.
CRITICAL - 2023-04-15 23:50:38 --> Toolbar collector does not exist (Config\Views). Please check $collectors in the app/Config/Toolbar.php file.
CRITICAL - 2023-04-15 23:51:22 --> Toolbar collector does not exist (Config\Views). Please check $collectors in the app/Config/Toolbar.php file.
INFO - 2023-04-15 23:51:22 --> Session: Class initialized using 'CodeIgniter\Session\Handlers\FileHandler' driver.
CRITICAL - 2023-04-15 23:51:22 --> Toolbar collector does not exist (Config\Views). Please check $collectors in the app/Config/Toolbar.php file.
CRITICAL - 2023-04-15 23:51:23 --> Toolbar collector does not exist (Config\Views). Please check $collectors in the app/Config/Toolbar.php file.
CRITICAL - 2023-04-15 23:51:23 --> Toolbar collector does not exist (Config\Views). Please check $collectors in the app/Config/Toolbar.php file.
CRITICAL - 2023-04-15 23:51:23 --> Toolbar collector does not exist (Config\Views). Please check $collectors in the app/Config/Toolbar.php file.
CRITICAL - 2023-04-15 23:51:23 --> Toolbar collector does not exist (Config\Views). Please check $collectors in the app/Config/Toolbar.php file.
INFO - 2023-04-15 23:51:23 --> Session: Class initialized using 'CodeIgniter\Session\Handlers\FileHandler' driver.
CRITICAL - 2023-04-15 23:52:19 --> Toolbar collector does not exist (Config\Views). Please check $collectors in the app/Config/Toolbar.php file.
INFO - 2023-04-15 23:52:19 --> Session: Class initialized using 'CodeIgniter\Session\Handlers\FileHandler' driver.
CRITICAL - 2023-04-15 23:52:19 --> Toolbar collector does not exist (Config\Views). Please check $collectors in the app/Config/Toolbar.php file.
CRITICAL - 2023-04-15 23:52:20 --> Toolbar collector does not exist (Config\Views). Please check $collectors in the app/Config/Toolbar.php file.
CRITICAL - 2023-04-15 23:52:20 --> Toolbar collector does not exist (Config\Views). Please check $collectors in the app/Config/Toolbar.php file.
CRITICAL - 2023-04-15 23:52:20 --> Toolbar collector does not exist (Config\Views). Please check $collectors in the app/Config/Toolbar.php file.
INFO - 2023-04-15 23:52:20 --> Session: Class initialized using 'CodeIgniter\Session\Handlers\FileHandler' driver.
CRITICAL - 2023-04-15 23:52:21 --> Toolbar collector does not exist (Config\Views). Please check $collectors in the app/Config/Toolbar.php file.
INFO - 2023-04-15 23:52:21 --> Session: Class initialized using 'CodeIgniter\Session\Handlers\FileHandler' driver.
CRITICAL - 2023-04-15 23:53:49 --> Toolbar collector does not exist (Config\Views). Please check $collectors in the app/Config/Toolbar.php file.
INFO - 2023-04-15 23:53:49 --> Session: Class initialized using 'CodeIgniter\Session\Handlers\FileHandler' driver.
CRITICAL - 2023-04-15 23:53:50 --> Toolbar collector does not exist (Config\Views). Please check $collectors in the app/Config/Toolbar.php file.
CRITICAL - 2023-04-15 23:53:51 --> Toolbar collector does not exist (Config\Views). Please check $collectors in the app/Config/Toolbar.php file.
CRITICAL - 2023-04-15 23:54:03 --> Toolbar collector does not exist (Config\Views). Please check $collectors in the app/Config/Toolbar.php file.
INFO - 2023-04-15 23:54:03 --> Session: Class initialized using 'CodeIgniter\Session\Handlers\FileHandler' driver.
CRITICAL - 2023-04-15 23:54:08 --> Toolbar collector does not exist (Config\Views). Please check $collectors in the app/Config/Toolbar.php file.
INFO - 2023-04-15 23:54:08 --> Session: Class initialized using 'CodeIgniter\Session\Handlers\FileHandler' driver.
CRITICAL - 2023-04-15 23:54:09 --> Toolbar collector does not exist (Config\Views). Please check $collectors in the app/Config/Toolbar.php file.
CRITICAL - 2023-04-15 23:54:09 --> Toolbar collector does not exist (Config\Views). Please check $collectors in the app/Config/Toolbar.php file.
CRITICAL - 2023-04-15 23:54:09 --> Toolbar collector does not exist (Config\Views). Please check $collectors in the app/Config/Toolbar.php file.
CRITICAL - 2023-04-15 23:54:09 --> Toolbar collector does not exist (Config\Views). Please check $collectors in the app/Config/Toolbar.php file.
INFO - 2023-04-15 23:54:09 --> Session: Class initialized using 'CodeIgniter\Session\Handlers\FileHandler' driver.
CRITICAL - 2023-04-15 23:55:15 --> Toolbar collector does not exist (Config\Views). Please check $collectors in the app/Config/Toolbar.php file.
INFO - 2023-04-15 23:55:15 --> Session: Class initialized using 'CodeIgniter\Session\Handlers\FileHandler' driver.
CRITICAL - 2023-04-15 23:55:16 --> Toolbar collector does not exist (Config\Views). Please check $collectors in the app/Config/Toolbar.php file.
CRITICAL - 2023-04-15 23:55:16 --> Toolbar collector does not exist (Config\Views). Please check $collectors in the app/Config/Toolbar.php file.
CRITICAL - 2023-04-15 23:55:16 --> Toolbar collector does not exist (Config\Views). Please check $collectors in the app/Config/Toolbar.php file.
CRITICAL - 2023-04-15 23:55:16 --> Toolbar collector does not exist (Config\Views). Please check $collectors in the app/Config/Toolbar.php file.
INFO - 2023-04-15 23:55:16 --> Session: Class initialized using 'CodeIgniter\Session\Handlers\FileHandler' driver.
CRITICAL - 2023-04-15 23:55:50 --> Toolbar collector does not exist (Config\Views). Please check $collectors in the app/Config/Toolbar.php file.
INFO - 2023-04-15 23:55:50 --> Session: Class initialized using 'CodeIgniter\Session\Handlers\FileHandler' driver.
CRITICAL - 2023-04-15 23:55:50 --> Toolbar collector does not exist (Config\Views). Please check $collectors in the app/Config/Toolbar.php file.
CRITICAL - 2023-04-15 23:55:50 --> Toolbar collector does not exist (Config\Views). Please check $collectors in the app/Config/Toolbar.php file.
CRITICAL - 2023-04-15 23:55:50 --> Toolbar collector does not exist (Config\Views). Please check $collectors in the app/Config/Toolbar.php file.
CRITICAL - 2023-04-15 23:55:51 --> Toolbar collector does not exist (Config\Views). Please check $collectors in the app/Config/Toolbar.php file.
INFO - 2023-04-15 23:55:51 --> Session: Class initialized using 'CodeIgniter\Session\Handlers\FileHandler' driver.
CRITICAL - 2023-04-15 23:57:34 --> Toolbar collector does not exist (Config\Views). Please check $collectors in the app/Config/Toolbar.php file.
