CRITICAL - 2023-04-14 07:14:23 --> Toolbar collector does not exist (Config\Views). Please check $collectors in the app/Config/Toolbar.php file.
INFO - 2023-04-14 07:14:23 --> Session: Class initialized using 'CodeIgniter\Session\Handlers\FileHandler' driver.
CRITICAL - 2023-04-14 07:14:23 --> Undefined array key "id"
in APPPATH\Controllers\User.php on line 75.
 1 APPPATH\Controllers\User.php(75): CodeIgniter\Debug\Exceptions->errorHandler(2, 'Undefined array key "id"', 'APPPATH\\Controllers\\User.php', 75)
 2 SYSTEMPATH\CodeIgniter.php(934): App\Controllers\User->event_page()
 3 SYSTEMPATH\CodeIgniter.php(499): CodeIgniter\CodeIgniter->runController(Object(App\Controllers\User))
 4 SYSTEMPATH\CodeIgniter.php(368): CodeIgniter\CodeIgniter->handleRequest(null, Object(Config\Cache), false)
 5 FCPATH\index.php(68): CodeIgniter\CodeIgniter->run()
 6 SYSTEMPATH\Commands\Server\rewrite.php(47): require_once('FCPATH\\index.php')
CRITICAL - 2023-04-14 07:14:23 --> Toolbar collector does not exist (Config\Views). Please check $collectors in the app/Config/Toolbar.php file.
INFO - 2023-04-14 07:14:23 --> Session: Class initialized using 'CodeIgniter\Session\Handlers\FileHandler' driver.
CRITICAL - 2023-04-14 07:14:23 --> Undefined array key "id"
in APPPATH\Controllers\User.php on line 75.
 1 APPPATH\Controllers\User.php(75): CodeIgniter\Debug\Exceptions->errorHandler(2, 'Undefined array key "id"', 'APPPATH\\Controllers\\User.php', 75)
 2 SYSTEMPATH\CodeIgniter.php(934): App\Controllers\User->event_page()
 3 SYSTEMPATH\CodeIgniter.php(499): CodeIgniter\CodeIgniter->runController(Object(App\Controllers\User))
 4 SYSTEMPATH\CodeIgniter.php(368): CodeIgniter\CodeIgniter->handleRequest(null, Object(Config\Cache), false)
 5 FCPATH\index.php(68): CodeIgniter\CodeIgniter->run()
 6 SYSTEMPATH\Commands\Server\rewrite.php(47): require_once('FCPATH\\index.php')
CRITICAL - 2023-04-14 07:14:34 --> Toolbar collector does not exist (Config\Views). Please check $collectors in the app/Config/Toolbar.php file.
INFO - 2023-04-14 07:14:34 --> Session: Class initialized using 'CodeIgniter\Session\Handlers\FileHandler' driver.
CRITICAL - 2023-04-14 07:14:34 --> Undefined array key "id"
in APPPATH\Controllers\User.php on line 75.
 1 APPPATH\Controllers\User.php(75): CodeIgniter\Debug\Exceptions->errorHandler(2, 'Undefined array key "id"', 'APPPATH\\Controllers\\User.php', 75)
 2 SYSTEMPATH\CodeIgniter.php(934): App\Controllers\User->event_page()
 3 SYSTEMPATH\CodeIgniter.php(499): CodeIgniter\CodeIgniter->runController(Object(App\Controllers\User))
 4 SYSTEMPATH\CodeIgniter.php(368): CodeIgniter\CodeIgniter->handleRequest(null, Object(Config\Cache), false)
 5 FCPATH\index.php(68): CodeIgniter\CodeIgniter->run()
 6 SYSTEMPATH\Commands\Server\rewrite.php(47): require_once('FCPATH\\index.php')
CRITICAL - 2023-04-14 07:14:34 --> Toolbar collector does not exist (Config\Views). Please check $collectors in the app/Config/Toolbar.php file.
INFO - 2023-04-14 07:14:34 --> Session: Class initialized using 'CodeIgniter\Session\Handlers\FileHandler' driver.
CRITICAL - 2023-04-14 07:14:34 --> Undefined array key "id"
in APPPATH\Controllers\User.php on line 75.
 1 APPPATH\Controllers\User.php(75): CodeIgniter\Debug\Exceptions->errorHandler(2, 'Undefined array key "id"', 'APPPATH\\Controllers\\User.php', 75)
 2 SYSTEMPATH\CodeIgniter.php(934): App\Controllers\User->event_page()
 3 SYSTEMPATH\CodeIgniter.php(499): CodeIgniter\CodeIgniter->runController(Object(App\Controllers\User))
 4 SYSTEMPATH\CodeIgniter.php(368): CodeIgniter\CodeIgniter->handleRequest(null, Object(Config\Cache), false)
 5 FCPATH\index.php(68): CodeIgniter\CodeIgniter->run()
 6 SYSTEMPATH\Commands\Server\rewrite.php(47): require_once('FCPATH\\index.php')
CRITICAL - 2023-04-14 21:38:05 --> Toolbar collector does not exist (Config\Views). Please check $collectors in the app/Config/Toolbar.php file.
INFO - 2023-04-14 21:38:06 --> Session: Class initialized using 'CodeIgniter\Session\Handlers\FileHandler' driver.
CRITICAL - 2023-04-14 21:38:07 --> Toolbar collector does not exist (Config\Views). Please check $collectors in the app/Config/Toolbar.php file.
INFO - 2023-04-14 21:38:07 --> Session: Class initialized using 'CodeIgniter\Session\Handlers\FileHandler' driver.
CRITICAL - 2023-04-14 21:38:07 --> Toolbar collector does not exist (Config\Views). Please check $collectors in the app/Config/Toolbar.php file.
CRITICAL - 2023-04-14 21:38:07 --> Toolbar collector does not exist (Config\Views). Please check $collectors in the app/Config/Toolbar.php file.
CRITICAL - 2023-04-14 21:38:08 --> Toolbar collector does not exist (Config\Views). Please check $collectors in the app/Config/Toolbar.php file.
CRITICAL - 2023-04-14 21:38:09 --> Toolbar collector does not exist (Config\Views). Please check $collectors in the app/Config/Toolbar.php file.
INFO - 2023-04-14 21:38:09 --> Session: Class initialized using 'CodeIgniter\Session\Handlers\FileHandler' driver.
CRITICAL - 2023-04-14 21:38:15 --> Toolbar collector does not exist (Config\Views). Please check $collectors in the app/Config/Toolbar.php file.
CRITICAL - 2023-04-14 21:39:22 --> Toolbar collector does not exist (Config\Views). Please check $collectors in the app/Config/Toolbar.php file.
INFO - 2023-04-14 21:39:22 --> Session: Class initialized using 'CodeIgniter\Session\Handlers\FileHandler' driver.
CRITICAL - 2023-04-14 21:39:23 --> Toolbar collector does not exist (Config\Views). Please check $collectors in the app/Config/Toolbar.php file.
CRITICAL - 2023-04-14 21:39:23 --> Toolbar collector does not exist (Config\Views). Please check $collectors in the app/Config/Toolbar.php file.
CRITICAL - 2023-04-14 21:39:23 --> Toolbar collector does not exist (Config\Views). Please check $collectors in the app/Config/Toolbar.php file.
CRITICAL - 2023-04-14 21:39:23 --> Toolbar collector does not exist (Config\Views). Please check $collectors in the app/Config/Toolbar.php file.
INFO - 2023-04-14 21:39:23 --> Session: Class initialized using 'CodeIgniter\Session\Handlers\FileHandler' driver.
CRITICAL - 2023-04-14 21:39:24 --> Toolbar collector does not exist (Config\Views). Please check $collectors in the app/Config/Toolbar.php file.
CRITICAL - 2023-04-14 21:55:12 --> Toolbar collector does not exist (Config\Views). Please check $collectors in the app/Config/Toolbar.php file.
INFO - 2023-04-14 21:55:12 --> Session: Class initialized using 'CodeIgniter\Session\Handlers\FileHandler' driver.
CRITICAL - 2023-04-14 21:55:13 --> Toolbar collector does not exist (Config\Views). Please check $collectors in the app/Config/Toolbar.php file.
INFO - 2023-04-14 21:55:13 --> Session: Class initialized using 'CodeIgniter\Session\Handlers\FileHandler' driver.
CRITICAL - 2023-04-14 21:55:13 --> Toolbar collector does not exist (Config\Views). Please check $collectors in the app/Config/Toolbar.php file.
CRITICAL - 2023-04-14 21:55:13 --> Toolbar collector does not exist (Config\Views). Please check $collectors in the app/Config/Toolbar.php file.
CRITICAL - 2023-04-14 21:55:13 --> Toolbar collector does not exist (Config\Views). Please check $collectors in the app/Config/Toolbar.php file.
INFO - 2023-04-14 21:55:13 --> Session: Class initialized using 'CodeIgniter\Session\Handlers\FileHandler' driver.
CRITICAL - 2023-04-14 21:55:37 --> Toolbar collector does not exist (Config\Views). Please check $collectors in the app/Config/Toolbar.php file.
INFO - 2023-04-14 21:55:37 --> Session: Class initialized using 'CodeIgniter\Session\Handlers\FileHandler' driver.
CRITICAL - 2023-04-14 21:55:38 --> Toolbar collector does not exist (Config\Views). Please check $collectors in the app/Config/Toolbar.php file.
CRITICAL - 2023-04-14 21:55:38 --> Toolbar collector does not exist (Config\Views). Please check $collectors in the app/Config/Toolbar.php file.
INFO - 2023-04-14 21:55:38 --> Session: Class initialized using 'CodeIgniter\Session\Handlers\FileHandler' driver.
CRITICAL - 2023-04-14 21:56:17 --> Toolbar collector does not exist (Config\Views). Please check $collectors in the app/Config/Toolbar.php file.
INFO - 2023-04-14 21:56:17 --> Session: Class initialized using 'CodeIgniter\Session\Handlers\FileHandler' driver.
CRITICAL - 2023-04-14 21:56:17 --> Toolbar collector does not exist (Config\Views). Please check $collectors in the app/Config/Toolbar.php file.
CRITICAL - 2023-04-14 21:56:17 --> Toolbar collector does not exist (Config\Views). Please check $collectors in the app/Config/Toolbar.php file.
INFO - 2023-04-14 21:56:17 --> Session: Class initialized using 'CodeIgniter\Session\Handlers\FileHandler' driver.
CRITICAL - 2023-04-14 22:03:11 --> Toolbar collector does not exist (Config\Views). Please check $collectors in the app/Config/Toolbar.php file.
INFO - 2023-04-14 22:03:11 --> Session: Class initialized using 'CodeIgniter\Session\Handlers\FileHandler' driver.
CRITICAL - 2023-04-14 22:03:11 --> Toolbar collector does not exist (Config\Views). Please check $collectors in the app/Config/Toolbar.php file.
CRITICAL - 2023-04-14 22:03:11 --> Toolbar collector does not exist (Config\Views). Please check $collectors in the app/Config/Toolbar.php file.
INFO - 2023-04-14 22:03:11 --> Session: Class initialized using 'CodeIgniter\Session\Handlers\FileHandler' driver.
CRITICAL - 2023-04-14 22:03:24 --> Toolbar collector does not exist (Config\Views). Please check $collectors in the app/Config/Toolbar.php file.
INFO - 2023-04-14 22:03:24 --> Session: Class initialized using 'CodeIgniter\Session\Handlers\FileHandler' driver.
CRITICAL - 2023-04-14 22:03:24 --> Toolbar collector does not exist (Config\Views). Please check $collectors in the app/Config/Toolbar.php file.
CRITICAL - 2023-04-14 22:03:24 --> Toolbar collector does not exist (Config\Views). Please check $collectors in the app/Config/Toolbar.php file.
INFO - 2023-04-14 22:03:24 --> Session: Class initialized using 'CodeIgniter\Session\Handlers\FileHandler' driver.
CRITICAL - 2023-04-14 22:03:50 --> Toolbar collector does not exist (Config\Views). Please check $collectors in the app/Config/Toolbar.php file.
INFO - 2023-04-14 22:03:50 --> Session: Class initialized using 'CodeIgniter\Session\Handlers\FileHandler' driver.
CRITICAL - 2023-04-14 22:03:51 --> Toolbar collector does not exist (Config\Views). Please check $collectors in the app/Config/Toolbar.php file.
CRITICAL - 2023-04-14 22:03:51 --> Toolbar collector does not exist (Config\Views). Please check $collectors in the app/Config/Toolbar.php file.
INFO - 2023-04-14 22:03:51 --> Session: Class initialized using 'CodeIgniter\Session\Handlers\FileHandler' driver.
CRITICAL - 2023-04-14 22:08:41 --> Toolbar collector does not exist (Config\Views). Please check $collectors in the app/Config/Toolbar.php file.
INFO - 2023-04-14 22:08:41 --> Session: Class initialized using 'CodeIgniter\Session\Handlers\FileHandler' driver.
CRITICAL - 2023-04-14 22:08:41 --> Toolbar collector does not exist (Config\Views). Please check $collectors in the app/Config/Toolbar.php file.
CRITICAL - 2023-04-14 22:08:41 --> Toolbar collector does not exist (Config\Views). Please check $collectors in the app/Config/Toolbar.php file.
INFO - 2023-04-14 22:08:41 --> Session: Class initialized using 'CodeIgniter\Session\Handlers\FileHandler' driver.
CRITICAL - 2023-04-14 22:09:11 --> Toolbar collector does not exist (Config\Views). Please check $collectors in the app/Config/Toolbar.php file.
INFO - 2023-04-14 22:09:11 --> Session: Class initialized using 'CodeIgniter\Session\Handlers\FileHandler' driver.
CRITICAL - 2023-04-14 22:09:11 --> Toolbar collector does not exist (Config\Views). Please check $collectors in the app/Config/Toolbar.php file.
INFO - 2023-04-14 22:09:11 --> Session: Class initialized using 'CodeIgniter\Session\Handlers\FileHandler' driver.
CRITICAL - 2023-04-14 22:09:12 --> Toolbar collector does not exist (Config\Views). Please check $collectors in the app/Config/Toolbar.php file.
INFO - 2023-04-14 22:09:13 --> Session: Class initialized using 'CodeIgniter\Session\Handlers\FileHandler' driver.
CRITICAL - 2023-04-14 22:09:13 --> Toolbar collector does not exist (Config\Views). Please check $collectors in the app/Config/Toolbar.php file.
INFO - 2023-04-14 22:09:13 --> Session: Class initialized using 'CodeIgniter\Session\Handlers\FileHandler' driver.
CRITICAL - 2023-04-14 22:09:13 --> Toolbar collector does not exist (Config\Views). Please check $collectors in the app/Config/Toolbar.php file.
CRITICAL - 2023-04-14 22:09:13 --> Toolbar collector does not exist (Config\Views). Please check $collectors in the app/Config/Toolbar.php file.
INFO - 2023-04-14 22:09:13 --> Session: Class initialized using 'CodeIgniter\Session\Handlers\FileHandler' driver.
CRITICAL - 2023-04-14 22:09:15 --> Toolbar collector does not exist (Config\Views). Please check $collectors in the app/Config/Toolbar.php file.
INFO - 2023-04-14 22:09:15 --> Session: Class initialized using 'CodeIgniter\Session\Handlers\FileHandler' driver.
CRITICAL - 2023-04-14 22:09:15 --> Toolbar collector does not exist (Config\Views). Please check $collectors in the app/Config/Toolbar.php file.
INFO - 2023-04-14 22:09:15 --> Session: Class initialized using 'CodeIgniter\Session\Handlers\FileHandler' driver.
CRITICAL - 2023-04-14 22:09:15 --> Toolbar collector does not exist (Config\Views). Please check $collectors in the app/Config/Toolbar.php file.
CRITICAL - 2023-04-14 22:09:16 --> Toolbar collector does not exist (Config\Views). Please check $collectors in the app/Config/Toolbar.php file.
INFO - 2023-04-14 22:09:16 --> Session: Class initialized using 'CodeIgniter\Session\Handlers\FileHandler' driver.
CRITICAL - 2023-04-14 22:09:17 --> Toolbar collector does not exist (Config\Views). Please check $collectors in the app/Config/Toolbar.php file.
INFO - 2023-04-14 22:09:17 --> Session: Class initialized using 'CodeIgniter\Session\Handlers\FileHandler' driver.
CRITICAL - 2023-04-14 22:09:17 --> Toolbar collector does not exist (Config\Views). Please check $collectors in the app/Config/Toolbar.php file.
INFO - 2023-04-14 22:09:17 --> Session: Class initialized using 'CodeIgniter\Session\Handlers\FileHandler' driver.
CRITICAL - 2023-04-14 22:09:17 --> Toolbar collector does not exist (Config\Views). Please check $collectors in the app/Config/Toolbar.php file.
CRITICAL - 2023-04-14 22:09:17 --> Toolbar collector does not exist (Config\Views). Please check $collectors in the app/Config/Toolbar.php file.
INFO - 2023-04-14 22:09:17 --> Session: Class initialized using 'CodeIgniter\Session\Handlers\FileHandler' driver.
CRITICAL - 2023-04-14 22:09:20 --> Toolbar collector does not exist (Config\Views). Please check $collectors in the app/Config/Toolbar.php file.
INFO - 2023-04-14 22:09:20 --> Session: Class initialized using 'CodeIgniter\Session\Handlers\FileHandler' driver.
CRITICAL - 2023-04-14 22:09:20 --> Toolbar collector does not exist (Config\Views). Please check $collectors in the app/Config/Toolbar.php file.
INFO - 2023-04-14 22:09:20 --> Session: Class initialized using 'CodeIgniter\Session\Handlers\FileHandler' driver.
CRITICAL - 2023-04-14 22:09:20 --> Toolbar collector does not exist (Config\Views). Please check $collectors in the app/Config/Toolbar.php file.
CRITICAL - 2023-04-14 22:09:20 --> Toolbar collector does not exist (Config\Views). Please check $collectors in the app/Config/Toolbar.php file.
INFO - 2023-04-14 22:09:20 --> Session: Class initialized using 'CodeIgniter\Session\Handlers\FileHandler' driver.
CRITICAL - 2023-04-14 22:09:37 --> Toolbar collector does not exist (Config\Views). Please check $collectors in the app/Config/Toolbar.php file.
INFO - 2023-04-14 22:09:37 --> Session: Class initialized using 'CodeIgniter\Session\Handlers\FileHandler' driver.
CRITICAL - 2023-04-14 22:09:37 --> Toolbar collector does not exist (Config\Views). Please check $collectors in the app/Config/Toolbar.php file.
CRITICAL - 2023-04-14 22:09:37 --> Toolbar collector does not exist (Config\Views). Please check $collectors in the app/Config/Toolbar.php file.
INFO - 2023-04-14 22:09:37 --> Session: Class initialized using 'CodeIgniter\Session\Handlers\FileHandler' driver.
CRITICAL - 2023-04-14 22:09:40 --> Toolbar collector does not exist (Config\Views). Please check $collectors in the app/Config/Toolbar.php file.
INFO - 2023-04-14 22:09:40 --> Session: Class initialized using 'CodeIgniter\Session\Handlers\FileHandler' driver.
CRITICAL - 2023-04-14 22:09:40 --> Toolbar collector does not exist (Config\Views). Please check $collectors in the app/Config/Toolbar.php file.
CRITICAL - 2023-04-14 22:09:40 --> Toolbar collector does not exist (Config\Views). Please check $collectors in the app/Config/Toolbar.php file.
INFO - 2023-04-14 22:09:40 --> Session: Class initialized using 'CodeIgniter\Session\Handlers\FileHandler' driver.
CRITICAL - 2023-04-14 22:09:57 --> Toolbar collector does not exist (Config\Views). Please check $collectors in the app/Config/Toolbar.php file.
INFO - 2023-04-14 22:09:57 --> Session: Class initialized using 'CodeIgniter\Session\Handlers\FileHandler' driver.
CRITICAL - 2023-04-14 22:09:57 --> Toolbar collector does not exist (Config\Views). Please check $collectors in the app/Config/Toolbar.php file.
INFO - 2023-04-14 22:09:57 --> Session: Class initialized using 'CodeIgniter\Session\Handlers\FileHandler' driver.
CRITICAL - 2023-04-14 22:10:04 --> Toolbar collector does not exist (Config\Views). Please check $collectors in the app/Config/Toolbar.php file.
INFO - 2023-04-14 22:10:04 --> Session: Class initialized using 'CodeIgniter\Session\Handlers\FileHandler' driver.
CRITICAL - 2023-04-14 22:10:05 --> Toolbar collector does not exist (Config\Views). Please check $collectors in the app/Config/Toolbar.php file.
INFO - 2023-04-14 22:10:05 --> Session: Class initialized using 'CodeIgniter\Session\Handlers\FileHandler' driver.
CRITICAL - 2023-04-14 22:10:14 --> Toolbar collector does not exist (Config\Views). Please check $collectors in the app/Config/Toolbar.php file.
INFO - 2023-04-14 22:10:14 --> Session: Class initialized using 'CodeIgniter\Session\Handlers\FileHandler' driver.
CRITICAL - 2023-04-14 22:10:15 --> Toolbar collector does not exist (Config\Views). Please check $collectors in the app/Config/Toolbar.php file.
INFO - 2023-04-14 22:10:15 --> Session: Class initialized using 'CodeIgniter\Session\Handlers\FileHandler' driver.
CRITICAL - 2023-04-14 22:10:17 --> Toolbar collector does not exist (Config\Views). Please check $collectors in the app/Config/Toolbar.php file.
INFO - 2023-04-14 22:10:17 --> Session: Class initialized using 'CodeIgniter\Session\Handlers\FileHandler' driver.
CRITICAL - 2023-04-14 22:10:17 --> Toolbar collector does not exist (Config\Views). Please check $collectors in the app/Config/Toolbar.php file.
INFO - 2023-04-14 22:10:17 --> Session: Class initialized using 'CodeIgniter\Session\Handlers\FileHandler' driver.
CRITICAL - 2023-04-14 22:10:51 --> Toolbar collector does not exist (Config\Views). Please check $collectors in the app/Config/Toolbar.php file.
INFO - 2023-04-14 22:10:51 --> Session: Class initialized using 'CodeIgniter\Session\Handlers\FileHandler' driver.
CRITICAL - 2023-04-14 22:10:51 --> Toolbar collector does not exist (Config\Views). Please check $collectors in the app/Config/Toolbar.php file.
CRITICAL - 2023-04-14 22:10:52 --> Toolbar collector does not exist (Config\Views). Please check $collectors in the app/Config/Toolbar.php file.
INFO - 2023-04-14 22:10:52 --> Session: Class initialized using 'CodeIgniter\Session\Handlers\FileHandler' driver.
CRITICAL - 2023-04-14 22:10:53 --> Toolbar collector does not exist (Config\Views). Please check $collectors in the app/Config/Toolbar.php file.
INFO - 2023-04-14 22:10:53 --> Session: Class initialized using 'CodeIgniter\Session\Handlers\FileHandler' driver.
CRITICAL - 2023-04-14 22:10:53 --> Toolbar collector does not exist (Config\Views). Please check $collectors in the app/Config/Toolbar.php file.
INFO - 2023-04-14 22:10:53 --> Session: Class initialized using 'CodeIgniter\Session\Handlers\FileHandler' driver.
CRITICAL - 2023-04-14 22:10:55 --> Toolbar collector does not exist (Config\Views). Please check $collectors in the app/Config/Toolbar.php file.
INFO - 2023-04-14 22:10:55 --> Session: Class initialized using 'CodeIgniter\Session\Handlers\FileHandler' driver.
CRITICAL - 2023-04-14 22:10:55 --> Toolbar collector does not exist (Config\Views). Please check $collectors in the app/Config/Toolbar.php file.
CRITICAL - 2023-04-14 22:10:55 --> Toolbar collector does not exist (Config\Views). Please check $collectors in the app/Config/Toolbar.php file.
INFO - 2023-04-14 22:10:55 --> Session: Class initialized using 'CodeIgniter\Session\Handlers\FileHandler' driver.
CRITICAL - 2023-04-14 22:11:09 --> Toolbar collector does not exist (Config\Views). Please check $collectors in the app/Config/Toolbar.php file.
INFO - 2023-04-14 22:11:09 --> Session: Class initialized using 'CodeIgniter\Session\Handlers\FileHandler' driver.
CRITICAL - 2023-04-14 22:11:09 --> Toolbar collector does not exist (Config\Views). Please check $collectors in the app/Config/Toolbar.php file.
CRITICAL - 2023-04-14 22:11:09 --> Toolbar collector does not exist (Config\Views). Please check $collectors in the app/Config/Toolbar.php file.
INFO - 2023-04-14 22:11:09 --> Session: Class initialized using 'CodeIgniter\Session\Handlers\FileHandler' driver.
CRITICAL - 2023-04-14 22:12:11 --> Toolbar collector does not exist (Config\Views). Please check $collectors in the app/Config/Toolbar.php file.
INFO - 2023-04-14 22:12:11 --> Session: Class initialized using 'CodeIgniter\Session\Handlers\FileHandler' driver.
CRITICAL - 2023-04-14 22:12:12 --> Toolbar collector does not exist (Config\Views). Please check $collectors in the app/Config/Toolbar.php file.
CRITICAL - 2023-04-14 22:12:12 --> Toolbar collector does not exist (Config\Views). Please check $collectors in the app/Config/Toolbar.php file.
INFO - 2023-04-14 22:12:12 --> Session: Class initialized using 'CodeIgniter\Session\Handlers\FileHandler' driver.
CRITICAL - 2023-04-14 22:14:32 --> Toolbar collector does not exist (Config\Views). Please check $collectors in the app/Config/Toolbar.php file.
INFO - 2023-04-14 22:14:32 --> Session: Class initialized using 'CodeIgniter\Session\Handlers\FileHandler' driver.
CRITICAL - 2023-04-14 22:14:32 --> Toolbar collector does not exist (Config\Views). Please check $collectors in the app/Config/Toolbar.php file.
CRITICAL - 2023-04-14 22:14:32 --> Toolbar collector does not exist (Config\Views). Please check $collectors in the app/Config/Toolbar.php file.
INFO - 2023-04-14 22:14:32 --> Session: Class initialized using 'CodeIgniter\Session\Handlers\FileHandler' driver.
CRITICAL - 2023-04-14 22:15:09 --> Toolbar collector does not exist (Config\Views). Please check $collectors in the app/Config/Toolbar.php file.
INFO - 2023-04-14 22:15:09 --> Session: Class initialized using 'CodeIgniter\Session\Handlers\FileHandler' driver.
CRITICAL - 2023-04-14 22:15:09 --> Toolbar collector does not exist (Config\Views). Please check $collectors in the app/Config/Toolbar.php file.
INFO - 2023-04-14 22:15:09 --> Session: Class initialized using 'CodeIgniter\Session\Handlers\FileHandler' driver.
CRITICAL - 2023-04-14 22:16:16 --> Toolbar collector does not exist (Config\Views). Please check $collectors in the app/Config/Toolbar.php file.
INFO - 2023-04-14 22:16:16 --> Session: Class initialized using 'CodeIgniter\Session\Handlers\FileHandler' driver.
CRITICAL - 2023-04-14 22:16:17 --> Toolbar collector does not exist (Config\Views). Please check $collectors in the app/Config/Toolbar.php file.
INFO - 2023-04-14 22:16:17 --> Session: Class initialized using 'CodeIgniter\Session\Handlers\FileHandler' driver.
CRITICAL - 2023-04-14 22:17:33 --> Toolbar collector does not exist (Config\Views). Please check $collectors in the app/Config/Toolbar.php file.
INFO - 2023-04-14 22:17:33 --> Session: Class initialized using 'CodeIgniter\Session\Handlers\FileHandler' driver.
CRITICAL - 2023-04-14 22:17:33 --> Toolbar collector does not exist (Config\Views). Please check $collectors in the app/Config/Toolbar.php file.
INFO - 2023-04-14 22:17:33 --> Session: Class initialized using 'CodeIgniter\Session\Handlers\FileHandler' driver.
CRITICAL - 2023-04-14 22:17:40 --> Toolbar collector does not exist (Config\Views). Please check $collectors in the app/Config/Toolbar.php file.
INFO - 2023-04-14 22:17:40 --> Session: Class initialized using 'CodeIgniter\Session\Handlers\FileHandler' driver.
CRITICAL - 2023-04-14 22:17:40 --> Toolbar collector does not exist (Config\Views). Please check $collectors in the app/Config/Toolbar.php file.
CRITICAL - 2023-04-14 22:17:40 --> Toolbar collector does not exist (Config\Views). Please check $collectors in the app/Config/Toolbar.php file.
CRITICAL - 2023-04-14 22:17:41 --> Toolbar collector does not exist (Config\Views). Please check $collectors in the app/Config/Toolbar.php file.
INFO - 2023-04-14 22:17:41 --> Session: Class initialized using 'CodeIgniter\Session\Handlers\FileHandler' driver.
CRITICAL - 2023-04-14 22:20:21 --> Toolbar collector does not exist (Config\Views). Please check $collectors in the app/Config/Toolbar.php file.
INFO - 2023-04-14 22:20:21 --> Session: Class initialized using 'CodeIgniter\Session\Handlers\FileHandler' driver.
CRITICAL - 2023-04-14 22:20:21 --> Toolbar collector does not exist (Config\Views). Please check $collectors in the app/Config/Toolbar.php file.
CRITICAL - 2023-04-14 22:20:21 --> Toolbar collector does not exist (Config\Views). Please check $collectors in the app/Config/Toolbar.php file.
INFO - 2023-04-14 22:20:21 --> Session: Class initialized using 'CodeIgniter\Session\Handlers\FileHandler' driver.
CRITICAL - 2023-04-14 22:20:51 --> Toolbar collector does not exist (Config\Views). Please check $collectors in the app/Config/Toolbar.php file.
INFO - 2023-04-14 22:20:51 --> Session: Class initialized using 'CodeIgniter\Session\Handlers\FileHandler' driver.
CRITICAL - 2023-04-14 22:20:51 --> Toolbar collector does not exist (Config\Views). Please check $collectors in the app/Config/Toolbar.php file.
CRITICAL - 2023-04-14 22:20:51 --> Toolbar collector does not exist (Config\Views). Please check $collectors in the app/Config/Toolbar.php file.
INFO - 2023-04-14 22:20:51 --> Session: Class initialized using 'CodeIgniter\Session\Handlers\FileHandler' driver.
CRITICAL - 2023-04-14 22:29:37 --> Toolbar collector does not exist (Config\Views). Please check $collectors in the app/Config/Toolbar.php file.
INFO - 2023-04-14 22:29:37 --> Session: Class initialized using 'CodeIgniter\Session\Handlers\FileHandler' driver.
CRITICAL - 2023-04-14 22:29:38 --> Toolbar collector does not exist (Config\Views). Please check $collectors in the app/Config/Toolbar.php file.
CRITICAL - 2023-04-14 22:29:38 --> Toolbar collector does not exist (Config\Views). Please check $collectors in the app/Config/Toolbar.php file.
INFO - 2023-04-14 22:29:38 --> Session: Class initialized using 'CodeIgniter\Session\Handlers\FileHandler' driver.
CRITICAL - 2023-04-14 22:30:08 --> Toolbar collector does not exist (Config\Views). Please check $collectors in the app/Config/Toolbar.php file.
CRITICAL - 2023-04-14 22:30:17 --> Toolbar collector does not exist (Config\Views). Please check $collectors in the app/Config/Toolbar.php file.
INFO - 2023-04-14 22:30:18 --> Session: Class initialized using 'CodeIgniter\Session\Handlers\FileHandler' driver.
CRITICAL - 2023-04-14 22:31:18 --> Toolbar collector does not exist (Config\Views). Please check $collectors in the app/Config/Toolbar.php file.
INFO - 2023-04-14 22:31:18 --> Session: Class initialized using 'CodeIgniter\Session\Handlers\FileHandler' driver.
CRITICAL - 2023-04-14 22:31:19 --> Toolbar collector does not exist (Config\Views). Please check $collectors in the app/Config/Toolbar.php file.
CRITICAL - 2023-04-14 22:31:19 --> Toolbar collector does not exist (Config\Views). Please check $collectors in the app/Config/Toolbar.php file.
CRITICAL - 2023-04-14 22:31:19 --> Toolbar collector does not exist (Config\Views). Please check $collectors in the app/Config/Toolbar.php file.
INFO - 2023-04-14 22:31:19 --> Session: Class initialized using 'CodeIgniter\Session\Handlers\FileHandler' driver.
CRITICAL - 2023-04-14 22:31:29 --> Toolbar collector does not exist (Config\Views). Please check $collectors in the app/Config/Toolbar.php file.
INFO - 2023-04-14 22:31:29 --> Session: Class initialized using 'CodeIgniter\Session\Handlers\FileHandler' driver.
CRITICAL - 2023-04-14 22:31:29 --> Toolbar collector does not exist (Config\Views). Please check $collectors in the app/Config/Toolbar.php file.
CRITICAL - 2023-04-14 22:31:30 --> Toolbar collector does not exist (Config\Views). Please check $collectors in the app/Config/Toolbar.php file.
CRITICAL - 2023-04-14 22:31:30 --> Toolbar collector does not exist (Config\Views). Please check $collectors in the app/Config/Toolbar.php file.
INFO - 2023-04-14 22:31:30 --> Session: Class initialized using 'CodeIgniter\Session\Handlers\FileHandler' driver.
CRITICAL - 2023-04-14 22:36:06 --> Toolbar collector does not exist (Config\Views). Please check $collectors in the app/Config/Toolbar.php file.
INFO - 2023-04-14 22:36:06 --> Session: Class initialized using 'CodeIgniter\Session\Handlers\FileHandler' driver.
CRITICAL - 2023-04-14 22:36:06 --> Toolbar collector does not exist (Config\Views). Please check $collectors in the app/Config/Toolbar.php file.
CRITICAL - 2023-04-14 22:36:06 --> Toolbar collector does not exist (Config\Views). Please check $collectors in the app/Config/Toolbar.php file.
CRITICAL - 2023-04-14 22:36:07 --> Toolbar collector does not exist (Config\Views). Please check $collectors in the app/Config/Toolbar.php file.
INFO - 2023-04-14 22:36:07 --> Session: Class initialized using 'CodeIgniter\Session\Handlers\FileHandler' driver.
CRITICAL - 2023-04-14 22:37:12 --> Toolbar collector does not exist (Config\Views). Please check $collectors in the app/Config/Toolbar.php file.
INFO - 2023-04-14 22:37:12 --> Session: Class initialized using 'CodeIgniter\Session\Handlers\FileHandler' driver.
CRITICAL - 2023-04-14 22:37:12 --> Toolbar collector does not exist (Config\Views). Please check $collectors in the app/Config/Toolbar.php file.
CRITICAL - 2023-04-14 22:37:12 --> Toolbar collector does not exist (Config\Views). Please check $collectors in the app/Config/Toolbar.php file.
CRITICAL - 2023-04-14 22:37:12 --> Toolbar collector does not exist (Config\Views). Please check $collectors in the app/Config/Toolbar.php file.
CRITICAL - 2023-04-14 22:37:13 --> Toolbar collector does not exist (Config\Views). Please check $collectors in the app/Config/Toolbar.php file.
INFO - 2023-04-14 22:37:13 --> Session: Class initialized using 'CodeIgniter\Session\Handlers\FileHandler' driver.
CRITICAL - 2023-04-14 22:37:17 --> Toolbar collector does not exist (Config\Views). Please check $collectors in the app/Config/Toolbar.php file.
INFO - 2023-04-14 22:37:17 --> Session: Class initialized using 'CodeIgniter\Session\Handlers\FileHandler' driver.
CRITICAL - 2023-04-14 22:37:17 --> Toolbar collector does not exist (Config\Views). Please check $collectors in the app/Config/Toolbar.php file.
CRITICAL - 2023-04-14 22:37:18 --> Toolbar collector does not exist (Config\Views). Please check $collectors in the app/Config/Toolbar.php file.
CRITICAL - 2023-04-14 22:37:18 --> Toolbar collector does not exist (Config\Views). Please check $collectors in the app/Config/Toolbar.php file.
CRITICAL - 2023-04-14 22:37:18 --> Toolbar collector does not exist (Config\Views). Please check $collectors in the app/Config/Toolbar.php file.
INFO - 2023-04-14 22:37:18 --> Session: Class initialized using 'CodeIgniter\Session\Handlers\FileHandler' driver.
CRITICAL - 2023-04-14 22:39:18 --> Toolbar collector does not exist (Config\Views). Please check $collectors in the app/Config/Toolbar.php file.
INFO - 2023-04-14 22:39:18 --> Session: Class initialized using 'CodeIgniter\Session\Handlers\FileHandler' driver.
CRITICAL - 2023-04-14 22:39:18 --> Toolbar collector does not exist (Config\Views). Please check $collectors in the app/Config/Toolbar.php file.
CRITICAL - 2023-04-14 22:39:19 --> Toolbar collector does not exist (Config\Views). Please check $collectors in the app/Config/Toolbar.php file.
CRITICAL - 2023-04-14 22:39:19 --> Toolbar collector does not exist (Config\Views). Please check $collectors in the app/Config/Toolbar.php file.
CRITICAL - 2023-04-14 22:39:19 --> Toolbar collector does not exist (Config\Views). Please check $collectors in the app/Config/Toolbar.php file.
INFO - 2023-04-14 22:39:19 --> Session: Class initialized using 'CodeIgniter\Session\Handlers\FileHandler' driver.
CRITICAL - 2023-04-14 22:47:36 --> Toolbar collector does not exist (Config\Views). Please check $collectors in the app/Config/Toolbar.php file.
INFO - 2023-04-14 22:47:36 --> Session: Class initialized using 'CodeIgniter\Session\Handlers\FileHandler' driver.
CRITICAL - 2023-04-14 22:47:40 --> Toolbar collector does not exist (Config\Views). Please check $collectors in the app/Config/Toolbar.php file.
CRITICAL - 2023-04-14 22:47:41 --> Toolbar collector does not exist (Config\Views). Please check $collectors in the app/Config/Toolbar.php file.
INFO - 2023-04-14 22:47:41 --> Session: Class initialized using 'CodeIgniter\Session\Handlers\FileHandler' driver.
CRITICAL - 2023-04-14 22:47:42 --> Toolbar collector does not exist (Config\Views). Please check $collectors in the app/Config/Toolbar.php file.
CRITICAL - 2023-04-14 22:47:42 --> Toolbar collector does not exist (Config\Views). Please check $collectors in the app/Config/Toolbar.php file.
CRITICAL - 2023-04-14 22:47:42 --> Toolbar collector does not exist (Config\Views). Please check $collectors in the app/Config/Toolbar.php file.
CRITICAL - 2023-04-14 22:47:42 --> Toolbar collector does not exist (Config\Views). Please check $collectors in the app/Config/Toolbar.php file.
INFO - 2023-04-14 22:47:42 --> Session: Class initialized using 'CodeIgniter\Session\Handlers\FileHandler' driver.
CRITICAL - 2023-04-14 22:49:06 --> Toolbar collector does not exist (Config\Views). Please check $collectors in the app/Config/Toolbar.php file.
INFO - 2023-04-14 22:49:06 --> Session: Class initialized using 'CodeIgniter\Session\Handlers\FileHandler' driver.
CRITICAL - 2023-04-14 22:49:06 --> Toolbar collector does not exist (Config\Views). Please check $collectors in the app/Config/Toolbar.php file.
CRITICAL - 2023-04-14 22:49:06 --> Toolbar collector does not exist (Config\Views). Please check $collectors in the app/Config/Toolbar.php file.
CRITICAL - 2023-04-14 22:49:07 --> Toolbar collector does not exist (Config\Views). Please check $collectors in the app/Config/Toolbar.php file.
CRITICAL - 2023-04-14 22:49:07 --> Toolbar collector does not exist (Config\Views). Please check $collectors in the app/Config/Toolbar.php file.
INFO - 2023-04-14 22:49:07 --> Session: Class initialized using 'CodeIgniter\Session\Handlers\FileHandler' driver.
CRITICAL - 2023-04-14 22:51:18 --> Toolbar collector does not exist (Config\Views). Please check $collectors in the app/Config/Toolbar.php file.
INFO - 2023-04-14 22:51:18 --> Session: Class initialized using 'CodeIgniter\Session\Handlers\FileHandler' driver.
CRITICAL - 2023-04-14 22:51:18 --> Toolbar collector does not exist (Config\Views). Please check $collectors in the app/Config/Toolbar.php file.
CRITICAL - 2023-04-14 22:51:19 --> Toolbar collector does not exist (Config\Views). Please check $collectors in the app/Config/Toolbar.php file.
CRITICAL - 2023-04-14 22:51:19 --> Toolbar collector does not exist (Config\Views). Please check $collectors in the app/Config/Toolbar.php file.
CRITICAL - 2023-04-14 22:51:19 --> Toolbar collector does not exist (Config\Views). Please check $collectors in the app/Config/Toolbar.php file.
INFO - 2023-04-14 22:51:19 --> Session: Class initialized using 'CodeIgniter\Session\Handlers\FileHandler' driver.
CRITICAL - 2023-04-14 22:51:32 --> Toolbar collector does not exist (Config\Views). Please check $collectors in the app/Config/Toolbar.php file.
INFO - 2023-04-14 22:51:32 --> Session: Class initialized using 'CodeIgniter\Session\Handlers\FileHandler' driver.
CRITICAL - 2023-04-14 22:51:32 --> Toolbar collector does not exist (Config\Views). Please check $collectors in the app/Config/Toolbar.php file.
CRITICAL - 2023-04-14 22:51:33 --> Toolbar collector does not exist (Config\Views). Please check $collectors in the app/Config/Toolbar.php file.
CRITICAL - 2023-04-14 22:51:33 --> Toolbar collector does not exist (Config\Views). Please check $collectors in the app/Config/Toolbar.php file.
CRITICAL - 2023-04-14 22:51:33 --> Toolbar collector does not exist (Config\Views). Please check $collectors in the app/Config/Toolbar.php file.
INFO - 2023-04-14 22:51:33 --> Session: Class initialized using 'CodeIgniter\Session\Handlers\FileHandler' driver.
CRITICAL - 2023-04-14 22:53:28 --> Toolbar collector does not exist (Config\Views). Please check $collectors in the app/Config/Toolbar.php file.
INFO - 2023-04-14 22:53:28 --> Session: Class initialized using 'CodeIgniter\Session\Handlers\FileHandler' driver.
CRITICAL - 2023-04-14 22:53:29 --> Toolbar collector does not exist (Config\Views). Please check $collectors in the app/Config/Toolbar.php file.
CRITICAL - 2023-04-14 22:53:29 --> Toolbar collector does not exist (Config\Views). Please check $collectors in the app/Config/Toolbar.php file.
CRITICAL - 2023-04-14 22:53:29 --> Toolbar collector does not exist (Config\Views). Please check $collectors in the app/Config/Toolbar.php file.
CRITICAL - 2023-04-14 22:53:29 --> Toolbar collector does not exist (Config\Views). Please check $collectors in the app/Config/Toolbar.php file.
INFO - 2023-04-14 22:53:29 --> Session: Class initialized using 'CodeIgniter\Session\Handlers\FileHandler' driver.
CRITICAL - 2023-04-14 22:55:12 --> Toolbar collector does not exist (Config\Views). Please check $collectors in the app/Config/Toolbar.php file.
INFO - 2023-04-14 22:55:12 --> Session: Class initialized using 'CodeIgniter\Session\Handlers\FileHandler' driver.
CRITICAL - 2023-04-14 22:55:13 --> Toolbar collector does not exist (Config\Views). Please check $collectors in the app/Config/Toolbar.php file.
CRITICAL - 2023-04-14 22:55:13 --> Toolbar collector does not exist (Config\Views). Please check $collectors in the app/Config/Toolbar.php file.
CRITICAL - 2023-04-14 22:55:13 --> Toolbar collector does not exist (Config\Views). Please check $collectors in the app/Config/Toolbar.php file.
CRITICAL - 2023-04-14 22:55:13 --> Toolbar collector does not exist (Config\Views). Please check $collectors in the app/Config/Toolbar.php file.
INFO - 2023-04-14 22:55:13 --> Session: Class initialized using 'CodeIgniter\Session\Handlers\FileHandler' driver.
CRITICAL - 2023-04-14 22:56:35 --> Toolbar collector does not exist (Config\Views). Please check $collectors in the app/Config/Toolbar.php file.
INFO - 2023-04-14 22:56:35 --> Session: Class initialized using 'CodeIgniter\Session\Handlers\FileHandler' driver.
CRITICAL - 2023-04-14 22:56:35 --> Toolbar collector does not exist (Config\Views). Please check $collectors in the app/Config/Toolbar.php file.
CRITICAL - 2023-04-14 22:56:36 --> Toolbar collector does not exist (Config\Views). Please check $collectors in the app/Config/Toolbar.php file.
CRITICAL - 2023-04-14 22:56:36 --> Toolbar collector does not exist (Config\Views). Please check $collectors in the app/Config/Toolbar.php file.
CRITICAL - 2023-04-14 22:56:36 --> Toolbar collector does not exist (Config\Views). Please check $collectors in the app/Config/Toolbar.php file.
INFO - 2023-04-14 22:56:36 --> Session: Class initialized using 'CodeIgniter\Session\Handlers\FileHandler' driver.
CRITICAL - 2023-04-14 22:58:24 --> Toolbar collector does not exist (Config\Views). Please check $collectors in the app/Config/Toolbar.php file.
INFO - 2023-04-14 22:58:24 --> Session: Class initialized using 'CodeIgniter\Session\Handlers\FileHandler' driver.
CRITICAL - 2023-04-14 22:58:24 --> Toolbar collector does not exist (Config\Views). Please check $collectors in the app/Config/Toolbar.php file.
CRITICAL - 2023-04-14 22:58:25 --> Toolbar collector does not exist (Config\Views). Please check $collectors in the app/Config/Toolbar.php file.
CRITICAL - 2023-04-14 22:58:25 --> Toolbar collector does not exist (Config\Views). Please check $collectors in the app/Config/Toolbar.php file.
CRITICAL - 2023-04-14 22:58:25 --> Toolbar collector does not exist (Config\Views). Please check $collectors in the app/Config/Toolbar.php file.
INFO - 2023-04-14 22:58:25 --> Session: Class initialized using 'CodeIgniter\Session\Handlers\FileHandler' driver.
CRITICAL - 2023-04-14 22:59:00 --> Toolbar collector does not exist (Config\Views). Please check $collectors in the app/Config/Toolbar.php file.
INFO - 2023-04-14 22:59:00 --> Session: Class initialized using 'CodeIgniter\Session\Handlers\FileHandler' driver.
CRITICAL - 2023-04-14 22:59:00 --> Toolbar collector does not exist (Config\Views). Please check $collectors in the app/Config/Toolbar.php file.
CRITICAL - 2023-04-14 22:59:01 --> Toolbar collector does not exist (Config\Views). Please check $collectors in the app/Config/Toolbar.php file.
CRITICAL - 2023-04-14 22:59:01 --> Toolbar collector does not exist (Config\Views). Please check $collectors in the app/Config/Toolbar.php file.
CRITICAL - 2023-04-14 22:59:01 --> Toolbar collector does not exist (Config\Views). Please check $collectors in the app/Config/Toolbar.php file.
INFO - 2023-04-14 22:59:01 --> Session: Class initialized using 'CodeIgniter\Session\Handlers\FileHandler' driver.
CRITICAL - 2023-04-14 23:00:17 --> Toolbar collector does not exist (Config\Views). Please check $collectors in the app/Config/Toolbar.php file.
INFO - 2023-04-14 23:00:17 --> Session: Class initialized using 'CodeIgniter\Session\Handlers\FileHandler' driver.
CRITICAL - 2023-04-14 23:00:18 --> Toolbar collector does not exist (Config\Views). Please check $collectors in the app/Config/Toolbar.php file.
CRITICAL - 2023-04-14 23:00:18 --> Toolbar collector does not exist (Config\Views). Please check $collectors in the app/Config/Toolbar.php file.
CRITICAL - 2023-04-14 23:00:18 --> Toolbar collector does not exist (Config\Views). Please check $collectors in the app/Config/Toolbar.php file.
CRITICAL - 2023-04-14 23:00:19 --> Toolbar collector does not exist (Config\Views). Please check $collectors in the app/Config/Toolbar.php file.
INFO - 2023-04-14 23:00:19 --> Session: Class initialized using 'CodeIgniter\Session\Handlers\FileHandler' driver.
CRITICAL - 2023-04-14 23:00:35 --> Toolbar collector does not exist (Config\Views). Please check $collectors in the app/Config/Toolbar.php file.
INFO - 2023-04-14 23:00:35 --> Session: Class initialized using 'CodeIgniter\Session\Handlers\FileHandler' driver.
CRITICAL - 2023-04-14 23:00:36 --> Toolbar collector does not exist (Config\Views). Please check $collectors in the app/Config/Toolbar.php file.
CRITICAL - 2023-04-14 23:00:36 --> Toolbar collector does not exist (Config\Views). Please check $collectors in the app/Config/Toolbar.php file.
CRITICAL - 2023-04-14 23:00:36 --> Toolbar collector does not exist (Config\Views). Please check $collectors in the app/Config/Toolbar.php file.
CRITICAL - 2023-04-14 23:00:37 --> Toolbar collector does not exist (Config\Views). Please check $collectors in the app/Config/Toolbar.php file.
INFO - 2023-04-14 23:00:37 --> Session: Class initialized using 'CodeIgniter\Session\Handlers\FileHandler' driver.
CRITICAL - 2023-04-14 23:00:48 --> Toolbar collector does not exist (Config\Views). Please check $collectors in the app/Config/Toolbar.php file.
INFO - 2023-04-14 23:00:48 --> Session: Class initialized using 'CodeIgniter\Session\Handlers\FileHandler' driver.
CRITICAL - 2023-04-14 23:00:48 --> Toolbar collector does not exist (Config\Views). Please check $collectors in the app/Config/Toolbar.php file.
CRITICAL - 2023-04-14 23:00:49 --> Toolbar collector does not exist (Config\Views). Please check $collectors in the app/Config/Toolbar.php file.
CRITICAL - 2023-04-14 23:00:49 --> Toolbar collector does not exist (Config\Views). Please check $collectors in the app/Config/Toolbar.php file.
CRITICAL - 2023-04-14 23:00:49 --> Toolbar collector does not exist (Config\Views). Please check $collectors in the app/Config/Toolbar.php file.
INFO - 2023-04-14 23:00:49 --> Session: Class initialized using 'CodeIgniter\Session\Handlers\FileHandler' driver.
CRITICAL - 2023-04-14 23:01:30 --> Toolbar collector does not exist (Config\Views). Please check $collectors in the app/Config/Toolbar.php file.
INFO - 2023-04-14 23:01:30 --> Session: Class initialized using 'CodeIgniter\Session\Handlers\FileHandler' driver.
CRITICAL - 2023-04-14 23:01:30 --> Toolbar collector does not exist (Config\Views). Please check $collectors in the app/Config/Toolbar.php file.
CRITICAL - 2023-04-14 23:01:31 --> Toolbar collector does not exist (Config\Views). Please check $collectors in the app/Config/Toolbar.php file.
CRITICAL - 2023-04-14 23:01:31 --> Toolbar collector does not exist (Config\Views). Please check $collectors in the app/Config/Toolbar.php file.
CRITICAL - 2023-04-14 23:01:31 --> Toolbar collector does not exist (Config\Views). Please check $collectors in the app/Config/Toolbar.php file.
INFO - 2023-04-14 23:01:31 --> Session: Class initialized using 'CodeIgniter\Session\Handlers\FileHandler' driver.
CRITICAL - 2023-04-14 23:01:41 --> Toolbar collector does not exist (Config\Views). Please check $collectors in the app/Config/Toolbar.php file.
INFO - 2023-04-14 23:01:41 --> Session: Class initialized using 'CodeIgniter\Session\Handlers\FileHandler' driver.
CRITICAL - 2023-04-14 23:01:41 --> Toolbar collector does not exist (Config\Views). Please check $collectors in the app/Config/Toolbar.php file.
CRITICAL - 2023-04-14 23:01:41 --> Toolbar collector does not exist (Config\Views). Please check $collectors in the app/Config/Toolbar.php file.
CRITICAL - 2023-04-14 23:01:42 --> Toolbar collector does not exist (Config\Views). Please check $collectors in the app/Config/Toolbar.php file.
CRITICAL - 2023-04-14 23:01:42 --> Toolbar collector does not exist (Config\Views). Please check $collectors in the app/Config/Toolbar.php file.
INFO - 2023-04-14 23:01:42 --> Session: Class initialized using 'CodeIgniter\Session\Handlers\FileHandler' driver.
CRITICAL - 2023-04-14 23:02:50 --> Toolbar collector does not exist (Config\Views). Please check $collectors in the app/Config/Toolbar.php file.
INFO - 2023-04-14 23:02:50 --> Session: Class initialized using 'CodeIgniter\Session\Handlers\FileHandler' driver.
CRITICAL - 2023-04-14 23:02:50 --> Toolbar collector does not exist (Config\Views). Please check $collectors in the app/Config/Toolbar.php file.
CRITICAL - 2023-04-14 23:02:51 --> Toolbar collector does not exist (Config\Views). Please check $collectors in the app/Config/Toolbar.php file.
CRITICAL - 2023-04-14 23:02:51 --> Toolbar collector does not exist (Config\Views). Please check $collectors in the app/Config/Toolbar.php file.
CRITICAL - 2023-04-14 23:02:52 --> Toolbar collector does not exist (Config\Views). Please check $collectors in the app/Config/Toolbar.php file.
INFO - 2023-04-14 23:02:52 --> Session: Class initialized using 'CodeIgniter\Session\Handlers\FileHandler' driver.
CRITICAL - 2023-04-14 23:02:59 --> Toolbar collector does not exist (Config\Views). Please check $collectors in the app/Config/Toolbar.php file.
CRITICAL - 2023-04-14 23:04:09 --> Toolbar collector does not exist (Config\Views). Please check $collectors in the app/Config/Toolbar.php file.
INFO - 2023-04-14 23:04:09 --> Session: Class initialized using 'CodeIgniter\Session\Handlers\FileHandler' driver.
CRITICAL - 2023-04-14 23:04:09 --> Toolbar collector does not exist (Config\Views). Please check $collectors in the app/Config/Toolbar.php file.
CRITICAL - 2023-04-14 23:04:09 --> Toolbar collector does not exist (Config\Views). Please check $collectors in the app/Config/Toolbar.php file.
CRITICAL - 2023-04-14 23:04:10 --> Toolbar collector does not exist (Config\Views). Please check $collectors in the app/Config/Toolbar.php file.
CRITICAL - 2023-04-14 23:04:10 --> Toolbar collector does not exist (Config\Views). Please check $collectors in the app/Config/Toolbar.php file.
INFO - 2023-04-14 23:04:10 --> Session: Class initialized using 'CodeIgniter\Session\Handlers\FileHandler' driver.
CRITICAL - 2023-04-14 23:04:33 --> Toolbar collector does not exist (Config\Views). Please check $collectors in the app/Config/Toolbar.php file.
INFO - 2023-04-14 23:04:33 --> Session: Class initialized using 'CodeIgniter\Session\Handlers\FileHandler' driver.
CRITICAL - 2023-04-14 23:04:34 --> Toolbar collector does not exist (Config\Views). Please check $collectors in the app/Config/Toolbar.php file.
CRITICAL - 2023-04-14 23:04:34 --> Toolbar collector does not exist (Config\Views). Please check $collectors in the app/Config/Toolbar.php file.
CRITICAL - 2023-04-14 23:04:34 --> Toolbar collector does not exist (Config\Views). Please check $collectors in the app/Config/Toolbar.php file.
INFO - 2023-04-14 23:04:34 --> Session: Class initialized using 'CodeIgniter\Session\Handlers\FileHandler' driver.
CRITICAL - 2023-04-14 23:06:07 --> Toolbar collector does not exist (Config\Views). Please check $collectors in the app/Config/Toolbar.php file.
INFO - 2023-04-14 23:06:07 --> Session: Class initialized using 'CodeIgniter\Session\Handlers\FileHandler' driver.
CRITICAL - 2023-04-14 23:06:07 --> Toolbar collector does not exist (Config\Views). Please check $collectors in the app/Config/Toolbar.php file.
CRITICAL - 2023-04-14 23:06:08 --> Toolbar collector does not exist (Config\Views). Please check $collectors in the app/Config/Toolbar.php file.
CRITICAL - 2023-04-14 23:06:08 --> Toolbar collector does not exist (Config\Views). Please check $collectors in the app/Config/Toolbar.php file.
INFO - 2023-04-14 23:06:08 --> Session: Class initialized using 'CodeIgniter\Session\Handlers\FileHandler' driver.
CRITICAL - 2023-04-14 23:06:12 --> Toolbar collector does not exist (Config\Views). Please check $collectors in the app/Config/Toolbar.php file.
CRITICAL - 2023-04-14 23:06:31 --> Toolbar collector does not exist (Config\Views). Please check $collectors in the app/Config/Toolbar.php file.
INFO - 2023-04-14 23:06:31 --> Session: Class initialized using 'CodeIgniter\Session\Handlers\FileHandler' driver.
CRITICAL - 2023-04-14 23:06:31 --> Toolbar collector does not exist (Config\Views). Please check $collectors in the app/Config/Toolbar.php file.
CRITICAL - 2023-04-14 23:06:32 --> Toolbar collector does not exist (Config\Views). Please check $collectors in the app/Config/Toolbar.php file.
CRITICAL - 2023-04-14 23:06:32 --> Toolbar collector does not exist (Config\Views). Please check $collectors in the app/Config/Toolbar.php file.
CRITICAL - 2023-04-14 23:06:32 --> Toolbar collector does not exist (Config\Views). Please check $collectors in the app/Config/Toolbar.php file.
INFO - 2023-04-14 23:06:33 --> Session: Class initialized using 'CodeIgniter\Session\Handlers\FileHandler' driver.
CRITICAL - 2023-04-14 23:06:49 --> Toolbar collector does not exist (Config\Views). Please check $collectors in the app/Config/Toolbar.php file.
INFO - 2023-04-14 23:06:50 --> Session: Class initialized using 'CodeIgniter\Session\Handlers\FileHandler' driver.
CRITICAL - 2023-04-14 23:06:50 --> Toolbar collector does not exist (Config\Views). Please check $collectors in the app/Config/Toolbar.php file.
CRITICAL - 2023-04-14 23:06:50 --> Toolbar collector does not exist (Config\Views). Please check $collectors in the app/Config/Toolbar.php file.
CRITICAL - 2023-04-14 23:06:51 --> Toolbar collector does not exist (Config\Views). Please check $collectors in the app/Config/Toolbar.php file.
CRITICAL - 2023-04-14 23:06:51 --> Toolbar collector does not exist (Config\Views). Please check $collectors in the app/Config/Toolbar.php file.
INFO - 2023-04-14 23:06:51 --> Session: Class initialized using 'CodeIgniter\Session\Handlers\FileHandler' driver.
CRITICAL - 2023-04-14 23:07:07 --> Toolbar collector does not exist (Config\Views). Please check $collectors in the app/Config/Toolbar.php file.
INFO - 2023-04-14 23:07:07 --> Session: Class initialized using 'CodeIgniter\Session\Handlers\FileHandler' driver.
CRITICAL - 2023-04-14 23:07:07 --> Toolbar collector does not exist (Config\Views). Please check $collectors in the app/Config/Toolbar.php file.
CRITICAL - 2023-04-14 23:07:07 --> Toolbar collector does not exist (Config\Views). Please check $collectors in the app/Config/Toolbar.php file.
CRITICAL - 2023-04-14 23:07:07 --> Toolbar collector does not exist (Config\Views). Please check $collectors in the app/Config/Toolbar.php file.
INFO - 2023-04-14 23:07:07 --> Session: Class initialized using 'CodeIgniter\Session\Handlers\FileHandler' driver.
CRITICAL - 2023-04-14 23:07:16 --> Toolbar collector does not exist (Config\Views). Please check $collectors in the app/Config/Toolbar.php file.
INFO - 2023-04-14 23:07:16 --> Session: Class initialized using 'CodeIgniter\Session\Handlers\FileHandler' driver.
CRITICAL - 2023-04-14 23:07:16 --> Toolbar collector does not exist (Config\Views). Please check $collectors in the app/Config/Toolbar.php file.
CRITICAL - 2023-04-14 23:07:16 --> Toolbar collector does not exist (Config\Views). Please check $collectors in the app/Config/Toolbar.php file.
CRITICAL - 2023-04-14 23:07:16 --> Toolbar collector does not exist (Config\Views). Please check $collectors in the app/Config/Toolbar.php file.
INFO - 2023-04-14 23:07:16 --> Session: Class initialized using 'CodeIgniter\Session\Handlers\FileHandler' driver.
CRITICAL - 2023-04-14 23:07:23 --> Toolbar collector does not exist (Config\Views). Please check $collectors in the app/Config/Toolbar.php file.
INFO - 2023-04-14 23:07:23 --> Session: Class initialized using 'CodeIgniter\Session\Handlers\FileHandler' driver.
CRITICAL - 2023-04-14 23:07:23 --> Toolbar collector does not exist (Config\Views). Please check $collectors in the app/Config/Toolbar.php file.
CRITICAL - 2023-04-14 23:07:23 --> Toolbar collector does not exist (Config\Views). Please check $collectors in the app/Config/Toolbar.php file.
CRITICAL - 2023-04-14 23:07:23 --> Toolbar collector does not exist (Config\Views). Please check $collectors in the app/Config/Toolbar.php file.
INFO - 2023-04-14 23:07:23 --> Session: Class initialized using 'CodeIgniter\Session\Handlers\FileHandler' driver.
CRITICAL - 2023-04-14 23:07:53 --> Toolbar collector does not exist (Config\Views). Please check $collectors in the app/Config/Toolbar.php file.
INFO - 2023-04-14 23:07:53 --> Session: Class initialized using 'CodeIgniter\Session\Handlers\FileHandler' driver.
CRITICAL - 2023-04-14 23:07:53 --> Toolbar collector does not exist (Config\Views). Please check $collectors in the app/Config/Toolbar.php file.
CRITICAL - 2023-04-14 23:07:54 --> Toolbar collector does not exist (Config\Views). Please check $collectors in the app/Config/Toolbar.php file.
CRITICAL - 2023-04-14 23:07:54 --> Toolbar collector does not exist (Config\Views). Please check $collectors in the app/Config/Toolbar.php file.
INFO - 2023-04-14 23:07:54 --> Session: Class initialized using 'CodeIgniter\Session\Handlers\FileHandler' driver.
CRITICAL - 2023-04-14 23:08:08 --> Toolbar collector does not exist (Config\Views). Please check $collectors in the app/Config/Toolbar.php file.
INFO - 2023-04-14 23:08:08 --> Session: Class initialized using 'CodeIgniter\Session\Handlers\FileHandler' driver.
CRITICAL - 2023-04-14 23:08:09 --> Toolbar collector does not exist (Config\Views). Please check $collectors in the app/Config/Toolbar.php file.
CRITICAL - 2023-04-14 23:08:09 --> Toolbar collector does not exist (Config\Views). Please check $collectors in the app/Config/Toolbar.php file.
CRITICAL - 2023-04-14 23:08:09 --> Toolbar collector does not exist (Config\Views). Please check $collectors in the app/Config/Toolbar.php file.
INFO - 2023-04-14 23:08:09 --> Session: Class initialized using 'CodeIgniter\Session\Handlers\FileHandler' driver.
CRITICAL - 2023-04-14 23:08:16 --> Toolbar collector does not exist (Config\Views). Please check $collectors in the app/Config/Toolbar.php file.
INFO - 2023-04-14 23:08:16 --> Session: Class initialized using 'CodeIgniter\Session\Handlers\FileHandler' driver.
CRITICAL - 2023-04-14 23:08:17 --> Toolbar collector does not exist (Config\Views). Please check $collectors in the app/Config/Toolbar.php file.
CRITICAL - 2023-04-14 23:08:17 --> Toolbar collector does not exist (Config\Views). Please check $collectors in the app/Config/Toolbar.php file.
CRITICAL - 2023-04-14 23:08:17 --> Toolbar collector does not exist (Config\Views). Please check $collectors in the app/Config/Toolbar.php file.
INFO - 2023-04-14 23:08:17 --> Session: Class initialized using 'CodeIgniter\Session\Handlers\FileHandler' driver.
CRITICAL - 2023-04-14 23:08:41 --> Toolbar collector does not exist (Config\Views). Please check $collectors in the app/Config/Toolbar.php file.
INFO - 2023-04-14 23:08:41 --> Session: Class initialized using 'CodeIgniter\Session\Handlers\FileHandler' driver.
CRITICAL - 2023-04-14 23:08:42 --> Toolbar collector does not exist (Config\Views). Please check $collectors in the app/Config/Toolbar.php file.
CRITICAL - 2023-04-14 23:08:42 --> Toolbar collector does not exist (Config\Views). Please check $collectors in the app/Config/Toolbar.php file.
CRITICAL - 2023-04-14 23:08:42 --> Toolbar collector does not exist (Config\Views). Please check $collectors in the app/Config/Toolbar.php file.
INFO - 2023-04-14 23:08:42 --> Session: Class initialized using 'CodeIgniter\Session\Handlers\FileHandler' driver.
CRITICAL - 2023-04-14 23:11:27 --> Toolbar collector does not exist (Config\Views). Please check $collectors in the app/Config/Toolbar.php file.
INFO - 2023-04-14 23:11:27 --> Session: Class initialized using 'CodeIgniter\Session\Handlers\FileHandler' driver.
CRITICAL - 2023-04-14 23:11:27 --> syntax error, unexpected token ";"
in APPPATH\Views\user\event.php on line 66.
 1 SYSTEMPATH\View\View.php(216): CodeIgniter\View\View->CodeIgniter\View\{closure}()
 2 SYSTEMPATH\Common.php(1184): CodeIgniter\View\View->render('user/event', [], true)
 3 APPPATH\Controllers\User.php(88): view('user/event', [...])
 4 SYSTEMPATH\CodeIgniter.php(934): App\Controllers\User->event_page()
 5 SYSTEMPATH\CodeIgniter.php(499): CodeIgniter\CodeIgniter->runController(Object(App\Controllers\User))
 6 SYSTEMPATH\CodeIgniter.php(368): CodeIgniter\CodeIgniter->handleRequest(null, Object(Config\Cache), false)
 7 FCPATH\index.php(68): CodeIgniter\CodeIgniter->run()
 8 SYSTEMPATH\Commands\Server\rewrite.php(47): require_once('FCPATH\\index.php')
CRITICAL - 2023-04-14 23:11:27 --> Toolbar collector does not exist (Config\Views). Please check $collectors in the app/Config/Toolbar.php file.
INFO - 2023-04-14 23:11:27 --> Session: Class initialized using 'CodeIgniter\Session\Handlers\FileHandler' driver.
CRITICAL - 2023-04-14 23:11:28 --> syntax error, unexpected token ";"
in APPPATH\Views\user\event.php on line 66.
 1 SYSTEMPATH\View\View.php(216): CodeIgniter\View\View->CodeIgniter\View\{closure}()
 2 SYSTEMPATH\Common.php(1184): CodeIgniter\View\View->render('user/event', [], true)
 3 APPPATH\Controllers\User.php(88): view('user/event', [...])
 4 SYSTEMPATH\CodeIgniter.php(934): App\Controllers\User->event_page()
 5 SYSTEMPATH\CodeIgniter.php(499): CodeIgniter\CodeIgniter->runController(Object(App\Controllers\User))
 6 SYSTEMPATH\CodeIgniter.php(368): CodeIgniter\CodeIgniter->handleRequest(null, Object(Config\Cache), false)
 7 FCPATH\index.php(68): CodeIgniter\CodeIgniter->run()
 8 SYSTEMPATH\Commands\Server\rewrite.php(47): require_once('FCPATH\\index.php')
CRITICAL - 2023-04-14 23:12:03 --> Toolbar collector does not exist (Config\Views). Please check $collectors in the app/Config/Toolbar.php file.
INFO - 2023-04-14 23:12:03 --> Session: Class initialized using 'CodeIgniter\Session\Handlers\FileHandler' driver.
CRITICAL - 2023-04-14 23:12:03 --> Toolbar collector does not exist (Config\Views). Please check $collectors in the app/Config/Toolbar.php file.
CRITICAL - 2023-04-14 23:12:04 --> Toolbar collector does not exist (Config\Views). Please check $collectors in the app/Config/Toolbar.php file.
CRITICAL - 2023-04-14 23:12:04 --> Toolbar collector does not exist (Config\Views). Please check $collectors in the app/Config/Toolbar.php file.
INFO - 2023-04-14 23:12:04 --> Session: Class initialized using 'CodeIgniter\Session\Handlers\FileHandler' driver.
CRITICAL - 2023-04-14 23:13:29 --> Toolbar collector does not exist (Config\Views). Please check $collectors in the app/Config/Toolbar.php file.
INFO - 2023-04-14 23:13:29 --> Session: Class initialized using 'CodeIgniter\Session\Handlers\FileHandler' driver.
CRITICAL - 2023-04-14 23:13:29 --> Toolbar collector does not exist (Config\Views). Please check $collectors in the app/Config/Toolbar.php file.
INFO - 2023-04-14 23:13:29 --> Session: Class initialized using 'CodeIgniter\Session\Handlers\FileHandler' driver.
CRITICAL - 2023-04-14 23:13:29 --> Toolbar collector does not exist (Config\Views). Please check $collectors in the app/Config/Toolbar.php file.
CRITICAL - 2023-04-14 23:13:30 --> Toolbar collector does not exist (Config\Views). Please check $collectors in the app/Config/Toolbar.php file.
CRITICAL - 2023-04-14 23:13:40 --> Toolbar collector does not exist (Config\Views). Please check $collectors in the app/Config/Toolbar.php file.
CRITICAL - 2023-04-14 23:43:13 --> Toolbar collector does not exist (Config\Views). Please check $collectors in the app/Config/Toolbar.php file.
INFO - 2023-04-14 23:43:13 --> Session: Class initialized using 'CodeIgniter\Session\Handlers\FileHandler' driver.
CRITICAL - 2023-04-14 23:43:13 --> Toolbar collector does not exist (Config\Views). Please check $collectors in the app/Config/Toolbar.php file.
CRITICAL - 2023-04-14 23:43:13 --> Toolbar collector does not exist (Config\Views). Please check $collectors in the app/Config/Toolbar.php file.
CRITICAL - 2023-04-14 23:43:13 --> Toolbar collector does not exist (Config\Views). Please check $collectors in the app/Config/Toolbar.php file.
CRITICAL - 2023-04-14 23:43:14 --> Toolbar collector does not exist (Config\Views). Please check $collectors in the app/Config/Toolbar.php file.
INFO - 2023-04-14 23:43:14 --> Session: Class initialized using 'CodeIgniter\Session\Handlers\FileHandler' driver.
CRITICAL - 2023-04-14 23:43:28 --> Toolbar collector does not exist (Config\Views). Please check $collectors in the app/Config/Toolbar.php file.
INFO - 2023-04-14 23:43:28 --> Session: Class initialized using 'CodeIgniter\Session\Handlers\FileHandler' driver.
CRITICAL - 2023-04-14 23:43:28 --> Toolbar collector does not exist (Config\Views). Please check $collectors in the app/Config/Toolbar.php file.
CRITICAL - 2023-04-14 23:43:28 --> Toolbar collector does not exist (Config\Views). Please check $collectors in the app/Config/Toolbar.php file.
CRITICAL - 2023-04-14 23:43:28 --> Toolbar collector does not exist (Config\Views). Please check $collectors in the app/Config/Toolbar.php file.
INFO - 2023-04-14 23:43:28 --> Session: Class initialized using 'CodeIgniter\Session\Handlers\FileHandler' driver.
CRITICAL - 2023-04-14 23:43:29 --> Toolbar collector does not exist (Config\Views). Please check $collectors in the app/Config/Toolbar.php file.
CRITICAL - 2023-04-14 23:44:07 --> Toolbar collector does not exist (Config\Views). Please check $collectors in the app/Config/Toolbar.php file.
