CRITICAL - 2023-02-28 05:02:04 --> Toolbar collector does not exist (Config\Views). Please check $collectors in the app/Config/Toolbar.php file.
INFO - 2023-02-28 05:02:04 --> Session: Class initialized using 'CodeIgniter\Session\Handlers\FileHandler' driver.
CRITICAL - 2023-02-28 05:02:05 --> Toolbar collector does not exist (Config\Views). Please check $collectors in the app/Config/Toolbar.php file.
INFO - 2023-02-28 05:02:05 --> Session: Class initialized using 'CodeIgniter\Session\Handlers\FileHandler' driver.
CRITICAL - 2023-02-28 05:02:05 --> Toolbar collector does not exist (Config\Views). Please check $collectors in the app/Config/Toolbar.php file.
CRITICAL - 2023-02-28 05:02:05 --> Toolbar collector does not exist (Config\Views). Please check $collectors in the app/Config/Toolbar.php file.
CRITICAL - 2023-02-28 05:02:05 --> Toolbar collector does not exist (Config\Views). Please check $collectors in the app/Config/Toolbar.php file.
CRITICAL - 2023-02-28 05:02:12 --> Toolbar collector does not exist (Config\Views). Please check $collectors in the app/Config/Toolbar.php file.
INFO - 2023-02-28 05:02:12 --> Session: Class initialized using 'CodeIgniter\Session\Handlers\FileHandler' driver.
CRITICAL - 2023-02-28 05:02:12 --> Toolbar collector does not exist (Config\Views). Please check $collectors in the app/Config/Toolbar.php file.
INFO - 2023-02-28 05:02:12 --> Session: Class initialized using 'CodeIgniter\Session\Handlers\FileHandler' driver.
CRITICAL - 2023-02-28 05:02:12 --> Toolbar collector does not exist (Config\Views). Please check $collectors in the app/Config/Toolbar.php file.
CRITICAL - 2023-02-28 05:02:13 --> Toolbar collector does not exist (Config\Views). Please check $collectors in the app/Config/Toolbar.php file.
CRITICAL - 2023-02-28 05:02:13 --> Toolbar collector does not exist (Config\Views). Please check $collectors in the app/Config/Toolbar.php file.
CRITICAL - 2023-02-28 05:02:20 --> Toolbar collector does not exist (Config\Views). Please check $collectors in the app/Config/Toolbar.php file.
INFO - 2023-02-28 05:02:20 --> Session: Class initialized using 'CodeIgniter\Session\Handlers\FileHandler' driver.
CRITICAL - 2023-02-28 05:02:20 --> Toolbar collector does not exist (Config\Views). Please check $collectors in the app/Config/Toolbar.php file.
CRITICAL - 2023-02-28 05:02:21 --> Toolbar collector does not exist (Config\Views). Please check $collectors in the app/Config/Toolbar.php file.
CRITICAL - 2023-02-28 05:02:21 --> Toolbar collector does not exist (Config\Views). Please check $collectors in the app/Config/Toolbar.php file.
CRITICAL - 2023-02-28 05:02:24 --> Toolbar collector does not exist (Config\Views). Please check $collectors in the app/Config/Toolbar.php file.
INFO - 2023-02-28 05:02:24 --> Session: Class initialized using 'CodeIgniter\Session\Handlers\FileHandler' driver.
CRITICAL - 2023-02-28 05:02:25 --> Toolbar collector does not exist (Config\Views). Please check $collectors in the app/Config/Toolbar.php file.
CRITICAL - 2023-02-28 05:02:25 --> Toolbar collector does not exist (Config\Views). Please check $collectors in the app/Config/Toolbar.php file.
CRITICAL - 2023-02-28 05:02:25 --> Toolbar collector does not exist (Config\Views). Please check $collectors in the app/Config/Toolbar.php file.
CRITICAL - 2023-02-28 05:04:31 --> Toolbar collector does not exist (Config\Views). Please check $collectors in the app/Config/Toolbar.php file.
INFO - 2023-02-28 05:04:31 --> Session: Class initialized using 'CodeIgniter\Session\Handlers\FileHandler' driver.
CRITICAL - 2023-02-28 05:04:31 --> Toolbar collector does not exist (Config\Views). Please check $collectors in the app/Config/Toolbar.php file.
CRITICAL - 2023-02-28 05:04:31 --> Toolbar collector does not exist (Config\Views). Please check $collectors in the app/Config/Toolbar.php file.
CRITICAL - 2023-02-28 05:06:29 --> Toolbar collector does not exist (Config\Views). Please check $collectors in the app/Config/Toolbar.php file.
INFO - 2023-02-28 05:06:29 --> Session: Class initialized using 'CodeIgniter\Session\Handlers\FileHandler' driver.
CRITICAL - 2023-02-28 05:06:29 --> Toolbar collector does not exist (Config\Views). Please check $collectors in the app/Config/Toolbar.php file.
CRITICAL - 2023-02-28 05:06:29 --> Toolbar collector does not exist (Config\Views). Please check $collectors in the app/Config/Toolbar.php file.
CRITICAL - 2023-02-28 05:07:33 --> Toolbar collector does not exist (Config\Views). Please check $collectors in the app/Config/Toolbar.php file.
INFO - 2023-02-28 05:07:33 --> Session: Class initialized using 'CodeIgniter\Session\Handlers\FileHandler' driver.
CRITICAL - 2023-02-28 05:07:33 --> Toolbar collector does not exist (Config\Views). Please check $collectors in the app/Config/Toolbar.php file.
CRITICAL - 2023-02-28 05:07:33 --> Toolbar collector does not exist (Config\Views). Please check $collectors in the app/Config/Toolbar.php file.
CRITICAL - 2023-02-28 05:10:05 --> Toolbar collector does not exist (Config\Views). Please check $collectors in the app/Config/Toolbar.php file.
INFO - 2023-02-28 05:10:05 --> Session: Class initialized using 'CodeIgniter\Session\Handlers\FileHandler' driver.
CRITICAL - 2023-02-28 05:10:06 --> Toolbar collector does not exist (Config\Views). Please check $collectors in the app/Config/Toolbar.php file.
CRITICAL - 2023-02-28 05:10:06 --> Toolbar collector does not exist (Config\Views). Please check $collectors in the app/Config/Toolbar.php file.
CRITICAL - 2023-02-28 05:11:56 --> Toolbar collector does not exist (Config\Views). Please check $collectors in the app/Config/Toolbar.php file.
INFO - 2023-02-28 05:11:56 --> Session: Class initialized using 'CodeIgniter\Session\Handlers\FileHandler' driver.
CRITICAL - 2023-02-28 05:11:56 --> Toolbar collector does not exist (Config\Views). Please check $collectors in the app/Config/Toolbar.php file.
CRITICAL - 2023-02-28 05:11:56 --> Toolbar collector does not exist (Config\Views). Please check $collectors in the app/Config/Toolbar.php file.
CRITICAL - 2023-02-28 05:12:14 --> Toolbar collector does not exist (Config\Views). Please check $collectors in the app/Config/Toolbar.php file.
INFO - 2023-02-28 05:12:14 --> Session: Class initialized using 'CodeIgniter\Session\Handlers\FileHandler' driver.
CRITICAL - 2023-02-28 05:12:14 --> Toolbar collector does not exist (Config\Views). Please check $collectors in the app/Config/Toolbar.php file.
CRITICAL - 2023-02-28 05:12:15 --> Toolbar collector does not exist (Config\Views). Please check $collectors in the app/Config/Toolbar.php file.
CRITICAL - 2023-02-28 05:13:13 --> Toolbar collector does not exist (Config\Views). Please check $collectors in the app/Config/Toolbar.php file.
INFO - 2023-02-28 05:13:13 --> Session: Class initialized using 'CodeIgniter\Session\Handlers\FileHandler' driver.
CRITICAL - 2023-02-28 05:13:13 --> Toolbar collector does not exist (Config\Views). Please check $collectors in the app/Config/Toolbar.php file.
CRITICAL - 2023-02-28 05:13:13 --> Toolbar collector does not exist (Config\Views). Please check $collectors in the app/Config/Toolbar.php file.
CRITICAL - 2023-02-28 05:14:19 --> Toolbar collector does not exist (Config\Views). Please check $collectors in the app/Config/Toolbar.php file.
INFO - 2023-02-28 05:14:19 --> Session: Class initialized using 'CodeIgniter\Session\Handlers\FileHandler' driver.
CRITICAL - 2023-02-28 05:14:19 --> Toolbar collector does not exist (Config\Views). Please check $collectors in the app/Config/Toolbar.php file.
CRITICAL - 2023-02-28 05:14:20 --> Toolbar collector does not exist (Config\Views). Please check $collectors in the app/Config/Toolbar.php file.
CRITICAL - 2023-02-28 05:14:58 --> Toolbar collector does not exist (Config\Views). Please check $collectors in the app/Config/Toolbar.php file.
INFO - 2023-02-28 05:14:58 --> Session: Class initialized using 'CodeIgniter\Session\Handlers\FileHandler' driver.
CRITICAL - 2023-02-28 05:14:58 --> Toolbar collector does not exist (Config\Views). Please check $collectors in the app/Config/Toolbar.php file.
CRITICAL - 2023-02-28 05:14:58 --> Toolbar collector does not exist (Config\Views). Please check $collectors in the app/Config/Toolbar.php file.
CRITICAL - 2023-02-28 05:48:19 --> Toolbar collector does not exist (Config\Views). Please check $collectors in the app/Config/Toolbar.php file.
INFO - 2023-02-28 05:48:19 --> Session: Class initialized using 'CodeIgniter\Session\Handlers\FileHandler' driver.
CRITICAL - 2023-02-28 05:48:19 --> Toolbar collector does not exist (Config\Views). Please check $collectors in the app/Config/Toolbar.php file.
CRITICAL - 2023-02-28 05:48:19 --> Toolbar collector does not exist (Config\Views). Please check $collectors in the app/Config/Toolbar.php file.
CRITICAL - 2023-02-28 05:48:28 --> Toolbar collector does not exist (Config\Views). Please check $collectors in the app/Config/Toolbar.php file.
CRITICAL - 2023-02-28 05:52:38 --> Toolbar collector does not exist (Config\Views). Please check $collectors in the app/Config/Toolbar.php file.
INFO - 2023-02-28 05:52:38 --> Session: Class initialized using 'CodeIgniter\Session\Handlers\FileHandler' driver.
CRITICAL - 2023-02-28 05:52:38 --> Undefined property: App\Controllers\Organizer::$input
in APPPATH\Controllers\Organizer.php on line 44.
 1 APPPATH\Controllers\Organizer.php(44): CodeIgniter\Debug\Exceptions->errorHandler(2, 'Undefined property: App\\Controllers\\Organizer::$input', 'APPPATH\\Controllers\\Organizer.php', 44)
 2 SYSTEMPATH\CodeIgniter.php(934): App\Controllers\Organizer->save_event()
 3 SYSTEMPATH\CodeIgniter.php(499): CodeIgniter\CodeIgniter->runController(Object(App\Controllers\Organizer))
 4 SYSTEMPATH\CodeIgniter.php(368): CodeIgniter\CodeIgniter->handleRequest(null, Object(Config\Cache), false)
 5 FCPATH\index.php(67): CodeIgniter\CodeIgniter->run()
 6 SYSTEMPATH\Commands\Server\rewrite.php(47): require_once('FCPATH\\index.php')
CRITICAL - 2023-02-28 05:53:01 --> Toolbar collector does not exist (Config\Views). Please check $collectors in the app/Config/Toolbar.php file.
INFO - 2023-02-28 05:53:01 --> Session: Class initialized using 'CodeIgniter\Session\Handlers\FileHandler' driver.
CRITICAL - 2023-02-28 05:53:01 --> Toolbar collector does not exist (Config\Views). Please check $collectors in the app/Config/Toolbar.php file.
CRITICAL - 2023-02-28 05:53:01 --> Toolbar collector does not exist (Config\Views). Please check $collectors in the app/Config/Toolbar.php file.
CRITICAL - 2023-02-28 05:54:07 --> Toolbar collector does not exist (Config\Views). Please check $collectors in the app/Config/Toolbar.php file.
INFO - 2023-02-28 05:54:07 --> Session: Class initialized using 'CodeIgniter\Session\Handlers\FileHandler' driver.
CRITICAL - 2023-02-28 05:54:07 --> Class "App\Models\EventModel" not found
in APPPATH\Controllers\Organizer.php on line 48.
 1 SYSTEMPATH\CodeIgniter.php(934): App\Controllers\Organizer->save_event()
 2 SYSTEMPATH\CodeIgniter.php(499): CodeIgniter\CodeIgniter->runController(Object(App\Controllers\Organizer))
 3 SYSTEMPATH\CodeIgniter.php(368): CodeIgniter\CodeIgniter->handleRequest(null, Object(Config\Cache), false)
 4 FCPATH\index.php(67): CodeIgniter\CodeIgniter->run()
 5 SYSTEMPATH\Commands\Server\rewrite.php(47): require_once('FCPATH\\index.php')
CRITICAL - 2023-02-28 05:55:19 --> Toolbar collector does not exist (Config\Views). Please check $collectors in the app/Config/Toolbar.php file.
INFO - 2023-02-28 05:55:19 --> Session: Class initialized using 'CodeIgniter\Session\Handlers\FileHandler' driver.
CRITICAL - 2023-02-28 05:55:19 --> Toolbar collector does not exist (Config\Views). Please check $collectors in the app/Config/Toolbar.php file.
CRITICAL - 2023-02-28 05:55:19 --> Toolbar collector does not exist (Config\Views). Please check $collectors in the app/Config/Toolbar.php file.
CRITICAL - 2023-02-28 05:56:28 --> Toolbar collector does not exist (Config\Views). Please check $collectors in the app/Config/Toolbar.php file.
INFO - 2023-02-28 05:56:28 --> Session: Class initialized using 'CodeIgniter\Session\Handlers\FileHandler' driver.
CRITICAL - 2023-02-28 05:56:29 --> Toolbar collector does not exist (Config\Views). Please check $collectors in the app/Config/Toolbar.php file.
CRITICAL - 2023-02-28 05:56:30 --> Toolbar collector does not exist (Config\Views). Please check $collectors in the app/Config/Toolbar.php file.
INFO - 2023-02-28 05:56:30 --> Session: Class initialized using 'CodeIgniter\Session\Handlers\FileHandler' driver.
CRITICAL - 2023-02-28 05:56:31 --> Toolbar collector does not exist (Config\Views). Please check $collectors in the app/Config/Toolbar.php file.
CRITICAL - 2023-02-28 05:56:31 --> Toolbar collector does not exist (Config\Views). Please check $collectors in the app/Config/Toolbar.php file.
CRITICAL - 2023-02-28 05:56:59 --> Toolbar collector does not exist (Config\Views). Please check $collectors in the app/Config/Toolbar.php file.
INFO - 2023-02-28 05:56:59 --> Session: Class initialized using 'CodeIgniter\Session\Handlers\FileHandler' driver.
CRITICAL - 2023-02-28 05:56:59 --> Toolbar collector does not exist (Config\Views). Please check $collectors in the app/Config/Toolbar.php file.
CRITICAL - 2023-02-28 05:56:59 --> Toolbar collector does not exist (Config\Views). Please check $collectors in the app/Config/Toolbar.php file.
CRITICAL - 2023-02-28 05:57:13 --> Toolbar collector does not exist (Config\Views). Please check $collectors in the app/Config/Toolbar.php file.
INFO - 2023-02-28 05:57:13 --> Session: Class initialized using 'CodeIgniter\Session\Handlers\FileHandler' driver.
CRITICAL - 2023-02-28 05:57:14 --> Toolbar collector does not exist (Config\Views). Please check $collectors in the app/Config/Toolbar.php file.
CRITICAL - 2023-02-28 05:57:25 --> Toolbar collector does not exist (Config\Views). Please check $collectors in the app/Config/Toolbar.php file.
INFO - 2023-02-28 05:57:25 --> Session: Class initialized using 'CodeIgniter\Session\Handlers\FileHandler' driver.
CRITICAL - 2023-02-28 05:57:25 --> Toolbar collector does not exist (Config\Views). Please check $collectors in the app/Config/Toolbar.php file.
CRITICAL - 2023-02-28 05:57:25 --> Toolbar collector does not exist (Config\Views). Please check $collectors in the app/Config/Toolbar.php file.
CRITICAL - 2023-02-28 05:59:03 --> Toolbar collector does not exist (Config\Views). Please check $collectors in the app/Config/Toolbar.php file.
INFO - 2023-02-28 05:59:03 --> Session: Class initialized using 'CodeIgniter\Session\Handlers\FileHandler' driver.
CRITICAL - 2023-02-28 05:59:04 --> Toolbar collector does not exist (Config\Views). Please check $collectors in the app/Config/Toolbar.php file.
INFO - 2023-02-28 05:59:04 --> Session: Class initialized using 'CodeIgniter\Session\Handlers\FileHandler' driver.
CRITICAL - 2023-02-28 05:59:04 --> Toolbar collector does not exist (Config\Views). Please check $collectors in the app/Config/Toolbar.php file.
CRITICAL - 2023-02-28 05:59:04 --> Toolbar collector does not exist (Config\Views). Please check $collectors in the app/Config/Toolbar.php file.
CRITICAL - 2023-02-28 06:00:19 --> Toolbar collector does not exist (Config\Views). Please check $collectors in the app/Config/Toolbar.php file.
INFO - 2023-02-28 06:00:19 --> Session: Class initialized using 'CodeIgniter\Session\Handlers\FileHandler' driver.
CRITICAL - 2023-02-28 06:00:51 --> Toolbar collector does not exist (Config\Views). Please check $collectors in the app/Config/Toolbar.php file.
INFO - 2023-02-28 06:00:51 --> Session: Class initialized using 'CodeIgniter\Session\Handlers\FileHandler' driver.
CRITICAL - 2023-02-28 06:00:51 --> Toolbar collector does not exist (Config\Views). Please check $collectors in the app/Config/Toolbar.php file.
CRITICAL - 2023-02-28 06:00:51 --> Toolbar collector does not exist (Config\Views). Please check $collectors in the app/Config/Toolbar.php file.
CRITICAL - 2023-02-28 06:02:55 --> Toolbar collector does not exist (Config\Views). Please check $collectors in the app/Config/Toolbar.php file.
INFO - 2023-02-28 06:02:55 --> Session: Class initialized using 'CodeIgniter\Session\Handlers\FileHandler' driver.
CRITICAL - 2023-02-28 06:02:55 --> Toolbar collector does not exist (Config\Views). Please check $collectors in the app/Config/Toolbar.php file.
CRITICAL - 2023-02-28 06:02:55 --> Toolbar collector does not exist (Config\Views). Please check $collectors in the app/Config/Toolbar.php file.
CRITICAL - 2023-02-28 06:04:12 --> Toolbar collector does not exist (Config\Views). Please check $collectors in the app/Config/Toolbar.php file.
INFO - 2023-02-28 06:04:13 --> Session: Class initialized using 'CodeIgniter\Session\Handlers\FileHandler' driver.
CRITICAL - 2023-02-28 06:04:13 --> Toolbar collector does not exist (Config\Views). Please check $collectors in the app/Config/Toolbar.php file.
CRITICAL - 2023-02-28 06:04:13 --> Toolbar collector does not exist (Config\Views). Please check $collectors in the app/Config/Toolbar.php file.
CRITICAL - 2023-02-28 06:04:29 --> Toolbar collector does not exist (Config\Views). Please check $collectors in the app/Config/Toolbar.php file.
INFO - 2023-02-28 06:04:29 --> Session: Class initialized using 'CodeIgniter\Session\Handlers\FileHandler' driver.
CRITICAL - 2023-02-28 06:04:30 --> Toolbar collector does not exist (Config\Views). Please check $collectors in the app/Config/Toolbar.php file.
CRITICAL - 2023-02-28 06:04:30 --> Toolbar collector does not exist (Config\Views). Please check $collectors in the app/Config/Toolbar.php file.
CRITICAL - 2023-02-28 06:04:44 --> Toolbar collector does not exist (Config\Views). Please check $collectors in the app/Config/Toolbar.php file.
INFO - 2023-02-28 06:04:44 --> Session: Class initialized using 'CodeIgniter\Session\Handlers\FileHandler' driver.
CRITICAL - 2023-02-28 06:04:44 --> Toolbar collector does not exist (Config\Views). Please check $collectors in the app/Config/Toolbar.php file.
CRITICAL - 2023-02-28 06:04:45 --> Toolbar collector does not exist (Config\Views). Please check $collectors in the app/Config/Toolbar.php file.
CRITICAL - 2023-02-28 06:04:52 --> Toolbar collector does not exist (Config\Views). Please check $collectors in the app/Config/Toolbar.php file.
INFO - 2023-02-28 06:04:52 --> Session: Class initialized using 'CodeIgniter\Session\Handlers\FileHandler' driver.
CRITICAL - 2023-02-28 06:04:52 --> Toolbar collector does not exist (Config\Views). Please check $collectors in the app/Config/Toolbar.php file.
CRITICAL - 2023-02-28 06:04:53 --> Toolbar collector does not exist (Config\Views). Please check $collectors in the app/Config/Toolbar.php file.
CRITICAL - 2023-02-28 06:05:49 --> Toolbar collector does not exist (Config\Views). Please check $collectors in the app/Config/Toolbar.php file.
INFO - 2023-02-28 06:05:49 --> Session: Class initialized using 'CodeIgniter\Session\Handlers\FileHandler' driver.
CRITICAL - 2023-02-28 06:05:49 --> Toolbar collector does not exist (Config\Views). Please check $collectors in the app/Config/Toolbar.php file.
CRITICAL - 2023-02-28 06:05:49 --> Toolbar collector does not exist (Config\Views). Please check $collectors in the app/Config/Toolbar.php file.
CRITICAL - 2023-02-28 06:07:37 --> Toolbar collector does not exist (Config\Views). Please check $collectors in the app/Config/Toolbar.php file.
INFO - 2023-02-28 06:07:37 --> Session: Class initialized using 'CodeIgniter\Session\Handlers\FileHandler' driver.
CRITICAL - 2023-02-28 06:07:37 --> Toolbar collector does not exist (Config\Views). Please check $collectors in the app/Config/Toolbar.php file.
CRITICAL - 2023-02-28 06:07:37 --> Toolbar collector does not exist (Config\Views). Please check $collectors in the app/Config/Toolbar.php file.
CRITICAL - 2023-02-28 06:07:43 --> Toolbar collector does not exist (Config\Views). Please check $collectors in the app/Config/Toolbar.php file.
CRITICAL - 2023-02-28 06:07:58 --> Toolbar collector does not exist (Config\Views). Please check $collectors in the app/Config/Toolbar.php file.
INFO - 2023-02-28 06:07:58 --> Session: Class initialized using 'CodeIgniter\Session\Handlers\FileHandler' driver.
CRITICAL - 2023-02-28 06:07:58 --> Call to a member function delete() on array
in APPPATH\Controllers\Organizer.php on line 66.
 1 SYSTEMPATH\CodeIgniter.php(934): App\Controllers\Organizer->delete_event()
 2 SYSTEMPATH\CodeIgniter.php(499): CodeIgniter\CodeIgniter->runController(Object(App\Controllers\Organizer))
 3 SYSTEMPATH\CodeIgniter.php(368): CodeIgniter\CodeIgniter->handleRequest(null, Object(Config\Cache), false)
 4 FCPATH\index.php(67): CodeIgniter\CodeIgniter->run()
 5 SYSTEMPATH\Commands\Server\rewrite.php(47): require_once('FCPATH\\index.php')
CRITICAL - 2023-02-28 06:08:58 --> Toolbar collector does not exist (Config\Views). Please check $collectors in the app/Config/Toolbar.php file.
INFO - 2023-02-28 06:08:58 --> Session: Class initialized using 'CodeIgniter\Session\Handlers\FileHandler' driver.
CRITICAL - 2023-02-28 06:08:58 --> Toolbar collector does not exist (Config\Views). Please check $collectors in the app/Config/Toolbar.php file.
INFO - 2023-02-28 06:08:58 --> Session: Class initialized using 'CodeIgniter\Session\Handlers\FileHandler' driver.
CRITICAL - 2023-02-28 06:08:58 --> Toolbar collector does not exist (Config\Views). Please check $collectors in the app/Config/Toolbar.php file.
CRITICAL - 2023-02-28 06:08:59 --> Toolbar collector does not exist (Config\Views). Please check $collectors in the app/Config/Toolbar.php file.
CRITICAL - 2023-02-28 06:09:01 --> Toolbar collector does not exist (Config\Views). Please check $collectors in the app/Config/Toolbar.php file.
INFO - 2023-02-28 06:09:01 --> Session: Class initialized using 'CodeIgniter\Session\Handlers\FileHandler' driver.
CRITICAL - 2023-02-28 06:09:02 --> Toolbar collector does not exist (Config\Views). Please check $collectors in the app/Config/Toolbar.php file.
INFO - 2023-02-28 06:09:02 --> Session: Class initialized using 'CodeIgniter\Session\Handlers\FileHandler' driver.
CRITICAL - 2023-02-28 06:09:02 --> Toolbar collector does not exist (Config\Views). Please check $collectors in the app/Config/Toolbar.php file.
CRITICAL - 2023-02-28 06:09:02 --> Toolbar collector does not exist (Config\Views). Please check $collectors in the app/Config/Toolbar.php file.
